2024-04-21 08:46:36 Loading main app package /usr/lib/obsidian/obsidian.asar
2024-04-21 08:46:36 Checking for update using Github
2024-04-21 08:46:37 Success.
2024-04-21 08:46:37 Latest version is 1.5.12
2024-04-21 08:46:37 App is up to date.
2024-04-21 09:23:13 Loading main app package /usr/lib/obsidian/obsidian.asar
2024-04-21 09:23:13 Checking for update using Github
2024-04-21 09:23:13 Success.
2024-04-21 09:23:13 Latest version is 1.5.12
2024-04-21 09:23:13 App is up to date.
2024-04-21 22:41:15 Loading main app package /usr/lib/obsidian/obsidian.asar
2024-04-21 22:41:16 Checking for update using Github
2024-04-21 22:41:16 Success.
2024-04-21 22:41:16 Latest version is 1.5.12
2024-04-21 22:41:16 App is up to date.
2024-04-21 22:41:51 Loading main app package /usr/lib/obsidian/obsidian.asar
2024-04-21 22:41:51 Checking for update using Github
2024-04-21 22:41:51 Success.
2024-04-21 22:41:51 Latest version is 1.5.12
2024-04-21 22:41:51 App is up to date.
2024-04-22 04:58:43 Loading main app package /usr/lib/obsidian/obsidian.asar
2024-04-22 04:58:43 Checking for update using Github
2024-04-22 04:58:43 Success.
2024-04-22 04:58:43 Latest version is 1.5.12
2024-04-22 04:58:43 App is up to date.
2024-04-22 05:00:28 Loading main app package /usr/lib/obsidian/obsidian.asar
2024-04-22 05:00:28 Checking for update using Github
2024-04-22 05:00:28 Success.
2024-04-22 05:00:28 Latest version is 1.5.12
2024-04-22 05:00:28 App is up to date.
2024-04-22 05:20:31 Loading main app package /usr/lib/obsidian/obsidian.asar
2024-04-22 05:20:31 Checking for update using Github
2024-04-22 05:20:31 Success.
2024-04-22 05:20:31 Latest version is 1.5.12
2024-04-22 05:20:31 App is up to date.
2024-04-22 05:27:09 Loading main app package /usr/lib/obsidian/obsidian.asar
2024-04-22 05:27:09 Checking for update using Github
2024-04-22 05:27:09 Success.
2024-04-22 05:27:09 Latest version is 1.5.12
2024-04-22 05:27:09 App is up to date.
2024-04-22 05:29:31 Loading main app package /usr/lib/obsidian/obsidian.asar
2024-04-22 05:29:31 Checking for update using Github
2024-04-22 05:29:31 Success.
2024-04-22 05:29:31 Latest version is 1.5.12
2024-04-22 05:29:31 App is up to date.
2024-04-22 05:37:21 Loading main app package /usr/lib/obsidian/obsidian.asar
2024-04-22 05:37:21 Checking for update using Github
2024-04-22 05:37:21 Success.
2024-04-22 05:37:21 Latest version is 1.5.12
2024-04-22 05:37:21 App is up to date.
2024-04-22 06:37:21 Checking for update using Github
2024-04-22 06:37:21 Success.
2024-04-22 06:37:21 Latest version is 1.5.12
2024-04-22 06:37:21 App is up to date.
2024-04-22 07:11:52 Loading main app package /usr/lib/obsidian/obsidian.asar
2024-04-22 07:11:52 Checking for update using Github
2024-04-22 07:11:52 Success.
2024-04-22 07:11:52 Latest version is 1.5.12
2024-04-22 07:11:52 App is up to date.
2024-04-22 21:48:53 Loading main app package /usr/lib/obsidian/obsidian.asar
2024-04-22 21:48:54 Checking for update using Github
2024-04-22 21:48:54 Success.
2024-04-22 21:48:54 Latest version is 1.5.12
2024-04-22 21:48:54 App is up to date.
2024-04-22 21:54:55 Loading main app package /usr/lib/obsidian/obsidian.asar
2024-04-22 21:54:55 Checking for update using Github
2024-04-22 21:54:56 Success.
2024-04-22 21:54:56 Latest version is 1.5.12
2024-04-22 21:54:56 App is up to date.
2024-04-22 21:57:12 Loading main app package /usr/lib/obsidian/obsidian.asar
2024-04-22 21:57:13 Checking for update using Github
2024-04-22 21:57:13 Success.
2024-04-22 21:57:13 Latest version is 1.5.12
2024-04-22 21:57:13 App is up to date.
2024-04-22 21:58:11 Loading main app package /usr/lib/obsidian/obsidian.asar
2024-04-22 21:58:11 Checking for update using Github
2024-04-22 21:58:11 Success.
2024-04-22 21:58:11 Latest version is 1.5.12
2024-04-22 21:58:11 App is up to date.
2024-04-22 22:58:11 Checking for update using Github
2024-04-22 22:58:11 Success.
2024-04-22 22:58:11 Latest version is 1.5.12
2024-04-22 22:58:11 App is up to date.
2024-04-22 23:58:11 Checking for update using Github
2024-04-22 23:58:12 Success.
2024-04-22 23:58:12 Latest version is 1.5.12
2024-04-22 23:58:12 App is up to date.
2024-04-23 00:58:12 Checking for update using Github
2024-04-23 00:58:12 Success.
2024-04-23 00:58:12 Latest version is 1.5.12
2024-04-23 00:58:12 App is up to date.
2024-04-23 01:58:12 Checking for update using Github
2024-04-23 01:58:12 Success.
2024-04-23 01:58:12 Latest version is 1.5.12
2024-04-23 01:58:12 App is up to date.
2024-04-23 02:58:12 Checking for update using Github
2024-04-23 02:58:12 Success.
2024-04-23 02:58:12 Latest version is 1.5.12
2024-04-23 02:58:12 App is up to date.
2024-04-23 03:58:12 Checking for update using Github
2024-04-23 03:58:12 Success.
2024-04-23 03:58:12 Latest version is 1.5.12
2024-04-23 03:58:12 App is up to date.
2024-04-23 04:58:12 Checking for update using Github
2024-04-23 04:58:12 Success.
2024-04-23 04:58:12 Latest version is 1.5.12
2024-04-23 04:58:12 App is up to date.
2024-04-23 05:58:12 Checking for update using Github
2024-04-23 05:58:12 Success.
2024-04-23 05:58:12 Latest version is 1.5.12
2024-04-23 05:58:12 App is up to date.
2024-04-23 06:10:25 Loading main app package /usr/lib/obsidian/obsidian.asar
2024-04-23 06:10:25 Checking for update using Github
2024-04-23 06:10:26 Success.
2024-04-23 06:10:26 Latest version is 1.5.12
2024-04-23 06:10:26 App is up to date.
2024-04-23 06:55:39 Loading main app package /usr/lib/obsidian/obsidian.asar
2024-04-23 06:55:39 Checking for update using Github
2024-04-23 06:55:39 Success.
2024-04-23 06:55:39 Latest version is 1.5.12
2024-04-23 06:55:39 App is up to date.
2024-04-23 21:40:47 Loading main app package /usr/lib/obsidian/obsidian.asar
2024-04-23 21:40:47 Checking for update using Github
2024-04-23 21:40:47 Success.
2024-04-23 21:40:47 Latest version is 1.5.12
2024-04-23 21:40:47 App is up to date.
2024-04-24 14:19:47 Loading main app package /usr/lib/obsidian/obsidian.asar
2024-04-24 14:19:47 Checking for update using Github
2024-04-24 14:19:48 Success.
2024-04-24 14:19:48 Latest version is 1.5.12
2024-04-24 14:19:48 App is up to date.
2024-04-24 15:19:47 Checking for update using Github
2024-04-24 15:19:47 Success.
2024-04-24 15:19:47 Latest version is 1.5.12
2024-04-24 15:19:47 App is up to date.
2024-04-24 16:17:00 Loading main app package /usr/lib/obsidian/obsidian.asar
2024-04-24 16:17:00 Checking for update using Github
2024-04-24 16:17:00 Success.
2024-04-24 16:17:00 Latest version is 1.5.12
2024-04-24 16:17:00 App is up to date.
2024-04-24 17:17:00 Checking for update using Github
2024-04-24 17:17:00 Success.
2024-04-24 17:17:00 Latest version is 1.5.12
2024-04-24 17:17:00 App is up to date.
2024-04-24 17:28:57 Loading main app package /usr/lib/obsidian/obsidian.asar
2024-04-24 17:28:57 Checking for update using Github
2024-04-24 17:28:57 Success.
2024-04-24 17:28:57 Latest version is 1.5.12
2024-04-24 17:28:57 App is up to date.
2024-04-24 18:28:57 Checking for update using Github
2024-04-24 18:28:57 Success.
2024-04-24 18:28:57 Latest version is 1.5.12
2024-04-24 18:28:57 App is up to date.
2024-04-24 19:01:40 Loading main app package /usr/lib/obsidian/obsidian.asar
2024-04-24 19:01:40 Checking for update using Github
2024-04-24 19:01:40 Success.
2024-04-24 19:01:40 Latest version is 1.5.12
2024-04-24 19:01:40 App is up to date.
2024-04-24 20:01:40 Checking for update using Github
2024-04-24 20:01:40 Success.
2024-04-24 20:01:40 Latest version is 1.5.12
2024-04-24 20:01:40 App is up to date.
2024-04-24 21:01:40 Checking for update using Github
2024-04-24 21:01:40 Success.
2024-04-24 21:01:40 Latest version is 1.5.12
2024-04-24 21:01:40 App is up to date.
2024-04-24 21:10:29 Loading main app package /usr/lib/obsidian/obsidian.asar
2024-04-24 21:10:29 Checking for update using Github
2024-04-24 21:10:29 Success.
2024-04-24 21:10:29 Latest version is 1.5.12
2024-04-24 21:10:29 App is up to date.
2024-04-24 21:54:42 Loading main app package /usr/lib/obsidian/obsidian.asar
2024-04-24 21:54:42 Checking for update using Github
2024-04-24 21:54:42 Success.
2024-04-24 21:54:42 Latest version is 1.5.12
2024-04-24 21:54:42 App is up to date.
2024-04-24 22:54:42 Checking for update using Github
2024-04-24 22:54:42 Success.
2024-04-24 22:54:42 Latest version is 1.5.12
2024-04-24 22:54:42 App is up to date.
2024-04-24 23:54:42 Checking for update using Github
2024-04-24 23:54:42 Success.
2024-04-24 23:54:42 Latest version is 1.5.12
2024-04-24 23:54:42 App is up to date.
2024-04-25 00:54:42 Checking for update using Github
2024-04-25 00:54:42 Success.
2024-04-25 00:54:42 Latest version is 1.5.12
2024-04-25 00:54:42 App is up to date.
2024-04-25 01:54:42 Checking for update using Github
2024-04-25 01:54:42 Success.
2024-04-25 01:54:42 Latest version is 1.5.12
2024-04-25 01:54:42 App is up to date.
2024-04-25 02:54:42 Checking for update using Github
2024-04-25 02:54:42 Success.
2024-04-25 02:54:42 Latest version is 1.5.12
2024-04-25 02:54:42 App is up to date.
2024-04-25 03:54:42 Checking for update using Github
2024-04-25 03:54:42 Success.
2024-04-25 03:54:42 Latest version is 1.5.12
2024-04-25 03:54:42 App is up to date.
2024-04-25 04:07:15 Loading main app package /usr/lib/obsidian/obsidian.asar
2024-04-25 04:07:15 Checking for update using Github
2024-04-25 04:07:15 Success.
2024-04-25 04:07:15 Latest version is 1.5.12
2024-04-25 04:07:15 App is up to date.
2024-04-25 04:13:07 Loading main app package /usr/lib/obsidian/obsidian.asar
2024-04-25 04:13:07 Checking for update using Github
2024-04-25 04:13:07 Success.
2024-04-25 04:13:07 Latest version is 1.5.12
2024-04-25 04:13:07 App is up to date.
2024-04-25 04:41:31 Loading main app package /usr/lib/obsidian/obsidian.asar
2024-04-25 04:41:32 Checking for update using Github
2024-04-25 04:41:32 Success.
2024-04-25 04:41:32 Latest version is 1.5.12
2024-04-25 04:41:32 App is up to date.
2024-04-25 04:42:12 Loading main app package /usr/lib/obsidian/obsidian.asar
2024-04-25 04:42:12 Checking for update using Github
2024-04-25 04:42:12 Success.
2024-04-25 04:42:12 Latest version is 1.5.12
2024-04-25 04:42:12 App is up to date.
2024-04-25 21:46:35 Loading main app package /usr/lib/obsidian/obsidian.asar
2024-04-25 21:46:36 Checking for update using Github
2024-04-25 21:46:36 Success.
2024-04-25 21:46:36 Latest version is 1.5.12
2024-04-25 21:46:36 App is up to date.
2024-04-25 21:48:39 Loading main app package /usr/lib/obsidian/obsidian.asar
2024-04-25 21:48:39 Checking for update using Github
2024-04-25 21:48:39 Success.
2024-04-25 21:48:39 Latest version is 1.5.12
2024-04-25 21:48:39 App is up to date.
2024-04-25 22:48:43 Loading main app package /usr/lib/obsidian/obsidian.asar
2024-04-25 22:48:43 Checking for update using Github
2024-04-25 22:48:43 Success.
2024-04-25 22:48:43 Latest version is 1.5.12
2024-04-25 22:48:43 App is up to date.
2024-04-25 23:48:43 Checking for update using Github
2024-04-25 23:48:43 Success.
2024-04-25 23:48:43 Latest version is 1.5.12
2024-04-25 23:48:43 App is up to date.
2024-04-26 00:48:43 Checking for update using Github
2024-04-26 00:48:43 Success.
2024-04-26 00:48:43 Latest version is 1.5.12
2024-04-26 00:48:43 App is up to date.
2024-04-26 01:48:43 Checking for update using Github
2024-04-26 01:48:43 Success.
2024-04-26 01:48:43 Latest version is 1.5.12
2024-04-26 01:48:43 App is up to date.
2024-04-26 03:07:33 Checking for update using Github
2024-04-26 03:07:33 Success.
2024-04-26 03:07:33 Latest version is 1.5.12
2024-04-26 03:07:33 App is up to date.
2024-04-26 04:58:58 Loading main app package /usr/lib/obsidian/obsidian.asar
2024-04-26 04:58:58 Checking for update using Github
2024-04-26 04:58:59 Success.
2024-04-26 04:58:59 Latest version is 1.5.12
2024-04-26 04:58:59 App is up to date.
2024-04-26 05:01:17 Loading main app package /usr/lib/obsidian/obsidian.asar
2024-04-26 05:01:17 Checking for update using Github
2024-04-26 05:01:17 Success.
2024-04-26 05:01:17 Latest version is 1.5.12
2024-04-26 05:01:17 App is up to date.
2024-04-26 05:01:34 Loading main app package /usr/lib/obsidian/obsidian.asar
2024-04-26 05:01:34 Checking for update using Github
2024-04-26 05:01:34 Success.
2024-04-26 05:01:34 Latest version is 1.5.12
2024-04-26 05:01:34 App is up to date.
2024-04-26 14:30:11 Loading main app package /usr/lib/obsidian/obsidian.asar
2024-04-26 14:30:11 Checking for update using Github
2024-04-26 14:30:11 Success.
2024-04-26 14:30:11 Latest version is 1.5.12
2024-04-26 14:30:11 App is up to date.
2024-04-26 15:30:10 Checking for update using Github
2024-04-26 15:30:10 Success.
2024-04-26 15:30:10 Latest version is 1.5.12
2024-04-26 15:30:10 App is up to date.
2024-04-26 15:51:59 Loading main app package /usr/lib/obsidian/obsidian.asar
2024-04-26 15:51:59 Checking for update using Github
2024-04-26 15:51:59 Success.
2024-04-26 15:51:59 Latest version is 1.5.12
2024-04-26 15:51:59 App is up to date.
2024-04-26 16:48:19 Loading main app package /usr/lib/obsidian/obsidian.asar
2024-04-26 16:48:20 Checking for update using Github
2024-04-26 16:48:20 Success.
2024-04-26 16:48:20 Latest version is 1.5.12
2024-04-26 16:48:20 App is up to date.
2024-04-26 17:48:19 Checking for update using Github
2024-04-26 17:48:20 Success.
2024-04-26 17:48:20 Latest version is 1.5.12
2024-04-26 17:48:20 App is up to date.
2024-04-26 18:00:26 Loading main app package /usr/lib/obsidian/obsidian.asar
2024-04-26 18:00:27 Checking for update using Github
2024-04-26 18:00:27 Success.
2024-04-26 18:00:27 Latest version is 1.5.12
2024-04-26 18:00:27 App is up to date.
2024-04-26 18:01:13 Loading main app package /usr/lib/obsidian/obsidian.asar
2024-04-26 18:01:14 Checking for update using Github
2024-04-26 18:01:14 Success.
2024-04-26 18:01:14 Latest version is 1.5.12
2024-04-26 18:01:14 App is up to date.
2024-04-26 18:16:06 Loading main app package /usr/lib/obsidian/obsidian.asar
2024-04-26 18:16:06 Checking for update using Github
2024-04-26 18:16:06 Failed to check for update using Github (net::ERR_INTERNET_DISCONNECTED)
2024-04-26 18:16:06 Checking for update using obsidian.md
2024-04-26 18:16:06 Failed to check for update using obsidian.md (net::ERR_INTERNET_DISCONNECTED)
2024-04-26 18:23:10 Loading main app package /usr/lib/obsidian/obsidian.asar
2024-04-26 18:23:10 Checking for update using Github
2024-04-26 18:23:10 Success.
2024-04-26 18:23:10 Latest version is 1.5.12
2024-04-26 18:23:10 App is up to date.
2024-04-26 19:16:46 Loading main app package /usr/lib/obsidian/obsidian.asar
2024-04-26 19:16:46 Checking for update using Github
2024-04-26 19:16:46 Failed to check for update using Github (net::ERR_INTERNET_DISCONNECTED)
2024-04-26 19:16:46 Checking for update using obsidian.md
2024-04-26 19:16:46 Failed to check for update using obsidian.md (net::ERR_INTERNET_DISCONNECTED)
2024-04-26 20:24:24 Loading main app package /usr/lib/obsidian/obsidian.asar
2024-04-26 20:24:24 Checking for update using Github
2024-04-26 20:24:24 Success.
2024-04-26 20:24:24 Latest version is 1.5.12
2024-04-26 20:24:24 App is up to date.
2024-04-26 20:34:41 Loading main app package /usr/lib/obsidian/obsidian.asar
2024-04-26 20:34:41 Checking for update using Github
2024-04-26 20:34:41 Failed to check for update using Github (net::ERR_INTERNET_DISCONNECTED)
2024-04-26 20:34:42 Checking for update using obsidian.md
2024-04-26 20:34:42 Failed to check for update using obsidian.md (net::ERR_INTERNET_DISCONNECTED)
2024-04-26 20:37:44 Loading main app package /usr/lib/obsidian/obsidian.asar
2024-04-26 20:37:45 Checking for update using Github
2024-04-26 20:37:45 Failed to check for update using Github (net::ERR_INTERNET_DISCONNECTED)
2024-04-26 20:37:45 Checking for update using obsidian.md
2024-04-26 20:37:45 Failed to check for update using obsidian.md (net::ERR_INTERNET_DISCONNECTED)
2024-04-26 21:37:45 Checking for update using Github
2024-04-26 21:37:46 Success.
2024-04-26 21:37:46 Latest version is 1.5.12
2024-04-26 21:37:46 App is up to date.
2024-04-26 22:37:45 Checking for update using Github
2024-04-26 22:37:46 Success.
2024-04-26 22:37:46 Latest version is 1.5.12
2024-04-26 22:37:46 App is up to date.
2024-04-26 23:37:46 Checking for update using Github
2024-04-26 23:37:46 Success.
2024-04-26 23:37:46 Latest version is 1.5.12
2024-04-26 23:37:46 App is up to date.
2024-04-27 00:08:11 Loading main app package /usr/lib/obsidian/obsidian.asar
2024-04-27 00:08:11 Checking for update using Github
2024-04-27 00:08:11 Failed to check for update using Github (net::ERR_INTERNET_DISCONNECTED)
2024-04-27 00:08:11 Checking for update using obsidian.md
2024-04-27 00:08:11 Failed to check for update using obsidian.md (net::ERR_INTERNET_DISCONNECTED)
2024-04-27 00:31:18 Loading main app package /usr/lib/obsidian/obsidian.asar
2024-04-27 00:31:18 Checking for update using Github
2024-04-27 00:31:18 Success.
2024-04-27 00:31:18 Latest version is 1.5.12
2024-04-27 00:31:18 App is up to date.
2024-04-27 01:31:18 Checking for update using Github
2024-04-27 01:31:18 Success.
2024-04-27 01:31:18 Latest version is 1.5.12
2024-04-27 01:31:18 App is up to date.
2024-04-27 02:31:18 Checking for update using Github
2024-04-27 02:31:18 Success.
2024-04-27 02:31:18 Latest version is 1.5.12
2024-04-27 02:31:18 App is up to date.
2024-04-27 03:31:18 Checking for update using Github
2024-04-27 03:31:18 Success.
2024-04-27 03:31:18 Latest version is 1.5.12
2024-04-27 03:31:18 App is up to date.
2024-04-27 04:31:18 Checking for update using Github
2024-04-27 04:31:19 Success.
2024-04-27 04:31:19 Latest version is 1.5.12
2024-04-27 04:31:19 App is up to date.
2024-04-27 05:04:59 Loading main app package /usr/lib/obsidian/obsidian.asar
2024-04-27 05:05:00 Checking for update using Github
2024-04-27 05:05:00 Failed to check for update using Github (net::ERR_INTERNET_DISCONNECTED)
2024-04-27 05:05:00 Checking for update using obsidian.md
2024-04-27 05:05:00 Failed to check for update using obsidian.md (net::ERR_INTERNET_DISCONNECTED)
2024-04-27 05:06:49 Loading main app package /usr/lib/obsidian/obsidian.asar
2024-04-27 05:06:49 Checking for update using Github
2024-04-27 05:06:49 Success.
2024-04-27 05:06:49 Latest version is 1.5.12
2024-04-27 05:06:49 App is up to date.
2024-04-27 05:18:45 Loading main app package /usr/lib/obsidian/obsidian.asar
2024-04-27 05:18:45 Checking for update using Github
2024-04-27 05:18:45 Success.
2024-04-27 05:18:45 Latest version is 1.5.12
2024-04-27 05:18:45 App is up to date.
2024-04-27 05:25:14 Loading main app package /usr/lib/obsidian/obsidian.asar
2024-04-27 05:25:14 Checking for update using Github
2024-04-27 05:25:14 Success.
2024-04-27 05:25:14 Latest version is 1.5.12
2024-04-27 05:25:14 App is up to date.
2024-04-27 06:25:14 Checking for update using Github
2024-04-27 06:25:14 Success.
2024-04-27 06:25:14 Latest version is 1.5.12
2024-04-27 06:25:14 App is up to date.
2024-04-27 07:25:14 Checking for update using Github
2024-04-27 07:25:14 Success.
2024-04-27 07:25:14 Latest version is 1.5.12
2024-04-27 07:25:14 App is up to date.
2024-04-27 19:17:43 Loading main app package /usr/lib/obsidian/obsidian.asar
2024-04-27 19:17:43 Checking for update using Github
2024-04-27 19:17:43 Failed to check for update using Github (net::ERR_INTERNET_DISCONNECTED)
2024-04-27 19:17:43 Checking for update using obsidian.md
2024-04-27 19:17:43 Failed to check for update using obsidian.md (net::ERR_INTERNET_DISCONNECTED)
2024-04-27 22:47:23 Loading main app package /usr/lib/obsidian/obsidian.asar
2024-04-27 22:47:23 Checking for update using Github
2024-04-27 22:47:24 Failed to check for update using Github (net::ERR_INTERNET_DISCONNECTED)
2024-04-27 22:47:24 Checking for update using obsidian.md
2024-04-27 22:47:24 Failed to check for update using obsidian.md (net::ERR_INTERNET_DISCONNECTED)
2024-04-27 22:49:00 Loading main app package /usr/lib/obsidian/obsidian.asar
2024-04-27 22:49:00 Checking for update using Github
2024-04-27 22:49:00 Success.
2024-04-27 22:49:00 Latest version is 1.5.12
2024-04-27 22:49:00 App is up to date.
2024-04-27 23:49:00 Checking for update using Github
2024-04-27 23:49:00 Success.
2024-04-27 23:49:00 Latest version is 1.5.12
2024-04-27 23:49:00 App is up to date.
2024-04-28 00:49:00 Checking for update using Github
2024-04-28 00:49:00 Success.
2024-04-28 00:49:00 Latest version is 1.5.12
2024-04-28 00:49:00 App is up to date.
2024-04-28 01:49:00 Checking for update using Github
2024-04-28 01:49:00 Success.
2024-04-28 01:49:00 Latest version is 1.5.12
2024-04-28 01:49:00 App is up to date.
2024-04-28 02:49:00 Checking for update using Github
2024-04-28 02:49:00 Success.
2024-04-28 02:49:00 Latest version is 1.5.12
2024-04-28 02:49:00 App is up to date.
2024-04-28 03:49:00 Checking for update using Github
2024-04-28 03:49:00 Success.
2024-04-28 03:49:00 Latest version is 1.5.12
2024-04-28 03:49:00 App is up to date.
2024-04-28 04:49:00 Checking for update using Github
2024-04-28 04:49:00 Success.
2024-04-28 04:49:00 Latest version is 1.5.12
2024-04-28 04:49:00 App is up to date.
2024-04-28 05:49:00 Checking for update using Github
2024-04-28 05:49:00 Success.
2024-04-28 05:49:00 Latest version is 1.5.12
2024-04-28 05:49:00 App is up to date.
2024-04-28 06:44:12 Loading main app package /usr/lib/obsidian/obsidian.asar
2024-04-28 06:44:12 Checking for update using Github
2024-04-28 06:44:12 Success.
2024-04-28 06:44:12 Latest version is 1.5.12
2024-04-28 06:44:12 App is up to date.
2024-04-28 07:44:12 Checking for update using Github
2024-04-28 07:44:12 Success.
2024-04-28 07:44:12 Latest version is 1.5.12
2024-04-28 07:44:12 App is up to date.
2024-04-28 08:44:12 Checking for update using Github
2024-04-28 08:44:12 Success.
2024-04-28 08:44:12 Latest version is 1.5.12
2024-04-28 08:44:12 App is up to date.
2024-04-28 09:44:12 Checking for update using Github
2024-04-28 09:44:12 Success.
2024-04-28 09:44:12 Latest version is 1.5.12
2024-04-28 09:44:12 App is up to date.
2024-04-28 09:49:10 Loading main app package /usr/lib/obsidian/obsidian.asar
2024-04-28 09:49:10 Checking for update using Github
2024-04-28 09:49:10 Success.
2024-04-28 09:49:10 Latest version is 1.5.12
2024-04-28 09:49:10 App is up to date.
2024-04-28 17:17:41 Loading main app package /usr/lib/obsidian/obsidian.asar
2024-04-28 17:17:41 Checking for update using Github
2024-04-28 17:17:41 Failed to check for update using Github (net::ERR_INTERNET_DISCONNECTED)
2024-04-28 17:17:41 Checking for update using obsidian.md
2024-04-28 17:17:41 Failed to check for update using obsidian.md (net::ERR_INTERNET_DISCONNECTED)
2024-04-28 17:36:44 Loading main app package /usr/lib/obsidian/obsidian.asar
2024-04-28 17:36:44 Checking for update using Github
2024-04-28 17:36:44 Success.
2024-04-28 17:36:44 Latest version is 1.5.12
2024-04-28 17:36:44 App is up to date.
2024-04-28 18:36:44 Checking for update using Github
2024-04-28 18:36:44 Success.
2024-04-28 18:36:44 Latest version is 1.5.12
2024-04-28 18:36:44 App is up to date.
2024-04-28 19:36:44 Checking for update using Github
2024-04-28 19:36:44 Success.
2024-04-28 19:36:44 Latest version is 1.5.12
2024-04-28 19:36:44 App is up to date.
2024-04-28 20:36:44 Checking for update using Github
2024-04-28 20:36:44 Success.
2024-04-28 20:36:44 Latest version is 1.5.12
2024-04-28 20:36:44 App is up to date.
2024-04-28 21:36:44 Checking for update using Github
2024-04-28 21:36:44 Success.
2024-04-28 21:36:44 Latest version is 1.5.12
2024-04-28 21:36:44 App is up to date.
2024-04-28 22:36:44 Checking for update using Github
2024-04-28 22:36:44 Success.
2024-04-28 22:36:44 Latest version is 1.5.12
2024-04-28 22:36:44 App is up to date.
2024-04-28 23:36:44 Checking for update using Github
2024-04-28 23:36:45 Success.
2024-04-28 23:36:45 Latest version is 1.5.12
2024-04-28 23:36:45 App is up to date.
2024-04-29 00:36:45 Checking for update using Github
2024-04-29 00:36:45 Success.
2024-04-29 00:36:45 Latest version is 1.5.12
2024-04-29 00:36:45 App is up to date.
2024-04-29 01:36:45 Checking for update using Github
2024-04-29 01:36:45 Success.
2024-04-29 01:36:45 Latest version is 1.5.12
2024-04-29 01:36:45 App is up to date.
2024-04-29 02:36:45 Checking for update using Github
2024-04-29 02:36:45 Success.
2024-04-29 02:36:45 Latest version is 1.5.12
2024-04-29 02:36:45 App is up to date.
2024-04-29 03:36:45 Checking for update using Github
2024-04-29 03:36:45 Success.
2024-04-29 03:36:45 Latest version is 1.5.12
2024-04-29 03:36:45 App is up to date.
2024-04-29 04:36:45 Checking for update using Github
2024-04-29 04:36:45 Success.
2024-04-29 04:36:45 Latest version is 1.5.12
2024-04-29 04:36:45 App is up to date.
2024-04-29 21:52:42 Loading main app package /usr/lib/obsidian/obsidian.asar
2024-04-29 21:52:42 Checking for update using Github
2024-04-29 21:52:43 Failed to check for update using Github (net::ERR_INTERNET_DISCONNECTED)
2024-04-29 21:52:43 Checking for update using obsidian.md
2024-04-29 21:52:43 Failed to check for update using obsidian.md (net::ERR_INTERNET_DISCONNECTED)
2024-04-29 22:02:28 Loading main app package /usr/lib/obsidian/obsidian.asar
2024-04-29 22:02:28 Checking for update using Github
2024-04-29 22:02:28 Success.
2024-04-29 22:02:28 Latest version is 1.5.12
2024-04-29 22:02:28 App is up to date.
2024-04-29 23:02:28 Checking for update using Github
2024-04-29 23:02:28 Success.
2024-04-29 23:02:28 Latest version is 1.5.12
2024-04-29 23:02:28 App is up to date.
2024-04-30 00:02:28 Checking for update using Github
2024-04-30 00:02:28 Success.
2024-04-30 00:02:28 Latest version is 1.5.12
2024-04-30 00:02:28 App is up to date.
2024-04-30 01:02:28 Checking for update using Github
2024-04-30 01:02:28 Success.
2024-04-30 01:02:28 Latest version is 1.5.12
2024-04-30 01:02:28 App is up to date.
2024-04-30 02:02:28 Checking for update using Github
2024-04-30 02:02:28 Success.
2024-04-30 02:02:28 Latest version is 1.5.12
2024-04-30 02:02:28 App is up to date.
2024-04-30 03:02:28 Checking for update using Github
2024-04-30 03:02:28 Success.
2024-04-30 03:02:28 Latest version is 1.5.12
2024-04-30 03:02:28 App is up to date.
2024-04-30 04:02:28 Checking for update using Github
2024-04-30 04:02:28 Success.
2024-04-30 04:02:28 Latest version is 1.5.12
2024-04-30 04:02:28 App is up to date.
2024-04-30 05:02:28 Checking for update using Github
2024-04-30 05:02:28 Success.
2024-04-30 05:02:28 Latest version is 1.5.12
2024-04-30 05:02:28 App is up to date.
2024-04-30 05:21:23 Loading main app package /usr/lib/obsidian/obsidian.asar
2024-04-30 05:21:23 Checking for update using Github
2024-04-30 05:21:23 Success.
2024-04-30 05:21:23 Latest version is 1.5.12
2024-04-30 05:21:23 App is up to date.
2024-04-30 05:31:59 Loading main app package /usr/lib/obsidian/obsidian.asar
2024-04-30 05:31:59 Checking for update using Github
2024-04-30 05:31:59 Success.
2024-04-30 05:31:59 Latest version is 1.5.12
2024-04-30 05:31:59 App is up to date.
2024-04-30 05:33:01 Loading main app package /usr/lib/obsidian/obsidian.asar
2024-04-30 05:33:01 Checking for update using Github
2024-04-30 05:33:01 Success.
2024-04-30 05:33:01 Latest version is 1.5.12
2024-04-30 05:33:01 App is up to date.
2024-04-30 06:33:01 Checking for update using Github
2024-04-30 06:33:01 Success.
2024-04-30 06:33:01 Latest version is 1.5.12
2024-04-30 06:33:01 App is up to date.
2024-04-30 06:53:46 Loading main app package /usr/lib/obsidian/obsidian.asar
2024-04-30 06:53:47 Checking for update using Github
2024-04-30 06:53:47 Failed to check for update using Github (net::ERR_INTERNET_DISCONNECTED)
2024-04-30 06:53:47 Checking for update using obsidian.md
2024-04-30 06:53:47 Failed to check for update using obsidian.md (net::ERR_INTERNET_DISCONNECTED)
2024-04-30 21:52:49 Loading main app package /usr/lib/obsidian/obsidian.asar
2024-04-30 21:52:49 Checking for update using Github
2024-04-30 21:52:50 Success.
2024-04-30 21:52:50 Latest version is 1.5.12
2024-04-30 21:52:50 App is up to date.
2024-04-30 22:52:49 Checking for update using Github
2024-04-30 22:52:49 Success.
2024-04-30 22:52:49 Latest version is 1.5.12
2024-04-30 22:52:49 App is up to date.
2024-04-30 23:52:49 Checking for update using Github
2024-04-30 23:52:49 Success.
2024-04-30 23:52:49 Latest version is 1.5.12
2024-04-30 23:52:49 App is up to date.
2024-05-01 00:48:44 Loading main app package /usr/lib/obsidian/obsidian.asar
2024-05-01 00:48:44 Checking for update using Github
2024-05-01 00:48:45 Failed to check for update using Github (net::ERR_INTERNET_DISCONNECTED)
2024-05-01 00:48:45 Checking for update using obsidian.md
2024-05-01 00:48:45 Failed to check for update using obsidian.md (net::ERR_INTERNET_DISCONNECTED)
2024-05-01 01:59:44 Loading main app package /usr/lib/obsidian/obsidian.asar
2024-05-01 01:59:44 Checking for update using Github
2024-05-01 01:59:44 Failed to check for update using Github (net::ERR_INTERNET_DISCONNECTED)
2024-05-01 01:59:44 Checking for update using obsidian.md
2024-05-01 01:59:44 Failed to check for update using obsidian.md (net::ERR_INTERNET_DISCONNECTED)
2024-05-01 02:29:01 Loading main app package /usr/lib/obsidian/obsidian.asar
2024-05-01 02:29:02 Checking for update using Github
2024-05-01 02:29:02 Success.
2024-05-01 02:29:02 Latest version is 1.5.12
2024-05-01 02:29:02 App is up to date.
2024-05-01 03:29:01 Checking for update using Github
2024-05-01 03:29:01 Success.
2024-05-01 03:29:01 Latest version is 1.5.12
2024-05-01 03:29:01 App is up to date.
2024-05-01 04:29:01 Checking for update using Github
2024-05-01 04:29:01 Success.
2024-05-01 04:29:01 Latest version is 1.5.12
2024-05-01 04:29:01 App is up to date.
2024-05-01 04:46:02 Loading main app package /usr/lib/obsidian/obsidian.asar
2024-05-01 04:46:03 Checking for update using Github
2024-05-01 04:46:03 Success.
2024-05-01 04:46:03 Latest version is 1.5.12
2024-05-01 04:46:03 App is up to date.
2024-05-01 05:41:16 Loading main app package /usr/lib/obsidian/obsidian.asar
2024-05-01 05:41:16 Checking for update using Github
2024-05-01 05:41:17 Success.
2024-05-01 05:41:17 Latest version is 1.5.12
2024-05-01 05:41:17 App is up to date.
2024-05-01 06:37:40 Loading main app package /usr/lib/obsidian/obsidian.asar
2024-05-01 06:37:40 Checking for update using Github
2024-05-01 06:37:41 Success.
2024-05-01 06:37:41 Latest version is 1.5.12
2024-05-01 06:37:41 App is up to date.
2024-05-01 13:19:52 Loading main app package /usr/lib/obsidian/obsidian.asar
2024-05-01 13:19:52 Checking for update using Github
2024-05-01 13:19:52 Failed to check for update using Github (net::ERR_INTERNET_DISCONNECTED)
2024-05-01 13:19:52 Checking for update using obsidian.md
2024-05-01 13:19:52 Failed to check for update using obsidian.md (net::ERR_INTERNET_DISCONNECTED)
2024-05-01 13:29:08 Loading main app package /usr/lib/obsidian/obsidian.asar
2024-05-01 13:29:08 Checking for update using Github
2024-05-01 13:29:08 Success.
2024-05-01 13:29:08 Latest version is 1.5.12
2024-05-01 13:29:08 App is up to date.
2024-05-01 14:29:08 Checking for update using Github
2024-05-01 14:29:08 Success.
2024-05-01 14:29:08 Latest version is 1.5.12
2024-05-01 14:29:08 App is up to date.
2024-05-01 15:29:08 Checking for update using Github
2024-05-01 15:29:08 Success.
2024-05-01 15:29:08 Latest version is 1.5.12
2024-05-01 15:29:08 App is up to date.
2024-05-01 16:29:08 Checking for update using Github
2024-05-01 16:29:09 Success.
2024-05-01 16:29:09 Latest version is 1.5.12
2024-05-01 16:29:09 App is up to date.
2024-05-01 17:29:08 Checking for update using Github
2024-05-01 17:29:09 Success.
2024-05-01 17:29:09 Latest version is 1.5.12
2024-05-01 17:29:09 App is up to date.
2024-05-01 18:29:09 Checking for update using Github
2024-05-01 18:29:09 Success.
2024-05-01 18:29:09 Latest version is 1.5.12
2024-05-01 18:29:09 App is up to date.
2024-05-01 19:29:09 Checking for update using Github
2024-05-01 19:29:09 Success.
2024-05-01 19:29:09 Latest version is 1.5.12
2024-05-01 19:29:09 App is up to date.
2024-05-01 20:29:09 Checking for update using Github
2024-05-01 20:29:09 Success.
2024-05-01 20:29:09 Latest version is 1.5.12
2024-05-01 20:29:09 App is up to date.
2024-05-01 21:29:09 Checking for update using Github
2024-05-01 21:29:09 Success.
2024-05-01 21:29:09 Latest version is 1.5.12
2024-05-01 21:29:09 App is up to date.
2024-05-01 22:36:17 Loading main app package /usr/lib/obsidian/obsidian.asar
2024-05-01 22:36:17 Checking for update using Github
2024-05-01 22:36:17 Success.
2024-05-01 22:36:17 Latest version is 1.5.12
2024-05-01 22:36:17 App is up to date.
2024-05-01 23:36:17 Checking for update using Github
2024-05-01 23:36:17 Success.
2024-05-01 23:36:17 Latest version is 1.5.12
2024-05-01 23:36:17 App is up to date.
2024-05-02 00:36:17 Checking for update using Github
2024-05-02 00:36:17 Success.
2024-05-02 00:36:17 Latest version is 1.5.12
2024-05-02 00:36:17 App is up to date.
2024-05-02 01:36:17 Checking for update using Github
2024-05-02 01:36:17 Success.
2024-05-02 01:36:17 Latest version is 1.5.12
2024-05-02 01:36:17 App is up to date.
2024-05-02 02:36:39 Loading main app package /usr/lib/obsidian/obsidian.asar
2024-05-02 02:36:39 Checking for update using Github
2024-05-02 02:36:39 Failed to check for update using Github (net::ERR_INTERNET_DISCONNECTED)
2024-05-02 02:36:39 Checking for update using obsidian.md
2024-05-02 02:36:39 Failed to check for update using obsidian.md (net::ERR_INTERNET_DISCONNECTED)
2024-05-02 02:36:56 Loading main app package /usr/lib/obsidian/obsidian.asar
2024-05-02 02:36:56 Checking for update using Github
2024-05-02 02:36:56 Success.
2024-05-02 02:36:56 Latest version is 1.5.12
2024-05-02 02:36:56 App is up to date.
2024-05-02 03:36:56 Checking for update using Github
2024-05-02 03:36:56 Success.
2024-05-02 03:36:56 Latest version is 1.5.12
2024-05-02 03:36:56 App is up to date.
2024-05-02 04:36:56 Checking for update using Github
2024-05-02 04:36:56 Success.
2024-05-02 04:36:56 Latest version is 1.5.12
2024-05-02 04:36:56 App is up to date.
2024-05-02 05:22:48 Loading main app package /usr/lib/obsidian/obsidian.asar
2024-05-02 05:22:49 Checking for update using Github
2024-05-02 05:22:49 Success.
2024-05-02 05:22:49 Latest version is 1.5.12
2024-05-02 05:22:49 App is up to date.
2024-05-02 05:24:32 Loading main app package /usr/lib/obsidian/obsidian.asar
2024-05-02 05:24:33 Checking for update using Github
2024-05-02 05:24:33 Success.
2024-05-02 05:24:33 Latest version is 1.5.12
2024-05-02 05:24:33 App is up to date.
2024-05-02 05:29:09 Loading main app package /usr/lib/obsidian/obsidian.asar
2024-05-02 05:29:09 Checking for update using Github
2024-05-02 05:29:10 Failed to check for update using Github (net::ERR_INTERNET_DISCONNECTED)
2024-05-02 05:29:10 Checking for update using obsidian.md
2024-05-02 05:29:10 Failed to check for update using obsidian.md (net::ERR_INTERNET_DISCONNECTED)
2024-05-02 05:31:49 Loading main app package /usr/lib/obsidian/obsidian.asar
2024-05-02 05:31:49 Checking for update using Github
2024-05-02 05:31:49 Failed to check for update using Github (net::ERR_INTERNET_DISCONNECTED)
2024-05-02 05:31:49 Checking for update using obsidian.md
2024-05-02 05:31:49 Failed to check for update using obsidian.md (net::ERR_INTERNET_DISCONNECTED)
2024-05-02 05:35:46 Loading main app package /usr/lib/obsidian/obsidian.asar
2024-05-02 05:35:47 Checking for update using Github
2024-05-02 05:35:47 Failed to check for update using Github (net::ERR_INTERNET_DISCONNECTED)
2024-05-02 05:35:47 Checking for update using obsidian.md
2024-05-02 05:35:47 Failed to check for update using obsidian.md (net::ERR_INTERNET_DISCONNECTED)
2024-05-02 05:38:02 Loading main app package /usr/lib/obsidian/obsidian.asar
2024-05-02 05:38:02 Checking for update using Github
2024-05-02 05:38:02 Failed to check for update using Github (net::ERR_INTERNET_DISCONNECTED)
2024-05-02 05:38:02 Checking for update using obsidian.md
2024-05-02 05:38:02 Failed to check for update using obsidian.md (net::ERR_INTERNET_DISCONNECTED)
2024-05-02 05:43:50 Loading main app package /usr/lib/obsidian/obsidian.asar
2024-05-02 05:43:50 Checking for update using Github
2024-05-02 05:43:50 Failed to check for update using Github (net::ERR_INTERNET_DISCONNECTED)
2024-05-02 05:43:50 Checking for update using obsidian.md
2024-05-02 05:43:50 Failed to check for update using obsidian.md (net::ERR_INTERNET_DISCONNECTED)
2024-05-02 05:51:45 Loading main app package /usr/lib/obsidian/obsidian.asar
2024-05-02 05:51:45 Checking for update using Github
2024-05-02 05:51:45 Failed to check for update using Github (net::ERR_INTERNET_DISCONNECTED)
2024-05-02 05:51:45 Checking for update using obsidian.md
2024-05-02 05:51:45 Failed to check for update using obsidian.md (net::ERR_INTERNET_DISCONNECTED)
2024-05-02 05:53:00 Loading main app package /usr/lib/obsidian/obsidian.asar
2024-05-02 05:53:00 Checking for update using Github
2024-05-02 05:53:00 Failed to check for update using Github (net::ERR_INTERNET_DISCONNECTED)
2024-05-02 05:53:00 Checking for update using obsidian.md
2024-05-02 05:53:00 Failed to check for update using obsidian.md (net::ERR_INTERNET_DISCONNECTED)
2024-05-02 05:57:13 Loading main app package /usr/lib/obsidian/obsidian.asar
2024-05-02 05:57:13 Checking for update using Github
2024-05-02 05:57:13 Success.
2024-05-02 05:57:13 Latest version is 1.5.12
2024-05-02 05:57:13 App is up to date.
2024-05-02 05:57:57 Loading main app package /usr/lib/obsidian/obsidian.asar
2024-05-02 05:57:57 Checking for update using Github
2024-05-02 05:57:57 Success.
2024-05-02 05:57:57 Latest version is 1.5.12
2024-05-02 05:57:57 App is up to date.
2024-05-02 06:03:17 Loading main app package /usr/lib/obsidian/obsidian.asar
2024-05-02 06:03:17 Checking for update using Github
2024-05-02 06:03:17 Success.
2024-05-02 06:03:17 Latest version is 1.5.12
2024-05-02 06:03:17 App is up to date.
2024-05-02 06:14:58 Loading main app package /usr/lib/obsidian/obsidian.asar
2024-05-02 06:14:58 Checking for update using Github
2024-05-02 06:14:59 Success.
2024-05-02 06:14:59 Latest version is 1.5.12
2024-05-02 06:14:59 App is up to date.
2024-05-02 06:16:45 Loading main app package /usr/lib/obsidian/obsidian.asar
2024-05-02 06:16:45 Checking for update using Github
2024-05-02 06:16:45 Success.
2024-05-02 06:16:45 Latest version is 1.5.12
2024-05-02 06:16:45 App is up to date.
2024-05-02 06:29:10 Loading main app package /usr/lib/obsidian/obsidian.asar
2024-05-02 06:29:10 Checking for update using Github
2024-05-02 07:16:45 Checking for update using Github
2024-05-02 07:16:45 Success.
2024-05-02 07:16:45 Latest version is 1.5.12
2024-05-02 07:16:45 App is up to date.
2024-05-02 08:16:45 Checking for update using Github
2024-05-02 08:16:45 Success.
2024-05-02 08:16:45 Latest version is 1.5.12
2024-05-02 08:16:45 App is up to date.
2024-05-02 09:16:45 Checking for update using Github
2024-05-02 09:16:45 Success.
2024-05-02 09:16:45 Latest version is 1.5.12
2024-05-02 09:16:45 App is up to date.
2024-05-02 10:16:45 Checking for update using Github
2024-05-02 10:16:45 Success.
2024-05-02 10:16:45 Latest version is 1.5.12
2024-05-02 10:16:45 App is up to date.
2024-05-02 11:16:45 Checking for update using Github
2024-05-02 11:16:45 Success.
2024-05-02 11:16:45 Latest version is 1.5.12
2024-05-02 11:16:45 App is up to date.
2024-05-02 12:16:45 Checking for update using Github
2024-05-02 12:16:45 Success.
2024-05-02 12:16:45 Latest version is 1.5.12
2024-05-02 12:16:45 App is up to date.
2024-05-02 13:16:45 Checking for update using Github
2024-05-02 13:16:45 Success.
2024-05-02 13:16:45 Latest version is 1.5.12
2024-05-02 13:16:45 App is up to date.
2024-05-02 14:16:45 Checking for update using Github
2024-05-02 14:16:46 Success.
2024-05-02 14:16:46 Latest version is 1.5.12
2024-05-02 14:16:46 App is up to date.
2024-05-02 15:16:45 Checking for update using Github
2024-05-02 15:16:46 Success.
2024-05-02 15:16:46 Latest version is 1.5.12
2024-05-02 15:16:46 App is up to date.
2024-05-02 16:16:45 Checking for update using Github
2024-05-02 16:16:46 Success.
2024-05-02 16:16:46 Latest version is 1.5.12
2024-05-02 16:16:46 App is up to date.
2024-05-02 17:16:46 Checking for update using Github
2024-05-02 17:16:46 Success.
2024-05-02 17:16:46 Latest version is 1.5.12
2024-05-02 17:16:46 App is up to date.
2024-05-02 18:16:46 Checking for update using Github
2024-05-02 18:16:46 Success.
2024-05-02 18:16:46 Latest version is 1.5.12
2024-05-02 18:16:46 App is up to date.
2024-05-02 19:16:46 Checking for update using Github
2024-05-02 19:16:46 Success.
2024-05-02 19:16:46 Latest version is 1.5.12
2024-05-02 19:16:46 App is up to date.
2024-05-02 20:16:46 Checking for update using Github
2024-05-02 20:16:46 Success.
2024-05-02 20:16:46 Latest version is 1.5.12
2024-05-02 20:16:46 App is up to date.
2024-05-02 21:16:46 Checking for update using Github
2024-05-02 21:16:46 Success.
2024-05-02 21:16:46 Latest version is 1.5.12
2024-05-02 21:16:46 App is up to date.
2024-05-02 22:16:46 Checking for update using Github
2024-05-02 22:16:46 Success.
2024-05-02 22:16:46 Latest version is 1.5.12
2024-05-02 22:16:46 App is up to date.
2024-05-02 23:16:46 Checking for update using Github
2024-05-02 23:16:46 Success.
2024-05-02 23:16:46 Latest version is 1.5.12
2024-05-02 23:16:46 App is up to date.
2024-05-03 01:00:40 Loading main app package /usr/lib/obsidian/obsidian.asar
2024-05-03 01:00:41 Checking for update using Github
2024-05-03 01:00:41 Success.
2024-05-03 01:00:41 Latest version is 1.5.12
2024-05-03 01:00:41 App is up to date.
2024-05-03 02:00:40 Checking for update using Github
2024-05-03 02:00:40 Success.
2024-05-03 02:00:40 Latest version is 1.5.12
2024-05-03 02:00:40 App is up to date.
2024-05-03 03:00:40 Checking for update using Github
2024-05-03 03:00:40 Success.
2024-05-03 03:00:40 Latest version is 1.5.12
2024-05-03 03:00:40 App is up to date.
2024-05-03 04:00:40 Checking for update using Github
2024-05-03 04:00:40 Success.
2024-05-03 04:00:40 Latest version is 1.5.12
2024-05-03 04:00:40 App is up to date.
2024-05-03 05:00:40 Checking for update using Github
2024-05-03 05:00:40 Success.
2024-05-03 05:00:40 Latest version is 1.5.12
2024-05-03 05:00:40 App is up to date.
2024-05-03 05:34:57 Loading main app package /usr/lib/obsidian/obsidian.asar
2024-05-03 05:34:57 Checking for update using Github
2024-05-03 05:34:57 Success.
2024-05-03 05:34:57 Latest version is 1.5.12
2024-05-03 05:34:57 App is up to date.
2024-05-03 20:48:23 Loading main app package /usr/lib/obsidian/obsidian.asar
2024-05-03 20:48:23 Checking for update using Github
2024-05-03 20:48:23 Success.
2024-05-03 20:48:23 Latest version is 1.5.12
2024-05-03 20:48:23 App is up to date.
2024-05-03 21:14:14 Loading main app package /usr/lib/obsidian/obsidian.asar
2024-05-03 21:14:14 Checking for update using Github
2024-05-03 21:14:14 Success.
2024-05-03 21:14:14 Latest version is 1.5.12
2024-05-03 21:14:14 App is up to date.
2024-05-03 22:14:14 Checking for update using Github
2024-05-03 22:14:14 Success.
2024-05-03 22:14:14 Latest version is 1.5.12
2024-05-03 22:14:14 App is up to date.
2024-05-03 22:18:42 Loading main app package /usr/lib/obsidian/obsidian.asar
2024-05-03 22:18:42 Checking for update using Github
2024-05-03 22:18:42 Success.
2024-05-03 22:18:42 Latest version is 1.5.12
2024-05-03 22:18:42 App is up to date.
2024-05-03 23:18:42 Checking for update using Github
2024-05-03 23:18:43 Success.
2024-05-03 23:18:43 Latest version is 1.5.12
2024-05-03 23:18:43 App is up to date.
2024-05-04 00:18:43 Checking for update using Github
2024-05-04 00:18:43 Success.
2024-05-04 00:18:43 Latest version is 1.5.12
2024-05-04 00:18:43 App is up to date.
2024-05-04 01:18:43 Checking for update using Github
2024-05-04 01:18:43 Success.
2024-05-04 01:18:43 Latest version is 1.5.12
2024-05-04 01:18:43 App is up to date.
2024-05-04 02:18:43 Checking for update using Github
2024-05-04 02:18:43 Success.
2024-05-04 02:18:43 Latest version is 1.5.12
2024-05-04 02:18:43 App is up to date.
2024-05-04 03:18:43 Checking for update using Github
2024-05-04 03:18:43 Success.
2024-05-04 03:18:43 Latest version is 1.5.12
2024-05-04 03:18:43 App is up to date.
2024-05-04 04:18:43 Checking for update using Github
2024-05-04 04:18:43 Success.
2024-05-04 04:18:43 Latest version is 1.5.12
2024-05-04 04:18:43 App is up to date.
2024-05-04 05:18:43 Checking for update using Github
2024-05-04 05:18:43 Success.
2024-05-04 05:18:43 Latest version is 1.5.12
2024-05-04 05:18:43 App is up to date.
2024-05-04 07:14:32 Loading main app package /usr/lib/obsidian/obsidian.asar
2024-05-04 07:14:32 Checking for update using Github
2024-05-04 07:14:33 Success.
2024-05-04 07:14:33 Latest version is 1.5.12
2024-05-04 07:14:33 App is up to date.
2024-05-04 08:14:32 Checking for update using Github
2024-05-04 08:14:32 Success.
2024-05-04 08:14:32 Latest version is 1.5.12
2024-05-04 08:14:32 App is up to date.
2024-05-04 09:14:32 Checking for update using Github
2024-05-04 09:14:32 Success.
2024-05-04 09:14:32 Latest version is 1.5.12
2024-05-04 09:14:32 App is up to date.
2024-05-04 09:58:16 Loading main app package /usr/lib/obsidian/obsidian.asar
2024-05-04 09:58:17 Checking for update using Github
2024-05-04 09:58:17 Success.
2024-05-04 09:58:17 Latest version is 1.5.12
2024-05-04 09:58:17 App is up to date.
2024-05-04 10:03:46 Loading main app package /usr/lib/obsidian/obsidian.asar
2024-05-04 10:03:46 Checking for update using Github
2024-05-04 10:03:46 Success.
2024-05-04 10:03:46 Latest version is 1.5.12
2024-05-04 10:03:46 App is up to date.
2024-05-04 10:36:44 Loading main app package /usr/lib/obsidian/obsidian.asar
2024-05-04 10:36:45 Checking for update using Github
2024-05-04 10:36:45 Success.
2024-05-04 10:36:45 Latest version is 1.5.12
2024-05-04 10:36:45 App is up to date.
2024-05-04 18:12:16 Loading main app package /usr/lib/obsidian/obsidian.asar
2024-05-04 18:12:16 Checking for update using Github
2024-05-04 18:12:16 Success.
2024-05-04 18:12:16 Latest version is 1.5.12
2024-05-04 18:12:16 App is up to date.
2024-05-04 19:12:16 Checking for update using Github
2024-05-04 19:12:16 Success.
2024-05-04 19:12:16 Latest version is 1.5.12
2024-05-04 19:12:16 App is up to date.
2024-05-04 20:12:16 Checking for update using Github
2024-05-04 20:12:16 Success.
2024-05-04 20:12:16 Latest version is 1.5.12
2024-05-04 20:12:16 App is up to date.
2024-05-04 21:12:16 Checking for update using Github
2024-05-04 21:12:16 Success.
2024-05-04 21:12:16 Latest version is 1.5.12
2024-05-04 21:12:16 App is up to date.
2024-05-05 01:28:44 Loading main app package /usr/lib/obsidian/obsidian.asar
2024-05-05 01:28:44 Checking for update using Github
2024-05-05 01:28:44 Success.
2024-05-05 01:28:44 Latest version is 1.5.12
2024-05-05 01:28:44 App is up to date.
2024-05-05 18:38:00 Loading main app package /usr/lib/obsidian/obsidian.asar
2024-05-05 18:38:00 Checking for update using Github
2024-05-05 18:38:01 Success.
2024-05-05 18:38:01 Latest version is 1.5.12
2024-05-05 18:38:01 App is up to date.
2024-05-05 18:41:28 Loading main app package /usr/lib/obsidian/obsidian.asar
2024-05-05 18:41:28 Checking for update using Github
2024-05-05 18:41:28 Success.
2024-05-05 18:41:28 Latest version is 1.5.12
2024-05-05 18:41:28 App is up to date.
2024-05-06 12:50:16 Loading main app package /usr/lib/obsidian/obsidian.asar
2024-05-06 12:50:16 Checking for update using Github
2024-05-06 12:50:16 Success.
2024-05-06 12:50:16 Latest version is 1.5.12
2024-05-06 12:50:16 App is up to date.
2024-05-06 13:50:16 Checking for update using Github
2024-05-06 13:50:16 Success.
2024-05-06 13:50:16 Latest version is 1.5.12
2024-05-06 13:50:16 App is up to date.
2024-05-06 16:49:58 Loading main app package /usr/lib/obsidian/obsidian.asar
2024-05-06 16:49:59 Checking for update using Github
2024-05-06 16:49:59 Success.
2024-05-06 16:49:59 Latest version is 1.5.12
2024-05-06 16:49:59 App is up to date.
2024-05-08 22:02:32 Loading main app package /usr/lib/obsidian/obsidian.asar
2024-05-08 22:02:32 Checking for update using Github
2024-05-08 22:02:32 Success.
2024-05-08 22:02:32 Latest version is 1.5.12
2024-05-08 22:02:32 App is up to date.
2024-05-09 04:29:53 Loading main app package /usr/lib/obsidian/obsidian.asar
2024-05-09 04:29:53 Checking for update using Github
2024-05-09 04:29:53 Success.
2024-05-09 04:29:53 Latest version is 1.5.12
2024-05-09 04:29:53 App is up to date.
2024-05-10 06:59:15 Loading main app package /usr/lib/obsidian/obsidian.asar
2024-05-10 06:59:15 Checking for update using Github
2024-05-10 06:59:16 Success.
2024-05-10 06:59:16 Latest version is 1.5.12
2024-05-10 06:59:16 App is up to date.
2024-05-10 06:59:53 Loading main app package /usr/lib/obsidian/obsidian.asar
2024-05-10 06:59:53 Checking for update using Github
2024-05-10 06:59:53 Success.
2024-05-10 06:59:53 Latest version is 1.5.12
2024-05-10 06:59:53 App is up to date.
2024-05-10 22:21:22 Loading main app package /usr/lib/obsidian/obsidian.asar
2024-05-10 22:21:22 Checking for update using Github
2024-05-10 22:21:22 Success.
2024-05-10 22:21:22 Latest version is 1.5.12
2024-05-10 22:21:22 App is up to date.
2024-05-11 06:22:12 Loading main app package /usr/lib/obsidian/obsidian.asar
2024-05-11 06:22:12 Checking for update using Github
2024-05-11 06:22:12 Success.
2024-05-11 06:22:12 Latest version is 1.5.12
2024-05-11 06:22:12 App is up to date.
2024-05-11 07:22:12 Checking for update using Github
2024-05-11 07:22:12 Success.
2024-05-11 07:22:12 Latest version is 1.5.12
2024-05-11 07:22:12 App is up to date.
2024-05-11 08:22:12 Checking for update using Github
2024-05-11 08:22:12 Success.
2024-05-11 08:22:12 Latest version is 1.5.12
2024-05-11 08:22:12 App is up to date.
2024-05-11 19:43:13 Checking for update using Github
2024-05-11 19:43:13 Success.
2024-05-11 19:43:13 Latest version is 1.5.12
2024-05-11 19:43:13 App is up to date.
2024-05-11 20:37:27 Loading main app package /usr/lib/obsidian/obsidian.asar
2024-05-11 20:37:28 Checking for update using Github
2024-05-11 20:37:28 Success.
2024-05-11 20:37:28 Latest version is 1.5.12
2024-05-11 20:37:28 App is up to date.
2024-05-11 20:49:40 Loading main app package /usr/lib/obsidian/obsidian.asar
2024-05-11 20:49:41 Checking for update using Github
2024-05-11 20:49:41 Success.
2024-05-11 20:49:41 Latest version is 1.5.12
2024-05-11 20:49:41 App is up to date.
2024-05-11 20:49:41 Loading main app package /usr/lib/obsidian/obsidian.asar
2024-05-11 20:49:41 Checking for update using Github
2024-05-12 12:25:59 Loading main app package /usr/lib/obsidian/obsidian.asar
2024-05-12 12:25:59 Checking for update using Github
2024-05-12 12:25:59 Success.
2024-05-12 12:25:59 Latest version is 1.5.12
2024-05-12 12:25:59 App is up to date.
2024-05-12 13:25:59 Checking for update using Github
2024-05-12 13:25:59 Success.
2024-05-12 13:25:59 Latest version is 1.5.12
2024-05-12 13:25:59 App is up to date.
2024-05-12 14:25:59 Checking for update using Github
2024-05-12 14:25:59 Success.
2024-05-12 14:25:59 Latest version is 1.5.12
2024-05-12 14:25:59 App is up to date.
2024-05-12 15:25:59 Checking for update using Github
2024-05-12 15:25:59 Success.
2024-05-12 15:25:59 Latest version is 1.5.12
2024-05-12 15:25:59 App is up to date.
2024-05-12 16:25:59 Checking for update using Github
2024-05-12 16:25:59 Success.
2024-05-12 16:25:59 Latest version is 1.5.12
2024-05-12 16:25:59 App is up to date.
2024-05-12 17:25:59 Checking for update using Github
2024-05-12 17:25:59 Success.
2024-05-12 17:25:59 Latest version is 1.5.12
2024-05-12 17:25:59 App is up to date.
2024-05-12 18:25:59 Checking for update using Github
2024-05-12 18:25:59 Success.
2024-05-12 18:25:59 Latest version is 1.5.12
2024-05-12 18:25:59 App is up to date.
2024-05-12 19:25:59 Checking for update using Github
2024-05-12 19:25:59 Success.
2024-05-12 19:25:59 Latest version is 1.5.12
2024-05-12 19:25:59 App is up to date.
2024-05-12 20:25:59 Checking for update using Github
2024-05-12 20:26:00 Success.
2024-05-12 20:26:00 Latest version is 1.5.12
2024-05-12 20:26:00 App is up to date.
2024-05-12 21:25:59 Checking for update using Github
2024-05-12 21:26:00 Success.
2024-05-12 21:26:00 Latest version is 1.5.12
2024-05-12 21:26:00 App is up to date.
2024-05-12 22:26:00 Checking for update using Github
2024-05-12 22:26:00 Success.
2024-05-12 22:26:00 Latest version is 1.5.12
2024-05-12 22:26:00 App is up to date.
2024-05-12 23:26:00 Checking for update using Github
2024-05-12 23:26:00 Success.
2024-05-12 23:26:00 Latest version is 1.5.12
2024-05-12 23:26:00 App is up to date.
2024-05-13 17:29:22 Loading main app package /usr/lib/obsidian/obsidian.asar
2024-05-13 17:29:23 Checking for update using Github
2024-05-13 17:29:23 Success.
2024-05-13 17:29:23 Latest version is 1.5.12
2024-05-13 17:29:23 App is up to date.
2024-05-13 18:29:22 Checking for update using Github
2024-05-13 18:29:22 Success.
2024-05-13 18:29:22 Latest version is 1.5.12
2024-05-13 18:29:22 App is up to date.
2024-05-13 19:29:22 Checking for update using Github
2024-05-13 19:29:22 Success.
2024-05-13 19:29:22 Latest version is 1.5.12
2024-05-13 19:29:22 App is up to date.
2024-05-13 20:29:22 Checking for update using Github
2024-05-13 20:29:23 Success.
2024-05-13 20:29:23 Latest version is 1.5.12
2024-05-13 20:29:23 App is up to date.
2024-05-13 21:29:22 Checking for update using Github
2024-05-13 21:29:23 Success.
2024-05-13 21:29:23 Latest version is 1.5.12
2024-05-13 21:29:23 App is up to date.
2024-05-13 22:29:23 Checking for update using Github
2024-05-13 22:29:23 Success.
2024-05-13 22:29:23 Latest version is 1.5.12
2024-05-13 22:29:23 App is up to date.
2024-05-14 21:42:20 Loading main app package /usr/lib/obsidian/obsidian.asar
2024-05-14 21:42:20 Checking for update using Github
2024-05-14 21:42:21 Success.
2024-05-14 21:42:21 Latest version is 1.5.12
2024-05-14 21:42:21 App is up to date.
2024-05-14 22:24:33 Loading main app package /usr/lib/obsidian/obsidian.asar
2024-05-14 22:24:34 Checking for update using Github
2024-05-14 22:24:34 Success.
2024-05-14 22:24:34 Latest version is 1.5.12
2024-05-14 22:24:34 App is up to date.
2024-05-14 22:24:35 Loading main app package /usr/lib/obsidian/obsidian.asar
2024-05-14 22:24:35 Checking for update using Github
2024-05-14 22:24:35 Success.
2024-05-14 22:24:35 Latest version is 1.5.12
2024-05-14 22:24:35 App is up to date.
2024-05-15 01:13:59 Loading main app package /usr/lib/obsidian/obsidian.asar
2024-05-15 01:14:00 Checking for update using Github
2024-05-15 01:14:00 Success.
2024-05-15 01:14:00 Latest version is 1.5.12
2024-05-15 01:14:00 App is up to date.
2024-05-15 02:13:59 Checking for update using Github
2024-05-15 02:13:59 Success.
2024-05-15 02:13:59 Latest version is 1.5.12
2024-05-15 02:13:59 App is up to date.
2024-05-15 03:13:59 Checking for update using Github
2024-05-15 03:13:59 Success.
2024-05-15 03:13:59 Latest version is 1.5.12
2024-05-15 03:13:59 App is up to date.
2024-05-15 04:13:59 Checking for update using Github
2024-05-15 04:13:59 Success.
2024-05-15 04:13:59 Latest version is 1.5.12
2024-05-15 04:13:59 App is up to date.
2024-05-15 05:13:59 Checking for update using Github
2024-05-15 05:13:59 Success.
2024-05-15 05:13:59 Latest version is 1.5.12
2024-05-15 05:13:59 App is up to date.
2024-05-15 06:13:59 Checking for update using Github
2024-05-15 06:14:00 Success.
2024-05-15 06:14:00 Latest version is 1.5.12
2024-05-15 06:14:00 App is up to date.
2024-05-16 02:28:02 Loading main app package /usr/lib/obsidian/obsidian.asar
2024-05-16 02:28:02 Checking for update using Github
2024-05-16 02:28:02 Success.
2024-05-16 02:28:02 Latest version is 1.5.12
2024-05-16 02:28:02 App is up to date.
2024-05-16 03:51:54 Loading main app package /usr/lib/obsidian/obsidian.asar
2024-05-16 03:51:54 Checking for update using Github
2024-05-16 03:51:54 Success.
2024-05-16 03:51:54 Latest version is 1.5.12
2024-05-16 03:51:54 App is up to date.
2024-05-16 07:03:38 Loading main app package /usr/lib/obsidian/obsidian.asar
2024-05-16 07:03:38 Checking for update using Github
2024-05-16 07:03:39 Success.
2024-05-16 07:03:39 Latest version is 1.5.12
2024-05-16 07:03:39 App is up to date.
2024-05-16 22:23:58 Loading main app package /usr/lib/obsidian/obsidian.asar
2024-05-16 22:23:59 Checking for update using Github
2024-05-16 22:23:59 Success.
2024-05-16 22:23:59 Latest version is 1.5.12
2024-05-16 22:23:59 App is up to date.
2024-05-16 22:24:00 Loading main app package /usr/lib/obsidian/obsidian.asar
2024-05-16 22:24:00 Checking for update using Github
2024-05-16 22:49:57 Loading main app package /usr/lib/obsidian/obsidian.asar
2024-05-16 22:49:57 Checking for update using Github
2024-05-16 22:49:57 Success.
2024-05-16 22:49:57 Latest version is 1.5.12
2024-05-16 22:49:57 App is up to date.
2024-05-17 00:14:21 Loading main app package /usr/lib/obsidian/obsidian.asar
2024-05-17 00:14:21 Checking for update using Github
2024-05-17 00:14:21 Success.
2024-05-17 00:14:21 Latest version is 1.5.12
2024-05-17 00:14:21 App is up to date.
2024-05-17 01:14:21 Checking for update using Github
2024-05-17 01:14:21 Success.
2024-05-17 01:14:21 Latest version is 1.5.12
2024-05-17 01:14:21 App is up to date.
2024-05-17 02:14:21 Checking for update using Github
2024-05-17 02:14:22 Success.
2024-05-17 02:14:22 Latest version is 1.5.12
2024-05-17 02:14:22 App is up to date.
2024-05-17 03:14:21 Checking for update using Github
2024-05-17 03:14:22 Success.
2024-05-17 03:14:22 Latest version is 1.5.12
2024-05-17 03:14:22 App is up to date.
2024-05-17 04:14:22 Checking for update using Github
2024-05-17 04:14:22 Success.
2024-05-17 04:14:22 Latest version is 1.5.12
2024-05-17 04:14:22 App is up to date.
2024-05-17 05:14:22 Checking for update using Github
2024-05-17 05:14:22 Success.
2024-05-17 05:14:22 Latest version is 1.5.12
2024-05-17 05:14:22 App is up to date.
2024-05-17 07:22:34 Loading main app package /usr/lib/obsidian/obsidian.asar
2024-05-17 07:22:35 Checking for update using Github
2024-05-17 07:22:35 Success.
2024-05-17 07:22:35 Latest version is 1.5.12
2024-05-17 07:22:35 App is up to date.
2024-05-17 18:23:09 Loading main app package /usr/lib/obsidian/obsidian.asar
2024-05-17 18:23:09 Checking for update using Github
2024-05-17 18:23:09 Success.
2024-05-17 18:23:09 Latest version is 1.5.12
2024-05-17 18:23:09 App is up to date.
2024-05-17 18:23:45 Loading main app package /usr/lib/obsidian/obsidian.asar
2024-05-17 18:23:46 Checking for update using Github
2024-05-17 18:23:46 Success.
2024-05-17 18:23:46 Latest version is 1.5.12
2024-05-17 18:23:46 App is up to date.
2024-05-17 19:16:12 Loading main app package /usr/lib/obsidian/obsidian.asar
2024-05-17 19:16:12 Checking for update using Github
2024-05-17 19:16:12 Success.
2024-05-17 19:16:12 Latest version is 1.5.12
2024-05-17 19:16:12 App is up to date.
2024-05-17 20:16:12 Checking for update using Github
2024-05-17 20:16:12 Success.
2024-05-17 20:16:12 Latest version is 1.5.12
2024-05-17 20:16:12 App is up to date.
2024-05-17 21:16:12 Checking for update using Github
2024-05-17 21:16:13 Success.
2024-05-17 21:16:13 Latest version is 1.5.12
2024-05-17 21:16:13 App is up to date.
2024-05-17 22:16:13 Checking for update using Github
2024-05-17 22:16:13 Success.
2024-05-17 22:16:13 Latest version is 1.5.12
2024-05-17 22:16:13 App is up to date.
2024-05-17 23:16:13 Checking for update using Github
2024-05-17 23:16:13 Success.
2024-05-17 23:16:13 Latest version is 1.5.12
2024-05-17 23:16:13 App is up to date.
2024-05-18 00:16:13 Checking for update using Github
2024-05-18 00:16:13 Success.
2024-05-18 00:16:13 Latest version is 1.5.12
2024-05-18 00:16:13 App is up to date.
2024-05-18 01:16:13 Checking for update using Github
2024-05-18 01:16:13 Success.
2024-05-18 01:16:13 Latest version is 1.5.12
2024-05-18 01:16:13 App is up to date.
2024-05-18 03:19:05 Loading main app package /usr/lib/obsidian/obsidian.asar
2024-05-18 03:19:05 Checking for update using Github
2024-05-18 03:19:05 Success.
2024-05-18 03:19:05 Latest version is 1.5.12
2024-05-18 03:19:05 App is up to date.
2024-05-18 04:19:05 Checking for update using Github
2024-05-18 04:19:05 Success.
2024-05-18 04:19:05 Latest version is 1.5.12
2024-05-18 04:19:05 App is up to date.
2024-05-18 05:19:05 Checking for update using Github
2024-05-18 05:19:05 Success.
2024-05-18 05:19:05 Latest version is 1.5.12
2024-05-18 05:19:05 App is up to date.
2024-05-18 08:18:14 Loading main app package /usr/lib/obsidian/obsidian.asar
2024-05-18 08:18:15 Checking for update using Github
2024-05-18 08:18:15 Success.
2024-05-18 08:18:15 Latest version is 1.5.12
2024-05-18 08:18:15 App is up to date.
2024-05-18 09:26:49 Checking for update using Github
2024-05-18 09:26:49 Success.
2024-05-18 09:26:49 Latest version is 1.5.12
2024-05-18 09:26:49 App is up to date.
2024-05-18 19:13:47 Loading main app package /usr/lib/obsidian/obsidian.asar
2024-05-18 19:13:47 Checking for update using Github
2024-05-18 19:13:48 Success.
2024-05-18 19:13:48 Latest version is 1.5.12
2024-05-18 19:13:48 App is up to date.
2024-05-18 20:13:47 Checking for update using Github
2024-05-18 20:13:47 Success.
2024-05-18 20:13:47 Latest version is 1.5.12
2024-05-18 20:13:47 App is up to date.
2024-05-18 20:44:12 Loading main app package /usr/lib/obsidian/obsidian.asar
2024-05-18 20:44:13 Checking for update using Github
2024-05-18 20:44:13 Success.
2024-05-18 20:44:13 Latest version is 1.5.12
2024-05-18 20:44:13 App is up to date.
2024-05-18 21:44:12 Checking for update using Github
2024-05-18 21:44:12 Success.
2024-05-18 21:44:12 Latest version is 1.5.12
2024-05-18 21:44:12 App is up to date.
2024-05-18 22:44:12 Checking for update using Github
2024-05-18 22:44:12 Success.
2024-05-18 22:44:12 Latest version is 1.5.12
2024-05-18 22:44:12 App is up to date.
2024-05-19 07:46:47 Loading main app package /usr/lib/obsidian/obsidian.asar
2024-05-19 07:46:48 Checking for update using Github
2024-05-19 07:46:48 Success.
2024-05-19 07:46:48 Latest version is 1.5.12
2024-05-19 07:46:48 App is up to date.
2024-05-19 19:59:35 Loading main app package /usr/lib/obsidian/obsidian.asar
2024-05-19 19:59:35 Checking for update using Github
2024-05-19 19:59:36 Success.
2024-05-19 19:59:36 Latest version is 1.5.12
2024-05-19 19:59:36 App is up to date.
