    OpenRGB v0.91
    Commit: c60539cb6228808ec61837f7fd6b9cc18c338958 from 2024-05-09 11:56:22 -0500
    Launched: 20240511_160234
====================================================================================================

0     |Info:    Found file: Green.orp attempting to validate header
0     |Info:    Valid v4 profile found for Green
0     |Info:    Found file: Teal.orp attempting to validate header
0     |Info:    Valid v4 profile found for Teal
0     |Info:    Found file: Lavender.orp attempting to validate header
0     |Info:    Valid v4 profile found for Lavender
1001  |Info:    Initializing HID interfaces: Success
1001  |Info:    ------------------------------------------------------
1001  |Info:    |               Start device detection               |
1001  |Info:    ------------------------------------------------------
1003  |Info:    ------------------------------------------------------
1003  |Info:    |             Detecting I2C interfaces               |
1003  |Info:    ------------------------------------------------------
1004  |Info:    Registering I2C interface: /dev/i2c-3 Device 0000:0000 Subsystem: 0000:0000
1004  |Warning: [i2c_smbus_linux] Failed to read i2c device PCI device ID
1004  |Info:    Registering I2C interface: /dev/i2c-10 Device 0000:0000 Subsystem: 0000:0000
1004  |Info:    Registering I2C interface: /dev/i2c-1 Device 0000:0000 Subsystem: 0000:0000
1004  |Info:    Registering I2C interface: /dev/i2c-8 Device 1002:744C Subsystem: 1DA2:E475
1004  |Info:    Registering I2C interface: /dev/i2c-6 Device 1002:744C Subsystem: 1DA2:E475
1004  |Info:    Registering I2C interface: /dev/i2c-4 Device 1002:744C Subsystem: 1DA2:E475
1004  |Warning: [i2c_smbus_linux] Failed to read i2c device PCI device ID
1004  |Info:    Registering I2C interface: /dev/i2c-11 Device 0000:0000 Subsystem: 0000:0000
1004  |Info:    Registering I2C interface: /dev/i2c-2 Device 0000:0000 Subsystem: 0000:0000
1004  |Info:    Registering I2C interface: /dev/i2c-0 Device 8086:7A23 Subsystem: 1043:8882
1004  |Info:    Registering I2C interface: /dev/i2c-9 Device 1002:744C Subsystem: 1DA2:E475
1004  |Info:    Registering I2C interface: /dev/i2c-7 Device 1002:744C Subsystem: 1DA2:E475
1004  |Info:    Registering I2C interface: /dev/i2c-5 Device 1002:744C Subsystem: 1DA2:E475
1004  |Warning: [i2c_smbus_linux] Failed to read i2c device PCI device ID
1004  |Info:    Registering I2C interface: /dev/i2c-MSFT8000:00 Device 0000:0000 Subsystem: 0000:0000
1004  |Info:    ------------------------------------------------------
1004  |Info:    |               Detecting I2C devices                |
1004  |Info:    ------------------------------------------------------
9634  |Info:    ------------------------------------------------------
9634  |Info:    |               Detecting I2C PCI devices            |
9634  |Info:    ------------------------------------------------------
9634  |Info:    ------------------------------------------------------
9634  |Info:    |               Detecting HID devices                |
9634  |Info:    ------------------------------------------------------
9715  |Info:    [ASUS PRIME Z790-A WIFI] Registering RGB controller
10119 |Info:    [Candy companion chip] Registering RGB controller
10120 |Info:    ------------------------------------------------------
10120 |Info:    |            Detecting libusb HID devices            |
10120 |Info:    ------------------------------------------------------
10135 |Info:    ------------------------------------------------------
10135 |Info:    |              Detecting other devices               |
10135 |Info:    ------------------------------------------------------
10135 |Info:    ------------------------------------------------------
10135 |Info:    |                Detection completed                 |
10135 |Info:    ------------------------------------------------------
10135 |Dialog:  <h2>Some internal devices may not be detected:</h2><p>One or more I2C or SMBus interfaces failed to initialize.</p><p><b>RGB DRAM modules, some motherboards' onboard RGB lighting, and RGB Graphics Cards, will not be available in OpenRGB</b> without I2C or SMBus.</p><h4>How to fix this:</h4><p>On Linux, this is usually because the i2c-dev module is not loaded.</p><p>You must load the i2c-dev module along with the correct i2c driver for your motherboard. This is usually i2c-piix4 for AMD systems and i2c-i801 for Intel systems.</p><p>See <a href='https://help.openrgb.org/'>help.openrgb.org</a> for additional troubleshooting steps if you keep seeing this message.<br></p><h3>If you are not using internal RGB on a desktop this message is not important to you.</h3>
124058|Info:    Initializing HID interfaces: Success
124058|Info:    ------------------------------------------------------
124058|Info:    |               Start device detection               |
124058|Info:    ------------------------------------------------------
124063|Info:    ------------------------------------------------------
124063|Info:    |             Detecting I2C interfaces               |
124063|Info:    ------------------------------------------------------
124063|Info:    Registering I2C interface: /dev/i2c-3 Device 0000:0000 Subsystem: 0000:0000
124063|Warning: [i2c_smbus_linux] Failed to read i2c device PCI device ID
124063|Info:    Registering I2C interface: /dev/i2c-10 Device 0000:0000 Subsystem: 0000:0000
124063|Info:    Registering I2C interface: /dev/i2c-1 Device 0000:0000 Subsystem: 0000:0000
124063|Info:    Registering I2C interface: /dev/i2c-8 Device 1002:744C Subsystem: 1DA2:E475
124063|Info:    Registering I2C interface: /dev/i2c-6 Device 1002:744C Subsystem: 1DA2:E475
124063|Info:    Registering I2C interface: /dev/i2c-4 Device 1002:744C Subsystem: 1DA2:E475
124063|Warning: [i2c_smbus_linux] Failed to read i2c device PCI device ID
124063|Info:    Registering I2C interface: /dev/i2c-11 Device 0000:0000 Subsystem: 0000:0000
124063|Info:    Registering I2C interface: /dev/i2c-2 Device 0000:0000 Subsystem: 0000:0000
124064|Info:    Registering I2C interface: /dev/i2c-0 Device 8086:7A23 Subsystem: 1043:8882
124064|Info:    Registering I2C interface: /dev/i2c-9 Device 1002:744C Subsystem: 1DA2:E475
124064|Info:    Registering I2C interface: /dev/i2c-7 Device 1002:744C Subsystem: 1DA2:E475
124064|Info:    Registering I2C interface: /dev/i2c-5 Device 1002:744C Subsystem: 1DA2:E475
124064|Warning: [i2c_smbus_linux] Failed to read i2c device PCI device ID
124064|Info:    Registering I2C interface: /dev/i2c-MSFT8000:00 Device 0000:0000 Subsystem: 0000:0000
124064|Info:    ------------------------------------------------------
124064|Info:    |               Detecting I2C devices                |
124064|Info:    ------------------------------------------------------
132701|Info:    ------------------------------------------------------
132701|Info:    |               Detecting I2C PCI devices            |
132701|Info:    ------------------------------------------------------
132701|Info:    ------------------------------------------------------
132701|Info:    |               Detecting HID devices                |
132701|Info:    ------------------------------------------------------
132790|Info:    [ASUS PRIME Z790-A WIFI] Registering RGB controller
133186|Info:    [Candy companion chip] Registering RGB controller
133186|Info:    ------------------------------------------------------
133186|Info:    |            Detecting libusb HID devices            |
133186|Info:    ------------------------------------------------------
133194|Info:    ------------------------------------------------------
133194|Info:    |              Detecting other devices               |
133194|Info:    ------------------------------------------------------
133194|Info:    ------------------------------------------------------
133194|Info:    |                Detection completed                 |
133194|Info:    ------------------------------------------------------
133194|Dialog:  <h2>Some internal devices may not be detected:</h2><p>One or more I2C or SMBus interfaces failed to initialize.</p><p><b>RGB DRAM modules, some motherboards' onboard RGB lighting, and RGB Graphics Cards, will not be available in OpenRGB</b> without I2C or SMBus.</p><h4>How to fix this:</h4><p>On Linux, this is usually because the i2c-dev module is not loaded.</p><p>You must load the i2c-dev module along with the correct i2c driver for your motherboard. This is usually i2c-piix4 for AMD systems and i2c-i801 for Intel systems.</p><p>See <a href='https://help.openrgb.org/'>help.openrgb.org</a> for additional troubleshooting steps if you keep seeing this message.<br></p><h3>If you are not using internal RGB on a desktop this message is not important to you.</h3>
252869|Info:    Profile loading: Succeeded for ASUS PRIME Z790-A WIFI @ HID: /dev/hidraw0
252869|Info:    Profile loading: Succeeded for Candy companion chip @ HID: /dev/hidraw7 (Receiver) 
Wireless Index: 255
253120|Info:    Profile loading: Succeeded for ASUS PRIME Z790-A WIFI @ HID: /dev/hidraw0
253120|Info:    Profile loading: Succeeded for Candy companion chip @ HID: /dev/hidraw7 (Receiver) 
Wireless Index: 255
