    OpenRGB v0.9
    Commit:  from 
    Launched: 20240306_181835
====================================================================================================

2     |Info:    Found file: Green.orp attempting to validate header
2     |Info:    Valid v4 profile found for Green
2     |Info:    Found file: Teal.orp attempting to validate header
3     |Info:    Valid v4 profile found for Teal
3     |Info:    Found file: Lavender.orp attempting to validate header
3     |Info:    Valid v4 profile found for Lavender
1009  |Info:    ------------------------------------------------------
1009  |Info:    |               Start device detection               |
1009  |Info:    ------------------------------------------------------
1009  |Info:    Initializing HID interfaces: Success
1026  |Info:    ------------------------------------------------------
1026  |Info:    |             Detecting I2C interfaces               |
1026  |Info:    ------------------------------------------------------
1026  |Info:    Registering I2C interface: /dev/i2c-3 Device 0000:0000 Subsystem: 0000:0000
1026  |Info:    Registering I2C interface: /dev/i2c-1 Device 0000:0000 Subsystem: 0000:0000
1026  |Info:    Registering I2C interface: /dev/i2c-8 Device 10DE:2786 Subsystem: 1462:5136
1026  |Info:    Registering I2C interface: /dev/i2c-6 Device 10DE:2786 Subsystem: 1462:5136
1027  |Info:    Registering I2C interface: /dev/i2c-4 Device 10DE:2786 Subsystem: 1462:5136
1027  |Info:    Registering I2C interface: /dev/i2c-2 Device 0000:0000 Subsystem: 0000:0000
1027  |Info:    Registering I2C interface: /dev/i2c-0 Device 8086:7A23 Subsystem: 1043:8882
1027  |Info:    Registering I2C interface: /dev/i2c-9 Device 10DE:2786 Subsystem: 1462:5136
1027  |Info:    Registering I2C interface: /dev/i2c-7 Device 10DE:2786 Subsystem: 1462:5136
1027  |Info:    Registering I2C interface: /dev/i2c-5 Device 10DE:2786 Subsystem: 1462:5136
1027  |Warning: [i2c_smbus_linux] Failed to read i2c device PCI device ID
1027  |Info:    Registering I2C interface: /dev/i2c-MSFT8000:00 Device 0000:0000 Subsystem: 0000:0000
1027  |Info:    ------------------------------------------------------
1027  |Info:    |               Detecting I2C devices                |
1027  |Info:    ------------------------------------------------------
1204  |Info:    [ENE DRAM] Registering RGB controller
1382  |Info:    [ENE DRAM] Registering RGB controller
7558  |Info:    ------------------------------------------------------
7558  |Info:    |               Detecting I2C PCI devices            |
7558  |Info:    ------------------------------------------------------
7558  |Info:    [MSI GeForce RTX 4070 12GB Gaming X Trio] Registering RGB controller
7559  |Info:    ------------------------------------------------------
7559  |Info:    |               Detecting HID devices                |
7559  |Info:    ------------------------------------------------------
7645  |Info:    [ASUS PRIME Z790-A WIFI] Registering RGB controller
8045  |Info:    [Candy companion chip] Registering RGB controller
8399  |Info:    Unable add this Logitech device: Not Connected
8751  |Info:    Unable add this Logitech device: Not Connected
9104  |Info:    Unable add this Logitech device: Not Connected
9457  |Info:    Unable add this Logitech device: Not Connected
9810  |Info:    Unable add this Logitech device: Not Connected
10163 |Info:    Unable add this Logitech device: Not Connected
10516 |Info:    Unable add this Logitech device: Not Connected
10869 |Info:    Unable add this Logitech device: Not Connected
11221 |Info:    Unable add this Logitech device: Not Connected
11574 |Info:    Unable add this Logitech device: Not Connected
11574 |Info:    ------------------------------------------------------
11574 |Info:    |            Detecting libusb HID devices            |
11574 |Info:    ------------------------------------------------------
11591 |Info:    ------------------------------------------------------
11591 |Info:    |              Detecting other devices               |
11591 |Info:    ------------------------------------------------------
11591 |Info:    ------------------------------------------------------
11591 |Info:    |                Detection completed                 |
11591 |Info:    ------------------------------------------------------
11591 |Dialog:  <h2>WARNING:</h2><p>One or more I2C/SMBus interfaces failed to initialize.</p><p>RGB DRAM modules and some motherboards' onboard RGB lighting will not be available without I2C/SMBus.</p><p>On Linux, this is usually because the i2c-dev module is not loaded.  You must load the i2c-dev module along with the correct i2c driver for your motherboard.  This is usually i2c-piix4 for AMD systems and i2c-i801 for Intel systems.</p><p>See <a href='https://help.openrgb.org/'>help.openrgb.org</a> for additional troubleshooting steps if you keep seeing this message.<br></p>
11591 |Info:    Profile loading: FAILED! for ENE DRAM @ I2C: /dev/i2c-0, address 0x71
11591 |Info:    Profile loading: FAILED! for ENE DRAM @ I2C: /dev/i2c-0, address 0x73
11591 |Info:    Profile loading: Succeeded for MSI GeForce RTX 4070 12GB Gaming X Trio @ I2C: /dev/i2c-4, address 0x68
11591 |Info:    Profile loading: Succeeded for ASUS PRIME Z790-A WIFI @ HID: /dev/hidraw0
11591 |Info:    Profile loading: Succeeded for Candy companion chip @ HID: /dev/hidraw12 (Receiver) 
Wireless Index: 255
24554922|Info:    Profile loading: FAILED! for ENE DRAM @ I2C: /dev/i2c-0, address 0x71
24554923|Info:    Profile loading: FAILED! for ENE DRAM @ I2C: /dev/i2c-0, address 0x73
24554923|Info:    Profile loading: Succeeded for MSI GeForce RTX 4070 12GB Gaming X Trio @ I2C: /dev/i2c-4, address 0x68
24554923|Info:    Profile loading: Succeeded for ASUS PRIME Z790-A WIFI @ HID: /dev/hidraw0
24554923|Info:    Profile loading: Succeeded for Candy companion chip @ HID: /dev/hidraw12 (Receiver) 
Wireless Index: 255
