    OpenRGB v0.9
    Commit:  from 
    Launched: 20240509_181219
====================================================================================================

0     |Info:    Found file: Green.orp attempting to validate header
0     |Info:    Valid v4 profile found for Green
0     |Info:    Found file: Teal.orp attempting to validate header
0     |Info:    Valid v4 profile found for Teal
0     |Info:    Found file: Lavender.orp attempting to validate header
0     |Info:    Valid v4 profile found for Lavender
1001  |Info:    ------------------------------------------------------
1002  |Info:    |               Start device detection               |
1002  |Info:    ------------------------------------------------------
1002  |Info:    Initializing HID interfaces: Success
1006  |Info:    ------------------------------------------------------
1006  |Info:    |             Detecting I2C interfaces               |
1006  |Info:    ------------------------------------------------------
1007  |Info:    Registering I2C interface: /dev/i2c-3 Device 0000:0000 Subsystem: 0000:0000
1007  |Warning: [i2c_smbus_linux] Failed to read i2c device PCI device ID
1007  |Info:    Registering I2C interface: /dev/i2c-10 Device 0000:0000 Subsystem: 0000:0000
1007  |Info:    Registering I2C interface: /dev/i2c-1 Device 0000:0000 Subsystem: 0000:0000
1007  |Info:    Registering I2C interface: /dev/i2c-8 Device 1002:744C Subsystem: 1DA2:E475
1007  |Info:    Registering I2C interface: /dev/i2c-6 Device 1002:744C Subsystem: 1DA2:E475
1007  |Info:    Registering I2C interface: /dev/i2c-4 Device 1002:744C Subsystem: 1DA2:E475
1007  |Warning: [i2c_smbus_linux] Failed to read i2c device PCI device ID
1007  |Info:    Registering I2C interface: /dev/i2c-11 Device 0000:0000 Subsystem: 0000:0000
1007  |Info:    Registering I2C interface: /dev/i2c-2 Device 0000:0000 Subsystem: 0000:0000
1007  |Info:    Registering I2C interface: /dev/i2c-0 Device 8086:7A23 Subsystem: 1043:8882
1007  |Info:    Registering I2C interface: /dev/i2c-9 Device 1002:744C Subsystem: 1DA2:E475
1007  |Info:    Registering I2C interface: /dev/i2c-7 Device 1002:744C Subsystem: 1DA2:E475
1007  |Info:    Registering I2C interface: /dev/i2c-5 Device 1002:744C Subsystem: 1DA2:E475
1007  |Warning: [i2c_smbus_linux] Failed to read i2c device PCI device ID
1007  |Info:    Registering I2C interface: /dev/i2c-MSFT8000:00 Device 0000:0000 Subsystem: 0000:0000
1007  |Info:    ------------------------------------------------------
1007  |Info:    |               Detecting I2C devices                |
1007  |Info:    ------------------------------------------------------
1185  |Info:    [ENE DRAM] Registering RGB controller
1358  |Info:    [ENE DRAM] Registering RGB controller
7839  |Info:    ------------------------------------------------------
7839  |Info:    |               Detecting I2C PCI devices            |
7839  |Info:    ------------------------------------------------------
7839  |Info:    ------------------------------------------------------
7839  |Info:    |               Detecting HID devices                |
7839  |Info:    ------------------------------------------------------
7921  |Info:    [ASUS PRIME Z790-A WIFI] Registering RGB controller
8335  |Info:    [Candy companion chip] Registering RGB controller
8335  |Info:    ------------------------------------------------------
8335  |Info:    |            Detecting libusb HID devices            |
8335  |Info:    ------------------------------------------------------
8348  |Info:    ------------------------------------------------------
8348  |Info:    |              Detecting other devices               |
8348  |Info:    ------------------------------------------------------
8348  |Info:    ------------------------------------------------------
8348  |Info:    |                Detection completed                 |
8348  |Info:    ------------------------------------------------------
8348  |Dialog:  <h2>WARNING:</h2><p>One or more I2C/SMBus interfaces failed to initialize.</p><p>RGB DRAM modules and some motherboards' onboard RGB lighting will not be available without I2C/SMBus.</p><p>On Linux, this is usually because the i2c-dev module is not loaded.  You must load the i2c-dev module along with the correct i2c driver for your motherboard.  This is usually i2c-piix4 for AMD systems and i2c-i801 for Intel systems.</p><p>See <a href='https://help.openrgb.org/'>help.openrgb.org</a> for additional troubleshooting steps if you keep seeing this message.<br></p>
31288 |Info:    ------------------------------------------------------
31288 |Info:    |               Start device detection               |
31288 |Info:    ------------------------------------------------------
31288 |Info:    Initializing HID interfaces: Success
31291 |Info:    ------------------------------------------------------
31291 |Info:    |             Detecting I2C interfaces               |
31291 |Info:    ------------------------------------------------------
31291 |Info:    Registering I2C interface: /dev/i2c-3 Device 0000:0000 Subsystem: 0000:0000
31291 |Warning: [i2c_smbus_linux] Failed to read i2c device PCI device ID
31291 |Info:    Registering I2C interface: /dev/i2c-10 Device 0000:0000 Subsystem: 0000:0000
31291 |Info:    Registering I2C interface: /dev/i2c-1 Device 0000:0000 Subsystem: 0000:0000
31291 |Info:    Registering I2C interface: /dev/i2c-8 Device 1002:744C Subsystem: 1DA2:E475
31291 |Info:    Registering I2C interface: /dev/i2c-6 Device 1002:744C Subsystem: 1DA2:E475
31291 |Info:    Registering I2C interface: /dev/i2c-4 Device 1002:744C Subsystem: 1DA2:E475
31291 |Warning: [i2c_smbus_linux] Failed to read i2c device PCI device ID
31291 |Info:    Registering I2C interface: /dev/i2c-11 Device 0000:0000 Subsystem: 0000:0000
31291 |Info:    Registering I2C interface: /dev/i2c-2 Device 0000:0000 Subsystem: 0000:0000
31291 |Info:    Registering I2C interface: /dev/i2c-0 Device 8086:7A23 Subsystem: 1043:8882
31291 |Info:    Registering I2C interface: /dev/i2c-9 Device 1002:744C Subsystem: 1DA2:E475
31291 |Info:    Registering I2C interface: /dev/i2c-7 Device 1002:744C Subsystem: 1DA2:E475
31291 |Info:    Registering I2C interface: /dev/i2c-5 Device 1002:744C Subsystem: 1DA2:E475
31291 |Warning: [i2c_smbus_linux] Failed to read i2c device PCI device ID
31291 |Info:    Registering I2C interface: /dev/i2c-MSFT8000:00 Device 0000:0000 Subsystem: 0000:0000
31291 |Info:    ------------------------------------------------------
31291 |Info:    |               Detecting I2C devices                |
31291 |Info:    ------------------------------------------------------
41534 |Info:    ------------------------------------------------------
41534 |Info:    |               Detecting I2C PCI devices            |
41534 |Info:    ------------------------------------------------------
41535 |Info:    ------------------------------------------------------
41535 |Info:    |               Detecting HID devices                |
41535 |Info:    ------------------------------------------------------
41621 |Info:    [ASUS PRIME Z790-A WIFI] Registering RGB controller
42019 |Info:    [Candy companion chip] Registering RGB controller
42019 |Info:    ------------------------------------------------------
42019 |Info:    |            Detecting libusb HID devices            |
42019 |Info:    ------------------------------------------------------
42026 |Info:    ------------------------------------------------------
42026 |Info:    |              Detecting other devices               |
42026 |Info:    ------------------------------------------------------
42030 |Info:    ------------------------------------------------------
42030 |Info:    |                Detection completed                 |
42030 |Info:    ------------------------------------------------------
42030 |Dialog:  <h2>WARNING:</h2><p>One or more I2C/SMBus interfaces failed to initialize.</p><p>RGB DRAM modules and some motherboards' onboard RGB lighting will not be available without I2C/SMBus.</p><p>On Linux, this is usually because the i2c-dev module is not loaded.  You must load the i2c-dev module along with the correct i2c driver for your motherboard.  This is usually i2c-piix4 for AMD systems and i2c-i801 for Intel systems.</p><p>See <a href='https://help.openrgb.org/'>help.openrgb.org</a> for additional troubleshooting steps if you keep seeing this message.<br></p>
49463 |Info:    Profile loading: Succeeded for ASUS PRIME Z790-A WIFI @ HID: /dev/hidraw0
49463 |Info:    Profile loading: Succeeded for Candy companion chip @ HID: /dev/hidraw7 (Receiver) 
Wireless Index: 255
49717 |Info:    Profile loading: Succeeded for ASUS PRIME Z790-A WIFI @ HID: /dev/hidraw0
49717 |Info:    Profile loading: Succeeded for Candy companion chip @ HID: /dev/hidraw7 (Receiver) 
Wireless Index: 255
