    OpenRGB v0.9
    Commit: 11a4eac71fdeb90356b4e68249723fc97af3d110 from 2023-07-10 05:52:54 -0500
    Launched: 20231204_212518
====================================================================================================

1     |Info:    Found file: Green.orp attempting to validate header
1     |Info:    Valid v4 profile found for Green
1     |Info:    Found file: Teal.orp attempting to validate header
1     |Info:    Valid v4 profile found for Teal
1     |Info:    Found file: Lavender.orp attempting to validate header
1     |Info:    Valid v4 profile found for Lavender
1003  |Info:    ------------------------------------------------------
1003  |Info:    |               Start device detection               |
1003  |Info:    ------------------------------------------------------
1003  |Info:    Initializing HID interfaces: Success
1006  |Info:    ------------------------------------------------------
1006  |Info:    |             Detecting I2C interfaces               |
1006  |Info:    ------------------------------------------------------
1006  |Info:    Registering I2C interface: /dev/i2c-3 Device 0000:0000 Subsystem: 0000:0000
1006  |Info:    Registering I2C interface: /dev/i2c-1 Device 0000:0000 Subsystem: 0000:0000
1006  |Info:    Registering I2C interface: /dev/i2c-8 Device 10DE:2786 Subsystem: 1462:5136
1006  |Info:    Registering I2C interface: /dev/i2c-6 Device 10DE:2786 Subsystem: 1462:5136
1006  |Info:    Registering I2C interface: /dev/i2c-4 Device 10DE:2786 Subsystem: 1462:5136
1006  |Info:    Registering I2C interface: /dev/i2c-2 Device 0000:0000 Subsystem: 0000:0000
1006  |Info:    Registering I2C interface: /dev/i2c-0 Device 8086:7A23 Subsystem: 1043:8882
1006  |Info:    Registering I2C interface: /dev/i2c-9 Device 10DE:2786 Subsystem: 1462:5136
1006  |Info:    Registering I2C interface: /dev/i2c-7 Device 10DE:2786 Subsystem: 1462:5136
1006  |Info:    Registering I2C interface: /dev/i2c-5 Device 10DE:2786 Subsystem: 1462:5136
1007  |Warning: [i2c_smbus_linux] Failed to read i2c device PCI device ID
1007  |Info:    Registering I2C interface: /dev/i2c-MSFT8000:00 Device 0000:0000 Subsystem: 0000:0000
1007  |Info:    ------------------------------------------------------
1007  |Info:    |               Detecting I2C devices                |
1007  |Info:    ------------------------------------------------------
7147  |Info:    ------------------------------------------------------
7147  |Info:    |               Detecting I2C PCI devices            |
7147  |Info:    ------------------------------------------------------
7147  |Info:    [MSI GeForce RTX 4070 12GB Gaming X Trio] Registering RGB controller
7147  |Info:    ------------------------------------------------------
7147  |Info:    |               Detecting HID devices                |
7147  |Info:    ------------------------------------------------------
7229  |Info:    [ASUS PRIME Z790-A WIFI] Registering RGB controller
7625  |Info:    [Candy companion chip] Registering RGB controller
7978  |Info:    Unable add this Logitech device: Not Connected
8331  |Info:    Unable add this Logitech device: Not Connected
8684  |Info:    Unable add this Logitech device: Not Connected
9037  |Info:    Unable add this Logitech device: Not Connected
9390  |Info:    Unable add this Logitech device: Not Connected
9743  |Info:    Unable add this Logitech device: Not Connected
10096 |Info:    Unable add this Logitech device: Not Connected
10450 |Info:    Unable add this Logitech device: Not Connected
10803 |Info:    Unable add this Logitech device: Not Connected
11156 |Info:    Unable add this Logitech device: Not Connected
11156 |Info:    ------------------------------------------------------
11156 |Info:    |            Detecting libusb HID devices            |
11156 |Info:    ------------------------------------------------------
11172 |Info:    ------------------------------------------------------
11172 |Info:    |              Detecting other devices               |
11172 |Info:    ------------------------------------------------------
11172 |Info:    ------------------------------------------------------
11172 |Info:    |                Detection completed                 |
11172 |Info:    ------------------------------------------------------
11172 |Dialog:  <h2>WARNING:</h2><p>One or more I2C/SMBus interfaces failed to initialize.</p><p>RGB DRAM modules and some motherboards' onboard RGB lighting will not be available without I2C/SMBus.</p><p>On Linux, this is usually because the i2c-dev module is not loaded.  You must load the i2c-dev module along with the correct i2c driver for your motherboard.  This is usually i2c-piix4 for AMD systems and i2c-i801 for Intel systems.</p><p>See <a href='https://help.openrgb.org/'>help.openrgb.org</a> for additional troubleshooting steps if you keep seeing this message.<br></p>
11172 |Info:    Profile loading: Succeeded for MSI GeForce RTX 4070 12GB Gaming X Trio @ I2C: /dev/i2c-4, address 0x68
11172 |Info:    Profile loading: Succeeded for ASUS PRIME Z790-A WIFI @ HID: /dev/hidraw0
11172 |Info:    Profile loading: Succeeded for Candy companion chip @ HID: /dev/hidraw6 (Receiver) 
Wireless Index: 255
799314|Info:    ------------------------------------------------------
799314|Info:    |               Start device detection               |
799314|Info:    ------------------------------------------------------
799315|Info:    Initializing HID interfaces: Success
799319|Info:    ------------------------------------------------------
799319|Info:    |             Detecting I2C interfaces               |
799319|Info:    ------------------------------------------------------
799319|Info:    Registering I2C interface: /dev/i2c-3 Device 0000:0000 Subsystem: 0000:0000
799319|Info:    Registering I2C interface: /dev/i2c-1 Device 0000:0000 Subsystem: 0000:0000
799319|Info:    Registering I2C interface: /dev/i2c-8 Device 10DE:2786 Subsystem: 1462:5136
799319|Info:    Registering I2C interface: /dev/i2c-6 Device 10DE:2786 Subsystem: 1462:5136
799319|Info:    Registering I2C interface: /dev/i2c-4 Device 10DE:2786 Subsystem: 1462:5136
799319|Info:    Registering I2C interface: /dev/i2c-2 Device 0000:0000 Subsystem: 0000:0000
799319|Info:    Registering I2C interface: /dev/i2c-0 Device 8086:7A23 Subsystem: 1043:8882
799319|Info:    Registering I2C interface: /dev/i2c-9 Device 10DE:2786 Subsystem: 1462:5136
799319|Info:    Registering I2C interface: /dev/i2c-7 Device 10DE:2786 Subsystem: 1462:5136
799319|Info:    Registering I2C interface: /dev/i2c-5 Device 10DE:2786 Subsystem: 1462:5136
799319|Warning: [i2c_smbus_linux] Failed to read i2c device PCI device ID
799319|Info:    Registering I2C interface: /dev/i2c-MSFT8000:00 Device 0000:0000 Subsystem: 0000:0000
799319|Info:    ------------------------------------------------------
799319|Info:    |               Detecting I2C devices                |
799319|Info:    ------------------------------------------------------
805465|Info:    ------------------------------------------------------
805465|Info:    |               Detecting I2C PCI devices            |
805465|Info:    ------------------------------------------------------
805465|Info:    [MSI GeForce RTX 4070 12GB Gaming X Trio] Registering RGB controller
805465|Info:    ------------------------------------------------------
805465|Info:    |               Detecting HID devices                |
805465|Info:    ------------------------------------------------------
805554|Info:    [ASUS PRIME Z790-A WIFI] Registering RGB controller
805950|Info:    [Candy companion chip] Registering RGB controller
806508|Info:    [G502 LIGHTSPEED Wireless Gaming Mouse] Registering RGB controller
806508|Info:    ------------------------------------------------------
806508|Info:    |            Detecting libusb HID devices            |
806508|Info:    ------------------------------------------------------
806515|Info:    ------------------------------------------------------
806515|Info:    |              Detecting other devices               |
806515|Info:    ------------------------------------------------------
806515|Info:    ------------------------------------------------------
806515|Info:    |                Detection completed                 |
806515|Info:    ------------------------------------------------------
806515|Dialog:  <h2>WARNING:</h2><p>One or more I2C/SMBus interfaces failed to initialize.</p><p>RGB DRAM modules and some motherboards' onboard RGB lighting will not be available without I2C/SMBus.</p><p>On Linux, this is usually because the i2c-dev module is not loaded.  You must load the i2c-dev module along with the correct i2c driver for your motherboard.  This is usually i2c-piix4 for AMD systems and i2c-i801 for Intel systems.</p><p>See <a href='https://help.openrgb.org/'>help.openrgb.org</a> for additional troubleshooting steps if you keep seeing this message.<br></p>
850130|Info:    Profile loading: Succeeded for MSI GeForce RTX 4070 12GB Gaming X Trio @ I2C: /dev/i2c-4, address 0x68
850130|Info:    Profile loading: Succeeded for ASUS PRIME Z790-A WIFI @ HID: /dev/hidraw0
850130|Info:    Profile loading: Succeeded for Candy companion chip @ HID: /dev/hidraw6 (Receiver) 
Wireless Index: 255
850130|Info:    Profile loading: Succeeded for G502 LIGHTSPEED Wireless Gaming Mouse @ HID: /dev/hidraw5 (Receiver) 
Wireless Index: 255
874674|Info:    Found file: Green.orp attempting to validate header
874675|Info:    Valid v4 profile found for Green
874675|Info:    Found file: Teal.orp attempting to validate header
874675|Info:    Valid v4 profile found for Teal
874675|Info:    Found file: Lavender.orp attempting to validate header
874675|Info:    Valid v4 profile found for Lavender
1001327|Info:    ------------------------------------------------------
1001327|Info:    |               Start device detection               |
1001327|Info:    ------------------------------------------------------
1001327|Info:    Initializing HID interfaces: Success
1001330|Info:    ------------------------------------------------------
1001330|Info:    |             Detecting I2C interfaces               |
1001330|Info:    ------------------------------------------------------
1001330|Info:    Registering I2C interface: /dev/i2c-3 Device 0000:0000 Subsystem: 0000:0000
1001331|Info:    Registering I2C interface: /dev/i2c-1 Device 0000:0000 Subsystem: 0000:0000
1001331|Info:    Registering I2C interface: /dev/i2c-8 Device 10DE:2786 Subsystem: 1462:5136
1001331|Info:    Registering I2C interface: /dev/i2c-6 Device 10DE:2786 Subsystem: 1462:5136
1001331|Info:    Registering I2C interface: /dev/i2c-4 Device 10DE:2786 Subsystem: 1462:5136
1001331|Info:    Registering I2C interface: /dev/i2c-2 Device 0000:0000 Subsystem: 0000:0000
1001331|Info:    Registering I2C interface: /dev/i2c-0 Device 8086:7A23 Subsystem: 1043:8882
1001331|Info:    Registering I2C interface: /dev/i2c-9 Device 10DE:2786 Subsystem: 1462:5136
1001331|Info:    Registering I2C interface: /dev/i2c-7 Device 10DE:2786 Subsystem: 1462:5136
1001331|Info:    Registering I2C interface: /dev/i2c-5 Device 10DE:2786 Subsystem: 1462:5136
1001331|Warning: [i2c_smbus_linux] Failed to read i2c device PCI device ID
1001331|Info:    Registering I2C interface: /dev/i2c-MSFT8000:00 Device 0000:0000 Subsystem: 0000:0000
1001331|Info:    ------------------------------------------------------
1001331|Info:    |               Detecting I2C devices                |
1001331|Info:    ------------------------------------------------------
1007469|Info:    ------------------------------------------------------
1007469|Info:    |               Detecting I2C PCI devices            |
1007469|Info:    ------------------------------------------------------
1007469|Info:    [MSI GeForce RTX 4070 12GB Gaming X Trio] Registering RGB controller
1007469|Info:    ------------------------------------------------------
1007469|Info:    |               Detecting HID devices                |
1007469|Info:    ------------------------------------------------------
1007564|Info:    [ASUS PRIME Z790-A WIFI] Registering RGB controller
1007959|Info:    [Candy companion chip] Registering RGB controller
1008523|Info:    [G502 LIGHTSPEED Wireless Gaming Mouse] Registering RGB controller
1008523|Info:    ------------------------------------------------------
1008523|Info:    |            Detecting libusb HID devices            |
1008523|Info:    ------------------------------------------------------
1008530|Info:    ------------------------------------------------------
1008530|Info:    |              Detecting other devices               |
1008530|Info:    ------------------------------------------------------
1008530|Info:    ------------------------------------------------------
1008530|Info:    |                Detection completed                 |
1008530|Info:    ------------------------------------------------------
1008530|Dialog:  <h2>WARNING:</h2><p>One or more I2C/SMBus interfaces failed to initialize.</p><p>RGB DRAM modules and some motherboards' onboard RGB lighting will not be available without I2C/SMBus.</p><p>On Linux, this is usually because the i2c-dev module is not loaded.  You must load the i2c-dev module along with the correct i2c driver for your motherboard.  This is usually i2c-piix4 for AMD systems and i2c-i801 for Intel systems.</p><p>See <a href='https://help.openrgb.org/'>help.openrgb.org</a> for additional troubleshooting steps if you keep seeing this message.<br></p>
1022461|Info:    Profile loading: Succeeded for MSI GeForce RTX 4070 12GB Gaming X Trio @ I2C: /dev/i2c-4, address 0x68
1022461|Info:    Profile loading: Succeeded for ASUS PRIME Z790-A WIFI @ HID: /dev/hidraw0
1022461|Info:    Profile loading: Succeeded for Candy companion chip @ HID: /dev/hidraw6 (Receiver) 
Wireless Index: 255
1022461|Info:    Profile loading: Succeeded for G502 LIGHTSPEED Wireless Gaming Mouse @ HID: /dev/hidraw5 (Receiver) 
Wireless Index: 255
1022715|Info:    Profile loading: Succeeded for MSI GeForce RTX 4070 12GB Gaming X Trio @ I2C: /dev/i2c-4, address 0x68
1022715|Info:    Profile loading: Succeeded for ASUS PRIME Z790-A WIFI @ HID: /dev/hidraw0
1022715|Info:    Profile loading: Succeeded for Candy companion chip @ HID: /dev/hidraw6 (Receiver) 
Wireless Index: 255
1022715|Info:    Profile loading: Succeeded for G502 LIGHTSPEED Wireless Gaming Mouse @ HID: /dev/hidraw5 (Receiver) 
Wireless Index: 255
