    OpenRGB v0.9
    Commit:  from 
    Launched: 20240307_171527
====================================================================================================

1     |Info:    Found file: Green.orp attempting to validate header
2     |Info:    Valid v4 profile found for Green
2     |Info:    Found file: Teal.orp attempting to validate header
5     |Info:    Valid v4 profile found for Teal
5     |Info:    Found file: Lavender.orp attempting to validate header
6     |Info:    Valid v4 profile found for Lavender
1009  |Info:    ------------------------------------------------------
1009  |Info:    |               Start device detection               |
1009  |Info:    ------------------------------------------------------
1009  |Info:    Initializing HID interfaces: Success
1016  |Info:    ------------------------------------------------------
1016  |Info:    |             Detecting I2C interfaces               |
1016  |Info:    ------------------------------------------------------
1017  |Info:    Registering I2C interface: /dev/i2c-3 Device 0000:0000 Subsystem: 0000:0000
1017  |Info:    Registering I2C interface: /dev/i2c-1 Device 0000:0000 Subsystem: 0000:0000
1017  |Info:    Registering I2C interface: /dev/i2c-8 Device 10DE:2786 Subsystem: 1462:5136
1017  |Info:    Registering I2C interface: /dev/i2c-6 Device 10DE:2786 Subsystem: 1462:5136
1017  |Info:    Registering I2C interface: /dev/i2c-4 Device 10DE:2786 Subsystem: 1462:5136
1017  |Info:    Registering I2C interface: /dev/i2c-2 Device 0000:0000 Subsystem: 0000:0000
1017  |Info:    Registering I2C interface: /dev/i2c-0 Device 8086:7A23 Subsystem: 1043:8882
1017  |Info:    Registering I2C interface: /dev/i2c-9 Device 10DE:2786 Subsystem: 1462:5136
1017  |Info:    Registering I2C interface: /dev/i2c-7 Device 10DE:2786 Subsystem: 1462:5136
1017  |Info:    Registering I2C interface: /dev/i2c-5 Device 10DE:2786 Subsystem: 1462:5136
1018  |Warning: [i2c_smbus_linux] Failed to read i2c device PCI device ID
1018  |Info:    Registering I2C interface: /dev/i2c-MSFT8000:00 Device 0000:0000 Subsystem: 0000:0000
1018  |Info:    ------------------------------------------------------
1018  |Info:    |               Detecting I2C devices                |
1018  |Info:    ------------------------------------------------------
1363  |Info:    [ASUS Aura Motherboard] Registering RG1705  |Info: 1706  |Info:    [ASUS Aura Motherboard] Registering RG14705 |Info: 15713 |Info:    ------------------------------------------------------
15713 |Info:    |               Detecting I2C PCI devices            |
15713 |Info:    ------------------------------------------------------
15713 |Info:    [MSI GeForce RTX 4070 12GB Gaming X Trio] Registering RGB controller
15714 |Info:    ------------------------------------------------------
15714 |Info:    |               Detecting HID devices                |
15714 |Info:    ------------------------------------------------------
15737 |Info:    [ASUS PRIME Z790-A WIFI] Registering RGB controller
16133 |Info:    [Candy companion chip] Registering RGB controller
16858 |Info:    [G502 LIGHTSPEED Wireless Gaming Mouse] Registering RGB controller
16858 |Info:    ------------------------------------------------------
16858 |Info:    |            Detecting libusb HID devices            |
16858 |Info:    ------------------------------------------------------
16872 |Info:    ------------------------------------------------------
16872 |Info:    |              Detecting other devices               |
16872 |Info:    ------------------------------------------------------
16872 |Info:    ------------------------------------------------------
16872 |Info:    |                Detection completed                 |
16872 |Info:    ------------------------------------------------------
16872 |Dialog:  <h2>WARNING:</h2><p>One or more I2C/SMBus interfaces failed to initialize.</p><p>RGB DRAM modules and some motherboards' onboard RGB lighting will not be available without I2C/SMBus.</p><p>On Linux, this is usually because the i2c-dev module is not loaded.  You must load the i2c-dev module along with the correct i2c driver for your motherboard.  This is usually i2c-piix4 for AMD systems and i2c-i801 for Intel systems.</p><p>See <a href='https://help.openrgb.org/'>help.openrgb.org</a> for additional troubleshooting steps if you keep seeing this message.<br></p>
   Profile loading: FAILED! for ENE DRAM @ I2C: /dev/i2c-0, address 0x71
15818 |Info:    Profile loading: FAILED! for ASUS Aura Motherboard @ I2C: /dev/i2c-0, address 0x73
15818 |Info:    Profile loading: Succeeded for MSI GeForce RTX 4070 12GB Gaming X Trio @ I2C: /dev/i2c-4, address 0x68
15818 |Info:    Profile loading: Succeeded for ASUS PRIME Z790-A WIFI @ HID: /dev/hidraw0
15818 |Info:    Profile loading: Succeeded for Candy companion chip @ HID: /dev/hidraw7 (Receiver) 
Wireless Index: 255
15818 |Info:    Profile loading: Succeeded for G502 LIGHTSPEED Wireless Gaming Mouse @ HID: /dev/hidraw6 (Receiver) 
Wireless Index: 255
23927672|Info:    Profile loading: FAILED! for ENE DRAM @ I2C: /dev/i2c-0, address 0x71
23927672|Info:    Profile loading: FAILED! for ASUS Aura Motherboard @ I2C: /dev/i2c-0, address 0x73
23927672|Info:    Profile loading: Succeeded for MSI GeForce RTX 4070 12GB Gaming X Trio @ I2C: /dev/i2c-4, address 0x68
23927672|Info:    Profile loading: Succeeded for ASUS PRIME Z790-A WIFI @ HID: /dev/hidraw0
23927672|Info:    Profile loading: Succeeded for Candy companion chip @ HID: /dev/hidraw7 (Receiver) 
Wireless Index: 255
23927672|Info:    Profile loading: Succeeded for G502 LIGHTSPEED Wireless Gaming Mouse @ HID: /dev/hidraw6 (Receiver) 
Wireless Index: 255
