    OpenRGB v0.9
    Commit:  from 
    Launched: 20240427_182712
====================================================================================================

0     |Info:    Found file: Green.orp attempting to validate header
0     |Info:    Valid v4 profile found for Green
0     |Info:    Found file: Teal.orp attempting to validate header
0     |Info:    Valid v4 profile found for Teal
0     |Info:    Found file: Lavender.orp attempting to validate header
1     |Info:    Valid v4 profile found for Lavender
1002  |Info:    ------------------------------------------------------
1002  |Info:    |               Start device detection               |
1002  |Info:    ------------------------------------------------------
1002  |Info:    Initializing HID interfaces: Success
1006  |Info:    ------------------------------------------------------
1006  |Info:    |             Detecting I2C interfaces               |
1006  |Info:    ------------------------------------------------------
1006  |Info:    Registering I2C interface: /dev/i2c-3 Device 0000:0000 Subsystem: 0000:0000
1006  |Warning: [i2c_smbus_linux] Failed to read i2c device PCI device ID
1006  |Info:    Registering I2C interface: /dev/i2c-10 Device 0000:0000 Subsystem: 0000:0000
1006  |Info:    Registering I2C interface: /dev/i2c-1 Device 0000:0000 Subsystem: 0000:0000
1006  |Info:    Registering I2C interface: /dev/i2c-8 Device 1002:744C Subsystem: 148C:2425
1006  |Info:    Registering I2C interface: /dev/i2c-6 Device 1002:744C Subsystem: 148C:2425
1006  |Info:    Registering I2C interface: /dev/i2c-4 Device 1002:744C Subsystem: 148C:2425
1006  |Warning: [i2c_smbus_linux] Failed to read i2c device PCI device ID
1006  |Info:    Registering I2C interface: /dev/i2c-11 Device 0000:0000 Subsystem: 0000:0000
1007  |Info:    Registering I2C interface: /dev/i2c-2 Device 0000:0000 Subsystem: 0000:0000
1007  |Info:    Registering I2C interface: /dev/i2c-0 Device 8086:7A23 Subsystem: 1043:8882
1007  |Info:    Registering I2C interface: /dev/i2c-9 Device 1002:744C Subsystem: 148C:2425
1007  |Info:    Registering I2C interface: /dev/i2c-7 Device 1002:744C Subsystem: 148C:2425
1007  |Info:    Registering I2C interface: /dev/i2c-5 Device 1002:744C Subsystem: 148C:2425
1007  |Warning: [i2c_smbus_linux] Failed to read i2c device PCI device ID
1007  |Info:    Registering I2C interface: /dev/i2c-MSFT8000:00 Device 0000:0000 Subsystem: 0000:0000
1007  |Info:    ------------------------------------------------------
1007  |Info:    |               Detecting I2C devices                |
1007  |Info:    ------------------------------------------------------
1179  |Info:    [ENE DRAM] Registering RGB controller
1353  |Info:    [ENE DRAM] Registering RGB controller
7830  |Info:    ------------------------------------------------------
7830  |Info:    |               Detecting I2C PCI devices            |
7830  |Info:    ------------------------------------------------------
7830  |Info:    ------------------------------------------------------
7830  |Info:    |               Detecting HID devices                |
7830  |Info:    ------------------------------------------------------
7920  |Info:    [ASUS PRIME Z790-A WIFI] Registering RGB controller
8316  |Info:    [Candy companion chip] Registering RGB controller
8316  |Info:    ------------------------------------------------------
8316  |Info:    |            Detecting libusb HID devices            |
8316  |Info:    ------------------------------------------------------
8328  |Info:    ------------------------------------------------------
8328  |Info:    |              Detecting other devices               |
8328  |Info:    ------------------------------------------------------
8328  |Info:    ------------------------------------------------------
8328  |Info:    |                Detection completed                 |
8328  |Info:    ------------------------------------------------------
8328  |Dialog:  <h2>WARNING:</h2><p>One or more I2C/SMBus interfaces failed to initialize.</p><p>RGB DRAM modules and some motherboards' onboard RGB lighting will not be available without I2C/SMBus.</p><p>On Linux, this is usually because the i2c-dev module is not loaded.  You must load the i2c-dev module along with the correct i2c driver for your motherboard.  This is usually i2c-piix4 for AMD systems and i2c-i801 for Intel systems.</p><p>See <a href='https://help.openrgb.org/'>help.openrgb.org</a> for additional troubleshooting steps if you keep seeing this message.<br></p>
32162 |Info:    Profile loading: FAILED! for ENE DRAM @ I2C: /dev/i2c-0, address 0x71
32162 |Info:    Profile loading: FAILED! for ENE DRAM @ I2C: /dev/i2c-0, address 0x73
32162 |Info:    Profile loading: Succeeded for ASUS PRIME Z790-A WIFI @ HID: /dev/hidraw0
32162 |Info:    Profile loading: Succeeded for Candy companion chip @ HID: /dev/hidraw7 (Receiver) 
Wireless Index: 255
35453 |Info:    Profile loading: FAILED! for ENE DRAM @ I2C: /dev/i2c-0, address 0x71
35453 |Info:    Profile loading: FAILED! for ENE DRAM @ I2C: /dev/i2c-0, address 0x73
35453 |Info:    Profile loading: Succeeded for ASUS PRIME Z790-A WIFI @ HID: /dev/hidraw0
35453 |Info:    Profile loading: Succeeded for Candy companion chip @ HID: /dev/hidraw7 (Receiver) 
Wireless Index: 255
35654 |Info:    Profile loading: FAILED! for ENE DRAM @ I2C: /dev/i2c-0, address 0x71
35654 |Info:    Profile loading: FAILED! for ENE DRAM @ I2C: /dev/i2c-0, address 0x73
35654 |Info:    Profile loading: Succeeded for ASUS PRIME Z790-A WIFI @ HID: /dev/hidraw0
35654 |Info:    Profile loading: Succeeded for Candy companion chip @ HID: /dev/hidraw7 (Receiver) 
Wireless Index: 255
144725|Info:    ------------------------------------------------------
144725|Info:    |               Start device detection               |
144725|Info:    ------------------------------------------------------
144725|Info:    Initializing HID interfaces: Success
144729|Info:    ------------------------------------------------------
144729|Info:    |             Detecting I2C interfaces               |
144729|Info:    ------------------------------------------------------
144729|Info:    Registering I2C interface: /dev/i2c-3 Device 0000:0000 Subsystem: 0000:0000
144729|Warning: [i2c_smbus_linux] Failed to read i2c device PCI device ID
144729|Info:    Registering I2C interface: /dev/i2c-10 Device 0000:0000 Subsystem: 0000:0000
144729|Info:    Registering I2C interface: /dev/i2c-1 Device 0000:0000 Subsystem: 0000:0000
144729|Info:    Registering I2C interface: /dev/i2c-8 Device 1002:744C Subsystem: 148C:2425
144729|Info:    Registering I2C interface: /dev/i2c-6 Device 1002:744C Subsystem: 148C:2425
144729|Info:    Registering I2C interface: /dev/i2c-4 Device 1002:744C Subsystem: 148C:2425
144729|Warning: [i2c_smbus_linux] Failed to read i2c device PCI device ID
144729|Info:    Registering I2C interface: /dev/i2c-11 Device 0000:0000 Subsystem: 0000:0000
144729|Info:    Registering I2C interface: /dev/i2c-2 Device 0000:0000 Subsystem: 0000:0000
144729|Info:    Registering I2C interface: /dev/i2c-0 Device 8086:7A23 Subsystem: 1043:8882
144729|Info:    Registering I2C interface: /dev/i2c-9 Device 1002:744C Subsystem: 148C:2425
144729|Info:    Registering I2C interface: /dev/i2c-7 Device 1002:744C Subsystem: 148C:2425
144729|Info:    Registering I2C interface: /dev/i2c-5 Device 1002:744C Subsystem: 148C:2425
144729|Warning: [i2c_smbus_linux] Failed to read i2c device PCI device ID
144729|Info:    Registering I2C interface: /dev/i2c-MSFT8000:00 Device 0000:0000 Subsystem: 0000:0000
144729|Info:    ------------------------------------------------------
144729|Info:    |               Detecting I2C devices                |
144729|Info:    ------------------------------------------------------
152273|Info:    ------------------------------------------------------
152273|Info:    |               Detecting I2C PCI devices            |
152273|Info:    ------------------------------------------------------
152273|Info:    ------------------------------------------------------
152273|Info:    |               Detecting HID devices                |
152273|Info:    ------------------------------------------------------
152350|Info:    [ASUS PRIME Z790-A WIFI] Registering RGB controller
152749|Info:    [Candy companion chip] Registering RGB controller
152749|Info:    ------------------------------------------------------
152749|Info:    |            Detecting libusb HID devices            |
152749|Info:    ------------------------------------------------------
152756|Info:    ------------------------------------------------------
152756|Info:    |              Detecting other devices               |
152756|Info:    ------------------------------------------------------
152756|Info:    ------------------------------------------------------
152756|Info:    |                Detection completed                 |
152756|Info:    ------------------------------------------------------
152756|Dialog:  <h2>WARNING:</h2><p>One or more I2C/SMBus interfaces failed to initialize.</p><p>RGB DRAM modules and some motherboards' onboard RGB lighting will not be available without I2C/SMBus.</p><p>On Linux, this is usually because the i2c-dev module is not loaded.  You must load the i2c-dev module along with the correct i2c driver for your motherboard.  This is usually i2c-piix4 for AMD systems and i2c-i801 for Intel systems.</p><p>See <a href='https://help.openrgb.org/'>help.openrgb.org</a> for additional troubleshooting steps if you keep seeing this message.<br></p>
183088|Info:    ------------------------------------------------------
183088|Info:    |               Start device detection               |
183088|Info:    ------------------------------------------------------
183089|Info:    Initializing HID interfaces: Success
183092|Info:    ------------------------------------------------------
183092|Info:    |             Detecting I2C interfaces               |
183092|Info:    ------------------------------------------------------
183092|Info:    Registering I2C interface: /dev/i2c-3 Device 0000:0000 Subsystem: 0000:0000
183092|Warning: [i2c_smbus_linux] Failed to read i2c device PCI device ID
183092|Info:    Registering I2C interface: /dev/i2c-10 Device 0000:0000 Subsystem: 0000:0000
183092|Info:    Registering I2C interface: /dev/i2c-1 Device 0000:0000 Subsystem: 0000:0000
183092|Info:    Registering I2C interface: /dev/i2c-8 Device 1002:744C Subsystem: 148C:2425
183092|Info:    Registering I2C interface: /dev/i2c-6 Device 1002:744C Subsystem: 148C:2425
183092|Info:    Registering I2C interface: /dev/i2c-4 Device 1002:744C Subsystem: 148C:2425
183093|Warning: [i2c_smbus_linux] Failed to read i2c device PCI device ID
183093|Info:    Registering I2C interface: /dev/i2c-11 Device 0000:0000 Subsystem: 0000:0000
183093|Info:    Registering I2C interface: /dev/i2c-2 Device 0000:0000 Subsystem: 0000:0000
183093|Info:    Registering I2C interface: /dev/i2c-0 Device 8086:7A23 Subsystem: 1043:8882
183093|Info:    Registering I2C interface: /dev/i2c-9 Device 1002:744C Subsystem: 148C:2425
183093|Info:    Registering I2C interface: /dev/i2c-7 Device 1002:744C Subsystem: 148C:2425
183093|Info:    Registering I2C interface: /dev/i2c-5 Device 1002:744C Subsystem: 148C:2425
183093|Warning: [i2c_smbus_linux] Failed to read i2c device PCI device ID
183093|Info:    Registering I2C interface: /dev/i2c-MSFT8000:00 Device 0000:0000 Subsystem: 0000:0000
183093|Info:    ------------------------------------------------------
183093|Info:    |               Detecting I2C devices                |
183093|Info:    ------------------------------------------------------
191729|Info:    ------------------------------------------------------
191729|Info:    |               Detecting I2C PCI devices            |
191729|Info:    ------------------------------------------------------
191729|Info:    ------------------------------------------------------
191729|Info:    |               Detecting HID devices                |
191729|Info:    ------------------------------------------------------
191832|Info:    [ASUS PRIME Z790-A WIFI] Registering RGB controller
192229|Info:    [Candy companion chip] Registering RGB controller
192229|Info:    ------------------------------------------------------
192229|Info:    |            Detecting libusb HID devices            |
192229|Info:    ------------------------------------------------------
192236|Info:    ------------------------------------------------------
192236|Info:    |              Detecting other devices               |
192236|Info:    ------------------------------------------------------
192236|Info:    ------------------------------------------------------
192236|Info:    |                Detection completed                 |
192236|Info:    ------------------------------------------------------
192236|Dialog:  <h2>WARNING:</h2><p>One or more I2C/SMBus interfaces failed to initialize.</p><p>RGB DRAM modules and some motherboards' onboard RGB lighting will not be available without I2C/SMBus.</p><p>On Linux, this is usually because the i2c-dev module is not loaded.  You must load the i2c-dev module along with the correct i2c driver for your motherboard.  This is usually i2c-piix4 for AMD systems and i2c-i801 for Intel systems.</p><p>See <a href='https://help.openrgb.org/'>help.openrgb.org</a> for additional troubleshooting steps if you keep seeing this message.<br></p>
232083|Info:    Profile loading: Succeeded for ASUS PRIME Z790-A WIFI @ HID: /dev/hidraw0
232083|Info:    Profile loading: Succeeded for Candy companion chip @ HID: /dev/hidraw7 (Receiver) 
Wireless Index: 255
238009|Info:    Profile loading: Succeeded for ASUS PRIME Z790-A WIFI @ HID: /dev/hidraw0
238009|Info:    Profile loading: Succeeded for Candy companion chip @ HID: /dev/hidraw7 (Receiver) 
Wireless Index: 255
238262|Info:    Profile loading: Succeeded for ASUS PRIME Z790-A WIFI @ HID: /dev/hidraw0
238262|Info:    Profile loading: Succeeded for Candy companion chip @ HID: /dev/hidraw7 (Receiver) 
Wireless Index: 255
