    OpenRGB v0.9
    Commit:  from 
    Launched: 20240319_171705
====================================================================================================

0     |Info:    Found file: Green.orp attempting to validate header
0     |Info:    Valid v4 profile found for Green
0     |Info:    Found file: Teal.orp attempting to validate header
0     |Info:    Valid v4 profile found for Teal
0     |Info:    Found file: Lavender.orp attempting to validate header
0     |Info:    Valid v4 profile found for Lavender
1001  |Info:    ------------------------------------------------------
1001  |Info:    |               Start device detection               |
1001  |Info:    ------------------------------------------------------
1001  |Info:    Initializing HID interfaces: Success
1005  |Info:    ------------------------------------------------------
1005  |Info:    |             Detecting I2C interfaces               |
1005  |Info:    ------------------------------------------------------
1005  |Info:    Registering I2C interface: /dev/i2c-3 Device 0000:0000 Subsystem: 0000:0000
1005  |Info:    Registering I2C interface: /dev/i2c-1 Device 0000:0000 Subsystem: 0000:0000
1005  |Info:    Registering I2C interface: /dev/i2c-8 Device 10DE:2786 Subsystem: 1462:5136
1005  |Info:    Registering I2C interface: /dev/i2c-6 Device 10DE:2786 Subsystem: 1462:5136
1005  |Info:    Registering I2C interface: /dev/i2c-4 Device 10DE:2786 Subsystem: 1462:5136
1005  |Info:    Registering I2C interface: /dev/i2c-2 Device 0000:0000 Subsystem: 0000:0000
1005  |Info:    Registering I2C interface: /dev/i2c-0 Device 8086:7A23 Subsystem: 1043:8882
1005  |Info:    Registering I2C interface: /dev/i2c-9 Device 10DE:2786 Subsystem: 1462:5136
1005  |Info:    Registering I2C interface: /dev/i2c-7 Device 10DE:2786 Subsystem: 1462:5136
1005  |Info:    Registering I2C interface: /dev/i2c-5 Device 10DE:2786 Subsystem: 1462:5136
1005  |Warning: [i2c_smbus_linux] Failed to read i2c device PCI device ID
1005  |Info:    Registering I2C interface: /dev/i2c-MSFT8000:00 Device 0000:0000 Subsystem: 0000:0000
1005  |Info:    ------------------------------------------------------
1005  |Info:    |               Detecting I2C devices                |
1005  |Info:    ------------------------------------------------------
96639 |Info:    [ENE DRAM] Registering RGB controller
104799|Info:    ------------------------------------------------------
104799|Info:    |               Detecting I2C PCI devices            |
104799|Info:    ------------------------------------------------------
104799|Info:    [MSI GeForce RTX 4070 12GB Gaming X Trio] Registering RGB controller
104800|Info:    ------------------------------------------------------
104800|Info:    |               Detecting HID devices                |
104800|Info:    ------------------------------------------------------
104877|Info:    [ASUS PRIME Z790-A WIFI] Registering RGB controller
105273|Info:    [Candy companion chip] Registering RGB controller
105627|Info:    Unable add this Logitech device: Not Connected
105980|Info:    Unable add this Logitech device: Not Connected
106333|Info:    Unable add this Logitech device: Not Connected
106687|Info:    Unable add this Logitech device: Not Connected
107040|Info:    Unable add this Logitech device: Not Connected
107393|Info:    Unable add this Logitech device: Not Connected
107746|Info:    Unable add this Logitech device: Not Connected
108100|Info:    Unable add this Logitech device: Not Connected
108453|Info:    Unable add this Logitech device: Not Connected
108806|Info:    Unable add this Logitech device: Not Connected
108807|Info:    ------------------------------------------------------
108807|Info:    |            Detecting libusb HID devices            |
108807|Info:    ------------------------------------------------------
108827|Info:    ------------------------------------------------------
108827|Info:    |              Detecting other devices               |
108827|Info:    ------------------------------------------------------
108827|Info:    ------------------------------------------------------
108827|Info:    |                Detection completed                 |
108827|Info:    ------------------------------------------------------
108827|Dialog:  <h2>WARNING:</h2><p>One or more I2C/SMBus interfaces failed to initialize.</p><p>RGB DRAM modules and some motherboards' onboard RGB lighting will not be available without I2C/SMBus.</p><p>On Linux, this is usually because the i2c-dev module is not loaded.  You must load the i2c-dev module along with the correct i2c driver for your motherboard.  This is usually i2c-piix4 for AMD systems and i2c-i801 for Intel systems.</p><p>See <a href='https://help.openrgb.org/'>help.openrgb.org</a> for additional troubleshooting steps if you keep seeing this message.<br></p>
108828|Info:    Profile loading: FAILED! for ENE DRAM @ I2C: /dev/i2c-0, address 0x71
108828|Info:    Profile loading: Succeeded for MSI GeForce RTX 4070 12GB Gaming X Trio @ I2C: /dev/i2c-4, address 0x68
108828|Info:    Profile loading: Succeeded for ASUS PRIME Z790-A WIFI @ HID: /dev/hidraw0
108828|Info:    Profile loading: Succeeded for Candy companion chip @ HID: /dev/hidraw6 (Receiver) 
Wireless Index: 255
29596885|Info:    Profile loading: FAILED! for ENE DRAM @ I2C: /dev/i2c-0, address 0x71
29596886|Info:    Profile loading: Succeeded for MSI GeForce RTX 4070 12GB Gaming X Trio @ I2C: /dev/i2c-4, address 0x68
29596886|Info:    Profile loading: Succeeded for ASUS PRIME Z790-A WIFI @ HID: /dev/hidraw0
29596886|Info:    Profile loading: Succeeded for Candy companion chip @ HID: /dev/hidraw6 (Receiver) 
Wireless Index: 255
