    OpenRGB v0.9
    Commit:  from 
    Launched: 20240421_192020
====================================================================================================

1     |Info:    Found file: Green.orp attempting to validate header
1     |Info:    Valid v4 profile found for Green
1     |Info:    Found file: Teal.orp attempting to validate header
1     |Info:    Valid v4 profile found for Teal
2     |Info:    Found file: Lavender.orp attempting to validate header
2     |Info:    Valid v4 profile found for Lavender
1004  |Info:    ------------------------------------------------------
1004  |Info:    |               Start device detection               |
1004  |Info:    ------------------------------------------------------
1005  |Info:    Initializing HID interfaces: Success
1009  |Info:    ------------------------------------------------------
1009  |Info:    |             Detecting I2C interfaces               |
1009  |Info:    ------------------------------------------------------
1009  |Info:    Registering I2C interface: /dev/i2c-3 Device 0000:0000 Subsystem: 0000:0000
1009  |Warning: [i2c_smbus_linux] Failed to read i2c device PCI device ID
1009  |Info:    Registering I2C interface: /dev/i2c-10 Device 0000:0000 Subsystem: 0000:0000
1009  |Info:    Registering I2C interface: /dev/i2c-1 Device 0000:0000 Subsystem: 0000:0000
1009  |Info:    Registering I2C interface: /dev/i2c-8 Device 1002:744C Subsystem: 148C:2425
1009  |Info:    Registering I2C interface: /dev/i2c-6 Device 1002:744C Subsystem: 148C:2425
1009  |Info:    Registering I2C interface: /dev/i2c-4 Device 1002:744C Subsystem: 148C:2425
1009  |Warning: [i2c_smbus_linux] Failed to read i2c device PCI device ID
1009  |Info:    Registering I2C interface: /dev/i2c-11 Device 0000:0000 Subsystem: 0000:0000
1009  |Info:    Registering I2C interface: /dev/i2c-2 Device 0000:0000 Subsystem: 0000:0000
1009  |Info:    Registering I2C interface: /dev/i2c-0 Device 8086:7A23 Subsystem: 1043:8882
1009  |Info:    Registering I2C interface: /dev/i2c-9 Device 1002:744C Subsystem: 148C:2425
1009  |Info:    Registering I2C interface: /dev/i2c-7 Device 1002:744C Subsystem: 148C:2425
1009  |Info:    Registering I2C interface: /dev/i2c-5 Device 1002:744C Subsystem: 148C:2425
1009  |Warning: [i2c_smbus_linux] Failed to read i2c device PCI device ID
1009  |Info:    Registering I2C interface: /dev/i2c-MSFT8000:00 Device 0000:0000 Subsystem: 0000:0000
1009  |Info:    ------------------------------------------------------
1009  |Info:    |               Detecting I2C devices                |
1009  |Info:    ------------------------------------------------------
1186  |Info:    [ENE DRAM] Registering RGB controller
1363  |Info:    [ENE DRAM] Registering RGB controller
7836  |Info:    ------------------------------------------------------
7836  |Info:    |               Detecting I2C PCI devices            |
7836  |Info:    ------------------------------------------------------
7837  |Info:    ------------------------------------------------------
7837  |Info:    |               Detecting HID devices                |
7837  |Info:    ------------------------------------------------------
7916  |Info:    [ASUS PRIME Z790-A WIFI] Registering RGB controller
8335  |Info:    [Candy companion chip] Registering RGB controller
8335  |Info:    ------------------------------------------------------
8335  |Info:    |            Detecting libusb HID devices            |
8335  |Info:    ------------------------------------------------------
8366  |Info:    ------------------------------------------------------
8366  |Info:    |              Detecting other devices               |
8366  |Info:    ------------------------------------------------------
8366  |Info:    ------------------------------------------------------
8366  |Info:    |                Detection completed                 |
8366  |Info:    ------------------------------------------------------
8366  |Dialog:  <h2>WARNING:</h2><p>One or more I2C/SMBus interfaces failed to initialize.</p><p>RGB DRAM modules and some motherboards' onboard RGB lighting will not be available without I2C/SMBus.</p><p>On Linux, this is usually because the i2c-dev module is not loaded.  You must load the i2c-dev module along with the correct i2c driver for your motherboard.  This is usually i2c-piix4 for AMD systems and i2c-i801 for Intel systems.</p><p>See <a href='https://help.openrgb.org/'>help.openrgb.org</a> for additional troubleshooting steps if you keep seeing this message.<br></p>
8366  |Info:    Profile loading: FAILED! for ENE DRAM @ I2C: /dev/i2c-0, address 0x71
8366  |Info:    Profile loading: FAILED! for ENE DRAM @ I2C: /dev/i2c-0, address 0x73
8366  |Info:    Profile loading: Succeeded for ASUS PRIME Z790-A WIFI @ HID: /dev/hidraw0
8366  |Info:    Profile loading: Succeeded for Candy companion chip @ HID: /dev/hidraw9 (Receiver) 
Wireless Index: 255
3414952|Info:    Profile loading: FAILED! for ENE DRAM @ I2C: /dev/i2c-0, address 0x71
3414952|Info:    Profile loading: FAILED! for ENE DRAM @ I2C: /dev/i2c-0, address 0x73
3414952|Info:    Profile loading: Succeeded for ASUS PRIME Z790-A WIFI @ HID: /dev/hidraw0
3414952|Info:    Profile loading: Succeeded for Candy companion chip @ HID: /dev/hidraw9 (Receiver) 
Wireless Index: 255
