    OpenRGB v0.9
    Commit: 11a4eac71fdeb90356b4e68249723fc97af3d110 from 2023-07-10 05:52:54 -0500
    Launched: 20231214_093741
====================================================================================================

0     |Info:    Found file: Green.orp attempting to validate header
0     |Info:    Valid v4 profile found for Green
0     |Info:    Found file: Teal.orp attempting to validate header
1     |Info:    Valid v4 profile found for Teal
1     |Info:    Found file: Lavender.orp attempting to validate header
1     |Info:    Valid v4 profile found for Lavender
1002  |Info:    ------------------------------------------------------
1002  |Info:    |               Start device detection               |
1002  |Info:    ------------------------------------------------------
1003  |Info:    Initializing HID interfaces: Success
1006  |Info:    ------------------------------------------------------
1006  |Info:    |             Detecting I2C interfaces               |
1006  |Info:    ------------------------------------------------------
1007  |Info:    Registering I2C interface: /dev/i2c-3 Device 0000:0000 Subsystem: 0000:0000
1007  |Info:    Registering I2C interface: /dev/i2c-1 Device 0000:0000 Subsystem: 0000:0000
1007  |Info:    Registering I2C interface: /dev/i2c-8 Device 10DE:2786 Subsystem: 1462:5136
1007  |Info:    Registering I2C interface: /dev/i2c-6 Device 10DE:2786 Subsystem: 1462:5136
1007  |Info:    Registering I2C interface: /dev/i2c-4 Device 10DE:2786 Subsystem: 1462:5136
1007  |Info:    Registering I2C interface: /dev/i2c-2 Device 0000:0000 Subsystem: 0000:0000
1007  |Info:    Registering I2C interface: /dev/i2c-0 Device 8086:7A23 Subsystem: 1043:8882
1007  |Info:    Registering I2C interface: /dev/i2c-9 Device 10DE:2786 Subsystem: 1462:5136
1007  |Info:    Registering I2C interface: /dev/i2c-7 Device 10DE:2786 Subsystem: 1462:5136
1007  |Info:    Registering I2C interface: /dev/i2c-5 Device 10DE:2786 Subsystem: 1462:5136
1007  |Warning: [i2c_smbus_linux] Failed to read i2c device PCI device ID
1007  |Info:    Registering I2C interface: /dev/i2c-MSFT8000:00 Device 0000:0000 Subsystem: 0000:0000
1007  |Info:    ------------------------------------------------------
1007  |Info:    |               Detecting I2C devices                |
1007  |Info:    ------------------------------------------------------
1182  |Info:    [ENE DRAM] Registering RGB controller
1356  |Info:    [ENE DRAM] Registering RGB controller
7986  |Info:    ------------------------------------------------------
7986  |Info:    |               Detecting I2C PCI devices            |
7986  |Info:    ------------------------------------------------------
7986  |Info:    [MSI GeForce RTX 4070 12GB Gaming X Trio] Registering RGB controller
7986  |Info:    ------------------------------------------------------
7986  |Info:    |               Detecting HID devices                |
7986  |Info:    ------------------------------------------------------
8072  |Info:    [ASUS PRIME Z790-A WIFI] Registering RGB controller
8482  |Info:    [Candy companion chip] Registering RGB controller
9185  |Info:    [G502 LIGHTSPEED Wireless Gaming Mouse] Registering RGB controller
9185  |Info:    ------------------------------------------------------
9185  |Info:    |            Detecting libusb HID devices            |
9185  |Info:    ------------------------------------------------------
9200  |Info:    ------------------------------------------------------
9200  |Info:    |              Detecting other devices               |
9200  |Info:    ------------------------------------------------------
9200  |Info:    ------------------------------------------------------
9200  |Info:    |                Detection completed                 |
9200  |Info:    ------------------------------------------------------
9200  |Dialog:  <h2>WARNING:</h2><p>One or more I2C/SMBus interfaces failed to initialize.</p><p>RGB DRAM modules and some motherboards' onboard RGB lighting will not be available without I2C/SMBus.</p><p>On Linux, this is usually because the i2c-dev module is not loaded.  You must load the i2c-dev module along with the correct i2c driver for your motherboard.  This is usually i2c-piix4 for AMD systems and i2c-i801 for Intel systems.</p><p>See <a href='https://help.openrgb.org/'>help.openrgb.org</a> for additional troubleshooting steps if you keep seeing this message.<br></p>
9200  |Info:    Profile loading: FAILED! for ENE DRAM @ I2C: /dev/i2c-0, address 0x71
9200  |Info:    Profile loading: FAILED! for ENE DRAM @ I2C: /dev/i2c-0, address 0x73
9200  |Info:    Profile loading: Succeeded for MSI GeForce RTX 4070 12GB Gaming X Trio @ I2C: /dev/i2c-4, address 0x68
9200  |Info:    Profile loading: Succeeded for ASUS PRIME Z790-A WIFI @ HID: /dev/hidraw0
9200  |Info:    Profile loading: Succeeded for Candy companion chip @ HID: /dev/hidraw6 (Receiver) 
Wireless Index: 255
9200  |Info:    Profile loading: Succeeded for G502 LIGHTSPEED Wireless Gaming Mouse @ HID: /dev/hidraw5 (Receiver) 
Wireless Index: 255
32531889|Info:    Profile loading: FAILED! for ENE DRAM @ I2C: /dev/i2c-0, address 0x71
32531890|Info:    Profile loading: FAILED! for ENE DRAM @ I2C: /dev/i2c-0, address 0x73
32531890|Info:    Profile loading: Succeeded for MSI GeForce RTX 4070 12GB Gaming X Trio @ I2C: /dev/i2c-4, address 0x68
32531890|Info:    Profile loading: Succeeded for ASUS PRIME Z790-A WIFI @ HID: /dev/hidraw0
32531890|Info:    Profile loading: Succeeded for Candy companion chip @ HID: /dev/hidraw6 (Receiver) 
Wireless Index: 255
32531890|Info:    Profile loading: Succeeded for G502 LIGHTSPEED Wireless Gaming Mouse @ HID: /dev/hidraw5 (Receiver) 
Wireless Index: 255
