    OpenRGB v0.9
    Commit:  from 
    Launched: 20240314_183944
====================================================================================================

0     |Info:    Found file: Green.orp attempting to validate header
1     |Info:    Valid v4 profile found for Green
1     |Info:    Found file: Teal.orp attempting to validate header
2     |Info:    Valid v4 profile found for Teal
2     |Info:    Found file: Lavender.orp attempting to validate header
3     |Info:    Valid v4 profile found for Lavender
1008  |Info:    ------------------------------------------------------
1008  |Info:    |               Start device detection               |
1008  |Info:    ------------------------------------------------------
1008  |Info:    Initializing HID interfaces: Success
1011  |Info:    ------------------------------------------------------
1011  |Info:    |             Detecting I2C interfaces               |
1011  |Info:    ------------------------------------------------------
1012  |Info:    Registering I2C interface: /dev/i2c-3 Device 0000:0000 Subsystem: 0000:0000
1012  |Info:    Registering I2C interface: /dev/i2c-1 Device 0000:0000 Subsystem: 0000:0000
1012  |Info:    Registering I2C interface: /dev/i2c-8 Device 10DE:2786 Subsystem: 1462:5136
1012  |Info:    Registering I2C interface: /dev/i2c-6 Device 10DE:2786 Subsystem: 1462:5136
1012  |Info:    Registering I2C interface: /dev/i2c-4 Device 10DE:2786 Subsystem: 1462:5136
1012  |Info:    Registering I2C interface: /dev/i2c-2 Device 0000:0000 Subsystem: 0000:0000
1012  |Info:    Registering I2C interface: /dev/i2c-0 Device 8086:7A23 Subsystem: 1043:8882
1012  |Info:    Registering I2C interface: /dev/i2c-9 Device 10DE:2786 Subsystem: 1462:5136
1012  |Info:    Registering I2C interface: /dev/i2c-7 Device 10DE:2786 Subsystem: 1462:5136
1012  |Info:    Registering I2C interface: /dev/i2c-5 Device 10DE:2786 Subsystem: 1462:5136
1012  |Warning: [i2c_smbus_linux] Failed to read i2c device PCI device ID
1012  |Info:    Registering I2C interface: /dev/i2c-MSFT8000:00 Device 0000:0000 Subsystem: 0000:0000
1012  |Info:    ------------------------------------------------------
1012  |Info:    |               Detecting I2C devices                |
1012  |Info:    ------------------------------------------------------
1188  |Info:    [ENE DRAM] Registering RGB controller
1365  |Info:    [ENE DRAM] Registering RGB controller
7537  |Info:    ------------------------------------------------------
7537  |Info:    |               Detecting I2C PCI devices            |
7537  |Info:    ------------------------------------------------------
7537  |Info:    [MSI GeForce RTX 4070 12GB Gaming X Trio] Registering RGB controller
7538  |Info:    ------------------------------------------------------
7538  |Info:    |               Detecting HID devices                |
7538  |Info:    ------------------------------------------------------
7620  |Info:    [ASUS PRIME Z790-A WIFI] Registering RGB controller
8022  |Info:    [Candy companion chip] Registering RGB controller
8375  |Info:    Unable add this Logitech device: Not Connected
8729  |Info:    Unable add this Logitech device: Not Connected
9082  |Info:    Unable add this Logitech device: Not Connected
9435  |Info:    Unable add this Logitech device: Not Connected
9788  |Info:    Unable add this Logitech device: Not Connected
10141 |Info:    Unable add this Logitech device: Not Connected
10494 |Info:    Unable add this Logitech device: Not Connected
10846 |Info:    Unable add this Logitech device: Not Connected
11199 |Info:    Unable add this Logitech device: Not Connected
11552 |Info:    Unable add this Logitech device: Not Connected
11552 |Info:    ------------------------------------------------------
11552 |Info:    |            Detecting libusb HID devices            |
11552 |Info:    ------------------------------------------------------
11567 |Info:    ------------------------------------------------------
11567 |Info:    |              Detecting other devices               |
11567 |Info:    ------------------------------------------------------
11567 |Info:    ------------------------------------------------------
11567 |Info:    |                Detection completed                 |
11567 |Info:    ------------------------------------------------------
11567 |Dialog:  <h2>WARNING:</h2><p>One or more I2C/SMBus interfaces failed to initialize.</p><p>RGB DRAM modules and some motherboards' onboard RGB lighting will not be available without I2C/SMBus.</p><p>On Linux, this is usually because the i2c-dev module is not loaded.  You must load the i2c-dev module along with the correct i2c driver for your motherboard.  This is usually i2c-piix4 for AMD systems and i2c-i801 for Intel systems.</p><p>See <a href='https://help.openrgb.org/'>help.openrgb.org</a> for additional troubleshooting steps if you keep seeing this message.<br></p>
11567 |Info:    Profile loading: FAILED! for ENE DRAM @ I2C: /dev/i2c-0, address 0x71
11567 |Info:    Profile loading: FAILED! for ENE DRAM @ I2C: /dev/i2c-0, address 0x73
11567 |Info:    Profile loading: Succeeded for MSI GeForce RTX 4070 12GB Gaming X Trio @ I2C: /dev/i2c-4, address 0x68
11567 |Info:    Profile loading: Succeeded for ASUS PRIME Z790-A WIFI @ HID: /dev/hidraw0
11567 |Info:    Profile loading: Succeeded for Candy companion chip @ HID: /dev/hidraw6 (Receiver) 
Wireless Index: 255
