    OpenRGB v0.9
    Commit:  from 
    Launched: 20240512_193502
====================================================================================================

1     |Info:    Found file: Green.orp attempting to validate header
1     |Info:    Valid v4 profile found for Green
1     |Info:    Found file: Teal.orp attempting to validate header
1     |Info:    Valid v4 profile found for Teal
1     |Info:    Found file: Lavender.orp attempting to validate header
1     |Info:    Valid v4 profile found for Lavender
1003  |Info:    ------------------------------------------------------
1003  |Info:    |               Start device detection               |
1003  |Info:    ------------------------------------------------------
1003  |Info:    Initializing HID interfaces: Success
1006  |Info:    ------------------------------------------------------
1006  |Info:    |             Detecting I2C interfaces               |
1006  |Info:    ------------------------------------------------------
1006  |Info:    Registering I2C interface: /dev/i2c-3 Device 0000:0000 Subsystem: 0000:0000
1006  |Warning: [i2c_smbus_linux] Failed to read i2c device PCI device ID
1006  |Info:    Registering I2C interface: /dev/i2c-10 Device 0000:0000 Subsystem: 0000:0000
1006  |Info:    Registering I2C interface: /dev/i2c-1 Device 0000:0000 Subsystem: 0000:0000
1006  |Info:    Registering I2C interface: /dev/i2c-8 Device 1002:744C Subsystem: 1DA2:E475
1006  |Info:    Registering I2C interface: /dev/i2c-6 Device 1002:744C Subsystem: 1DA2:E475
1006  |Info:    Registering I2C interface: /dev/i2c-4 Device 1002:744C Subsystem: 1DA2:E475
1006  |Warning: [i2c_smbus_linux] Failed to read i2c device PCI device ID
1006  |Info:    Registering I2C interface: /dev/i2c-11 Device 0000:0000 Subsystem: 0000:0000
1006  |Info:    Registering I2C interface: /dev/i2c-2 Device 0000:0000 Subsystem: 0000:0000
1006  |Info:    Registering I2C interface: /dev/i2c-0 Device 8086:7A23 Subsystem: 1043:8882
1006  |Info:    Registering I2C interface: /dev/i2c-9 Device 1002:744C Subsystem: 1DA2:E475
1006  |Info:    Registering I2C interface: /dev/i2c-7 Device 1002:744C Subsystem: 1DA2:E475
1006  |Info:    Registering I2C interface: /dev/i2c-5 Device 1002:744C Subsystem: 1DA2:E475
1006  |Warning: [i2c_smbus_linux] Failed to read i2c device PCI device ID
1006  |Info:    Registering I2C interface: /dev/i2c-MSFT8000:00 Device 0000:0000 Subsystem: 0000:0000
1006  |Info:    ------------------------------------------------------
1006  |Info:    |               Detecting I2C devices                |
1006  |Info:    ------------------------------------------------------
9679  |Info:    ------------------------------------------------------
9679  |Info:    |               Detecting I2C PCI devices            |
9679  |Info:    ------------------------------------------------------
9680  |Info:    ------------------------------------------------------
9680  |Info:    |               Detecting HID devices                |
9680  |Info:    ------------------------------------------------------
9763  |Info:    [ASUS PRIME Z790-A WIFI] Registering RGB controller
10168 |Info:    [Candy companion chip] Registering RGB controller
10168 |Info:    ------------------------------------------------------
10168 |Info:    |            Detecting libusb HID devices            |
10168 |Info:    ------------------------------------------------------
10179 |Info:    ------------------------------------------------------
10179 |Info:    |              Detecting other devices               |
10179 |Info:    ------------------------------------------------------
10179 |Info:    ------------------------------------------------------
10179 |Info:    |                Detection completed                 |
10179 |Info:    ------------------------------------------------------
10179 |Dialog:  <h2>WARNING:</h2><p>One or more I2C/SMBus interfaces failed to initialize.</p><p>RGB DRAM modules and some motherboards' onboard RGB lighting will not be available without I2C/SMBus.</p><p>On Linux, this is usually because the i2c-dev module is not loaded.  You must load the i2c-dev module along with the correct i2c driver for your motherboard.  This is usually i2c-piix4 for AMD systems and i2c-i801 for Intel systems.</p><p>See <a href='https://help.openrgb.org/'>help.openrgb.org</a> for additional troubleshooting steps if you keep seeing this message.<br></p>
68267 |Info:    Profile loading: Succeeded for ASUS PRIME Z790-A WIFI @ HID: /dev/hidraw0
68267 |Info:    Profile loading: Succeeded for Candy companion chip @ HID: /dev/hidraw7 (Receiver) 
Wireless Index: 255
72038 |Info:    Profile loading: Succeeded for ASUS PRIME Z790-A WIFI @ HID: /dev/hidraw0
72038 |Info:    Profile loading: Succeeded for Candy companion chip @ HID: /dev/hidraw7 (Receiver) 
Wireless Index: 255
151390|Info:    Profile loading: Succeeded for ASUS PRIME Z790-A WIFI @ HID: /dev/hidraw0
151390|Info:    Profile loading: Succeeded for Candy companion chip @ HID: /dev/hidraw7 (Receiver) 
Wireless Index: 255
218561|Info:    Profile loading: Succeeded for ASUS PRIME Z790-A WIFI @ HID: /dev/hidraw0
218561|Info:    Profile loading: Succeeded for Candy companion chip @ HID: /dev/hidraw7 (Receiver) 
Wireless Index: 255
