    OpenRGB v0.9
    Commit:  from 
    Launched: 20240511_162738
====================================================================================================

0     |Info:    Found file: Green.orp attempting to validate header
0     |Info:    Valid v4 profile found for Green
0     |Info:    Found file: Teal.orp attempting to validate header
0     |Info:    Valid v4 profile found for Teal
0     |Info:    Found file: Lavender.orp attempting to validate header
0     |Info:    Valid v4 profile found for Lavender
1001  |Info:    Saving detector settings
1002  |Info:    ------------------------------------------------------
1002  |Info:    |               Start device detection               |
1002  |Info:    ------------------------------------------------------
1002  |Info:    Initializing HID interfaces: Success
1004  |Info:    ------------------------------------------------------
1004  |Info:    |             Detecting I2C interfaces               |
1004  |Info:    ------------------------------------------------------
1004  |Info:    Registering I2C interface: /dev/i2c-3 Device 0000:0000 Subsystem: 0000:0000
1004  |Warning: [i2c_smbus_linux] Failed to read i2c device PCI device ID
1005  |Info:    Registering I2C interface: /dev/i2c-10 Device 0000:0000 Subsystem: 0000:0000
1005  |Info:    Registering I2C interface: /dev/i2c-1 Device 0000:0000 Subsystem: 0000:0000
1005  |Info:    Registering I2C interface: /dev/i2c-8 Device 1002:744C Subsystem: 1DA2:E475
1005  |Info:    Registering I2C interface: /dev/i2c-6 Device 1002:744C Subsystem: 1DA2:E475
1005  |Info:    Registering I2C interface: /dev/i2c-4 Device 1002:744C Subsystem: 1DA2:E475
1005  |Warning: [i2c_smbus_linux] Failed to read i2c device PCI device ID
1005  |Info:    Registering I2C interface: /dev/i2c-11 Device 0000:0000 Subsystem: 0000:0000
1005  |Info:    Registering I2C interface: /dev/i2c-2 Device 0000:0000 Subsystem: 0000:0000
1005  |Info:    Registering I2C interface: /dev/i2c-0 Device 8086:7A23 Subsystem: 1043:8882
1005  |Info:    Registering I2C interface: /dev/i2c-9 Device 1002:744C Subsystem: 1DA2:E475
1005  |Info:    Registering I2C interface: /dev/i2c-7 Device 1002:744C Subsystem: 1DA2:E475
1005  |Info:    Registering I2C interface: /dev/i2c-5 Device 1002:744C Subsystem: 1DA2:E475
1005  |Warning: [i2c_smbus_linux] Failed to read i2c device PCI device ID
1005  |Info:    Registering I2C interface: /dev/i2c-MSFT8000:00 Device 0000:0000 Subsystem: 0000:0000
1005  |Info:    ------------------------------------------------------
1005  |Info:    |               Detecting I2C devices                |
1005  |Info:    ------------------------------------------------------
9637  |Info:    ------------------------------------------------------
9637  |Info:    |               Detecting I2C PCI devices            |
9637  |Info:    ------------------------------------------------------
9637  |Info:    ------------------------------------------------------
9637  |Info:    |               Detecting HID devices                |
9637  |Info:    ------------------------------------------------------
9722  |Info:    [ASUS PRIME Z790-A WIFI] Registering RGB controller
10118 |Info:    [Candy companion chip] Registering RGB controller
10118 |Info:    ------------------------------------------------------
10118 |Info:    |            Detecting libusb HID devices            |
10118 |Info:    ------------------------------------------------------
10128 |Info:    ------------------------------------------------------
10128 |Info:    |              Detecting other devices               |
10128 |Info:    ------------------------------------------------------
10128 |Info:    ------------------------------------------------------
10128 |Info:    |                Detection completed                 |
10128 |Info:    ------------------------------------------------------
10128 |Dialog:  <h2>WARNING:</h2><p>One or more I2C/SMBus interfaces failed to initialize.</p><p>RGB DRAM modules and some motherboards' onboard RGB lighting will not be available without I2C/SMBus.</p><p>On Linux, this is usually because the i2c-dev module is not loaded.  You must load the i2c-dev module along with the correct i2c driver for your motherboard.  This is usually i2c-piix4 for AMD systems and i2c-i801 for Intel systems.</p><p>See <a href='https://help.openrgb.org/'>help.openrgb.org</a> for additional troubleshooting steps if you keep seeing this message.<br></p>
14571 |Info:    Profile loading: FAILED! for ASUS PRIME Z790-A WIFI @ HID: /dev/hidraw0
14571 |Info:    Profile loading: Succeeded for Candy companion chip @ HID: /dev/hidraw7 (Receiver) 
Wireless Index: 255
14757 |Info:    Profile loading: FAILED! for ASUS PRIME Z790-A WIFI @ HID: /dev/hidraw0
14757 |Info:    Profile loading: Succeeded for Candy companion chip @ HID: /dev/hidraw7 (Receiver) 
Wireless Index: 255
35835 |Info:    Profile loading: FAILED! for ASUS PRIME Z790-A WIFI @ HID: /dev/hidraw0
35836 |Info:    Profile loading: Succeeded for Candy companion chip @ HID: /dev/hidraw7 (Receiver) 
Wireless Index: 255
36870 |Info:    Profile loading: FAILED! for ASUS PRIME Z790-A WIFI @ HID: /dev/hidraw0
36870 |Info:    Profile loading: Succeeded for Candy companion chip @ HID: /dev/hidraw7 (Receiver) 
Wireless Index: 255
37026 |Info:    Profile loading: FAILED! for ASUS PRIME Z790-A WIFI @ HID: /dev/hidraw0
37026 |Info:    Profile loading: Succeeded for Candy companion chip @ HID: /dev/hidraw7 (Receiver) 
Wireless Index: 255
38817 |Info:    Profile loading: FAILED! for ASUS PRIME Z790-A WIFI @ HID: /dev/hidraw0
38817 |Info:    Profile loading: Succeeded for Candy companion chip @ HID: /dev/hidraw7 (Receiver) 
Wireless Index: 255
38991 |Info:    Profile loading: FAILED! for ASUS PRIME Z790-A WIFI @ HID: /dev/hidraw0
38991 |Info:    Profile loading: Succeeded for Candy companion chip @ HID: /dev/hidraw7 (Receiver) 
Wireless Index: 255
39155 |Info:    Profile loading: FAILED! for ASUS PRIME Z790-A WIFI @ HID: /dev/hidraw0
39155 |Info:    Profile loading: Succeeded for Candy companion chip @ HID: /dev/hidraw7 (Receiver) 
Wireless Index: 255
45317 |Info:    Found file: Green.orp attempting to validate header
45317 |Info:    Valid v4 profile found for Green
45317 |Info:    Found file: Teal.orp attempting to validate header
45317 |Info:    Valid v4 profile found for Teal
45317 |Info:    Found file: Lavender.orp attempting to validate header
45317 |Info:    Valid v4 profile found for Lavender
47400 |Info:    Profile loading: FAILED! for ASUS PRIME Z790-A WIFI @ HID: /dev/hidraw0
47400 |Info:    Profile loading: Succeeded for Candy companion chip @ HID: /dev/hidraw7 (Receiver) 
Wireless Index: 255
53394 |Info:    Found file: Green.orp attempting to validate header
53394 |Info:    Valid v4 profile found for Green
53394 |Info:    Found file: Teal.orp attempting to validate header
53394 |Info:    Valid v4 profile found for Teal
53394 |Info:    Found file: Lavender.orp attempting to validate header
53394 |Info:    Valid v4 profile found for Lavender
56346 |Info:    Profile loading: FAILED! for ASUS PRIME Z790-A WIFI @ HID: /dev/hidraw0
56346 |Info:    Profile loading: Succeeded for Candy companion chip @ HID: /dev/hidraw7 (Receiver) 
Wireless Index: 255
60160 |Info:    Found file: Green.orp attempting to validate header
60160 |Info:    Valid v4 profile found for Green
60160 |Info:    Found file: Teal.orp attempting to validate header
60160 |Info:    Valid v4 profile found for Teal
60160 |Info:    Found file: Lavender.orp attempting to validate header
60160 |Info:    Valid v4 profile found for Lavender
63053 |Info:    Profile loading: Succeeded for ASUS PRIME Z790-A WIFI @ HID: /dev/hidraw0
63053 |Info:    Profile loading: Succeeded for Candy companion chip @ HID: /dev/hidraw7 (Receiver) 
Wireless Index: 255
65323 |Info:    Profile loading: Succeeded for ASUS PRIME Z790-A WIFI @ HID: /dev/hidraw0
65323 |Info:    Profile loading: Succeeded for Candy companion chip @ HID: /dev/hidraw7 (Receiver) 
Wireless Index: 255
65549 |Info:    Profile loading: Succeeded for ASUS PRIME Z790-A WIFI @ HID: /dev/hidraw0
65549 |Info:    Profile loading: Succeeded for Candy companion chip @ HID: /dev/hidraw7 (Receiver) 
Wireless Index: 255
184136|Info:    ------------------------------------------------------
184136|Info:    |               Start device detection               |
184136|Info:    ------------------------------------------------------
184137|Info:    Initializing HID interfaces: Success
184141|Info:    ------------------------------------------------------
184141|Info:    |             Detecting I2C interfaces               |
184141|Info:    ------------------------------------------------------
184141|Info:    Registering I2C interface: /dev/i2c-3 Device 0000:0000 Subsystem: 0000:0000
184141|Warning: [i2c_smbus_linux] Failed to read i2c device PCI device ID
184141|Info:    Registering I2C interface: /dev/i2c-10 Device 0000:0000 Subsystem: 0000:0000
184142|Info:    Registering I2C interface: /dev/i2c-1 Device 0000:0000 Subsystem: 0000:0000
184142|Info:    Registering I2C interface: /dev/i2c-8 Device 1002:744C Subsystem: 1DA2:E475
184142|Info:    Registering I2C interface: /dev/i2c-6 Device 1002:744C Subsystem: 1DA2:E475
184142|Info:    Registering I2C interface: /dev/i2c-4 Device 1002:744C Subsystem: 1DA2:E475
184142|Warning: [i2c_smbus_linux] Failed to read i2c device PCI device ID
184142|Info:    Registering I2C interface: /dev/i2c-11 Device 0000:0000 Subsystem: 0000:0000
184142|Info:    Registering I2C interface: /dev/i2c-2 Device 0000:0000 Subsystem: 0000:0000
184142|Info:    Registering I2C interface: /dev/i2c-0 Device 8086:7A23 Subsystem: 1043:8882
184142|Info:    Registering I2C interface: /dev/i2c-9 Device 1002:744C Subsystem: 1DA2:E475
184142|Info:    Registering I2C interface: /dev/i2c-7 Device 1002:744C Subsystem: 1DA2:E475
184142|Info:    Registering I2C interface: /dev/i2c-5 Device 1002:744C Subsystem: 1DA2:E475
184142|Warning: [i2c_smbus_linux] Failed to read i2c device PCI device ID
184142|Info:    Registering I2C interface: /dev/i2c-MSFT8000:00 Device 0000:0000 Subsystem: 0000:0000
184142|Info:    ------------------------------------------------------
184142|Info:    |               Detecting I2C devices                |
184142|Info:    ------------------------------------------------------
192764|Info:    ------------------------------------------------------
192764|Info:    |               Detecting I2C PCI devices            |
192764|Info:    ------------------------------------------------------
192765|Info:    ------------------------------------------------------
192765|Info:    |               Detecting HID devices                |
192765|Info:    ------------------------------------------------------
192850|Info:    [ASUS PRIME Z790-A WIFI] Registering RGB controller
193259|Info:    [Candy companion chip] Registering RGB controller
193259|Info:    ------------------------------------------------------
193259|Info:    |            Detecting libusb HID devices            |
193259|Info:    ------------------------------------------------------
193272|Info:    ------------------------------------------------------
193272|Info:    |              Detecting other devices               |
193272|Info:    ------------------------------------------------------
193272|Info:    ------------------------------------------------------
193272|Info:    |                Detection completed                 |
193272|Info:    ------------------------------------------------------
193272|Dialog:  <h2>WARNING:</h2><p>One or more I2C/SMBus interfaces failed to initialize.</p><p>RGB DRAM modules and some motherboards' onboard RGB lighting will not be available without I2C/SMBus.</p><p>On Linux, this is usually because the i2c-dev module is not loaded.  You must load the i2c-dev module along with the correct i2c driver for your motherboard.  This is usually i2c-piix4 for AMD systems and i2c-i801 for Intel systems.</p><p>See <a href='https://help.openrgb.org/'>help.openrgb.org</a> for additional troubleshooting steps if you keep seeing this message.<br></p>
