    OpenRGB v0.91
    Commit: c60539cb6228808ec61837f7fd6b9cc18c338958 from 2024-05-09 11:56:22 -0500
    Launched: 20240511_154429
====================================================================================================

0     |Info:    Found file: Green.orp attempting to validate header
0     |Info:    Valid v4 profile found for Green
0     |Info:    Found file: Teal.orp attempting to validate header
0     |Info:    Valid v4 profile found for Teal
0     |Info:    Found file: Lavender.orp attempting to validate header
0     |Info:    Valid v4 profile found for Lavender
1001  |Info:    Initializing HID interfaces: Success
1001  |Info:    ------------------------------------------------------
1001  |Info:    |               Start device detection               |
1001  |Info:    ------------------------------------------------------
1004  |Info:    ------------------------------------------------------
1004  |Info:    |             Detecting I2C interfaces               |
1004  |Info:    ------------------------------------------------------
1004  |Info:    Registering I2C interface: /dev/i2c-3 Device 0000:0000 Subsystem: 0000:0000
1004  |Warning: [i2c_smbus_linux] Failed to read i2c device PCI device ID
1004  |Info:    Registering I2C interface: /dev/i2c-10 Device 0000:0000 Subsystem: 0000:0000
1004  |Info:    Registering I2C interface: /dev/i2c-1 Device 0000:0000 Subsystem: 0000:0000
1004  |Info:    Registering I2C interface: /dev/i2c-8 Device 1002:744C Subsystem: 1DA2:E475
1004  |Info:    Registering I2C interface: /dev/i2c-6 Device 1002:744C Subsystem: 1DA2:E475
1004  |Info:    Registering I2C interface: /dev/i2c-4 Device 1002:744C Subsystem: 1DA2:E475
1004  |Warning: [i2c_smbus_linux] Failed to read i2c device PCI device ID
1004  |Info:    Registering I2C interface: /dev/i2c-11 Device 0000:0000 Subsystem: 0000:0000
1004  |Info:    Registering I2C interface: /dev/i2c-2 Device 0000:0000 Subsystem: 0000:0000
1004  |Info:    Registering I2C interface: /dev/i2c-0 Device 8086:7A23 Subsystem: 1043:8882
1004  |Info:    Registering I2C interface: /dev/i2c-9 Device 1002:744C Subsystem: 1DA2:E475
1004  |Info:    Registering I2C interface: /dev/i2c-7 Device 1002:744C Subsystem: 1DA2:E475
1004  |Info:    Registering I2C interface: /dev/i2c-5 Device 1002:744C Subsystem: 1DA2:E475
1004  |Warning: [i2c_smbus_linux] Failed to read i2c device PCI device ID
1004  |Info:    Registering I2C interface: /dev/i2c-MSFT8000:00 Device 0000:0000 Subsystem: 0000:0000
1004  |Info:    ------------------------------------------------------
1004  |Info:    |               Detecting I2C devices                |
1004  |Info:    ------------------------------------------------------
11866 |Info:    ------------------------------------------------------
11866 |Info:    |               Detecting I2C PCI devices            |
11866 |Info:    ------------------------------------------------------
11907 |Info:    ------------------------------------------------------
11907 |Info:    |               Detecting HID devices                |
11907 |Info:    ------------------------------------------------------
11991 |Info:    [ASUS PRIME Z790-A WIFI] Registering RGB controller
12393 |Info:    [Candy companion chip] Registering RGB controller
12393 |Info:    ------------------------------------------------------
12393 |Info:    |            Detecting libusb HID devices            |
12393 |Info:    ------------------------------------------------------
12405 |Info:    ------------------------------------------------------
12405 |Info:    |              Detecting other devices               |
12405 |Info:    ------------------------------------------------------
12408 |Info:    ------------------------------------------------------
12408 |Info:    |                Detection completed                 |
12408 |Info:    ------------------------------------------------------
12408 |Dialog:  <h2>Some internal devices may not be detected:</h2><p>One or more I2C or SMBus interfaces failed to initialize.</p><p><b>RGB DRAM modules, some motherboards' onboard RGB lighting, and RGB Graphics Cards, will not be available in OpenRGB</b> without I2C or SMBus.</p><h4>How to fix this:</h4><p>On Linux, this is usually because the i2c-dev module is not loaded.</p><p>You must load the i2c-dev module along with the correct i2c driver for your motherboard. This is usually i2c-piix4 for AMD systems and i2c-i801 for Intel systems.</p><p>See <a href='https://help.openrgb.org/'>help.openrgb.org</a> for additional troubleshooting steps if you keep seeing this message.<br></p><h3>If you are not using internal RGB on a desktop this message is not important to you.</h3>
574315|Info:    Profile loading: FAILED! for ASUS PRIME Z790-A WIFI @ HID: /dev/hidraw0
574315|Info:    Profile loading: Succeeded for Candy companion chip @ HID: /dev/hidraw7 (Receiver) 
Wireless Index: 255
603550|Info:    Found file: Green.orp attempting to validate header
603550|Info:    Valid v4 profile found for Green
603550|Info:    Found file: Teal.orp attempting to validate header
603550|Info:    Valid v4 profile found for Teal
603550|Info:    Found file: Lavender.orp attempting to validate header
603550|Info:    Valid v4 profile found for Lavender
603909|Info:    Found file: Green.orp attempting to validate header
603909|Info:    Valid v4 profile found for Green
603909|Info:    Found file: Teal.orp attempting to validate header
603909|Info:    Valid v4 profile found for Teal
603909|Info:    Found file: Lavender.orp attempting to validate header
603909|Info:    Valid v4 profile found for Lavender
607573|Info:    Profile loading: FAILED! for ASUS PRIME Z790-A WIFI @ HID: /dev/hidraw0
607573|Info:    Profile loading: Succeeded for Candy companion chip @ HID: /dev/hidraw7 (Receiver) 
Wireless Index: 255
607902|Info:    Profile loading: FAILED! for ASUS PRIME Z790-A WIFI @ HID: /dev/hidraw0
607902|Info:    Profile loading: Succeeded for Candy companion chip @ HID: /dev/hidraw7 (Receiver) 
Wireless Index: 255
619462|Info:    Found file: Green.orp attempting to validate header
619462|Info:    Valid v4 profile found for Green
619462|Info:    Found file: Teal.orp attempting to validate header
619462|Info:    Valid v4 profile found for Teal
619462|Info:    Found file: Lavender.orp attempting to validate header
619462|Info:    Valid v4 profile found for Lavender
620070|Info:    Profile loading: Succeeded for ASUS PRIME Z790-A WIFI @ HID: /dev/hidraw0
620070|Info:    Profile loading: Succeeded for Candy companion chip @ HID: /dev/hidraw7 (Receiver) 
Wireless Index: 255
625038|Info:    Profile loading: Succeeded for ASUS PRIME Z790-A WIFI @ HID: /dev/hidraw0
625038|Info:    Profile loading: Succeeded for Candy companion chip @ HID: /dev/hidraw7 (Receiver) 
Wireless Index: 255
643578|Info:    Found file: Green.orp attempting to validate header
643578|Info:    Valid v4 profile found for Green
643578|Info:    Found file: Teal.orp attempting to validate header
643578|Info:    Valid v4 profile found for Teal
643578|Info:    Found file: Lavender.orp attempting to validate header
643578|Info:    Valid v4 profile found for Lavender
645001|Info:    Profile loading: Succeeded for ASUS PRIME Z790-A WIFI @ HID: /dev/hidraw0
645001|Info:    Profile loading: Succeeded for Candy companion chip @ HID: /dev/hidraw7 (Receiver) 
Wireless Index: 255
749000|Info:    Initializing HID interfaces: Success
749000|Info:    ------------------------------------------------------
749000|Info:    |               Start device detection               |
749000|Info:    ------------------------------------------------------
749003|Info:    ------------------------------------------------------
749003|Info:    |             Detecting I2C interfaces               |
749003|Info:    ------------------------------------------------------
749003|Info:    Registering I2C interface: /dev/i2c-3 Device 0000:0000 Subsystem: 0000:0000
749003|Warning: [i2c_smbus_linux] Failed to read i2c device PCI device ID
749003|Info:    Registering I2C interface: /dev/i2c-10 Device 0000:0000 Subsystem: 0000:0000
749003|Info:    Registering I2C interface: /dev/i2c-1 Device 0000:0000 Subsystem: 0000:0000
749003|Info:    Registering I2C interface: /dev/i2c-8 Device 1002:744C Subsystem: 1DA2:E475
749003|Info:    Registering I2C interface: /dev/i2c-6 Device 1002:744C Subsystem: 1DA2:E475
749003|Info:    Registering I2C interface: /dev/i2c-4 Device 1002:744C Subsystem: 1DA2:E475
749003|Warning: [i2c_smbus_linux] Failed to read i2c device PCI device ID
749003|Info:    Registering I2C interface: /dev/i2c-11 Device 0000:0000 Subsystem: 0000:0000
749003|Info:    Registering I2C interface: /dev/i2c-2 Device 0000:0000 Subsystem: 0000:0000
749003|Info:    Registering I2C interface: /dev/i2c-0 Device 8086:7A23 Subsystem: 1043:8882
749003|Info:    Registering I2C interface: /dev/i2c-9 Device 1002:744C Subsystem: 1DA2:E475
749003|Info:    Registering I2C interface: /dev/i2c-7 Device 1002:744C Subsystem: 1DA2:E475
749003|Info:    Registering I2C interface: /dev/i2c-5 Device 1002:744C Subsystem: 1DA2:E475
749003|Warning: [i2c_smbus_linux] Failed to read i2c device PCI device ID
749003|Info:    Registering I2C interface: /dev/i2c-MSFT8000:00 Device 0000:0000 Subsystem: 0000:0000
749003|Info:    ------------------------------------------------------
749003|Info:    |               Detecting I2C devices                |
749003|Info:    ------------------------------------------------------
759890|Info:    ------------------------------------------------------
759890|Info:    |               Detecting I2C PCI devices            |
759890|Info:    ------------------------------------------------------
759932|Info:    ------------------------------------------------------
759932|Info:    |               Detecting HID devices                |
759932|Info:    ------------------------------------------------------
760016|Info:    [ASUS PRIME Z790-A WIFI] Registering RGB controller
760413|Info:    [Candy companion chip] Registering RGB controller
760414|Info:    ------------------------------------------------------
760414|Info:    |            Detecting libusb HID devices            |
760414|Info:    ------------------------------------------------------
760420|Info:    ------------------------------------------------------
760420|Info:    |              Detecting other devices               |
760420|Info:    ------------------------------------------------------
760421|Info:    ------------------------------------------------------
760421|Info:    |                Detection completed                 |
760421|Info:    ------------------------------------------------------
760421|Dialog:  <h2>Some internal devices may not be detected:</h2><p>One or more I2C or SMBus interfaces failed to initialize.</p><p><b>RGB DRAM modules, some motherboards' onboard RGB lighting, and RGB Graphics Cards, will not be available in OpenRGB</b> without I2C or SMBus.</p><h4>How to fix this:</h4><p>On Linux, this is usually because the i2c-dev module is not loaded.</p><p>You must load the i2c-dev module along with the correct i2c driver for your motherboard. This is usually i2c-piix4 for AMD systems and i2c-i801 for Intel systems.</p><p>See <a href='https://help.openrgb.org/'>help.openrgb.org</a> for additional troubleshooting steps if you keep seeing this message.<br></p><h3>If you are not using internal RGB on a desktop this message is not important to you.</h3>
766436|Info:    Initializing HID interfaces: Success
766436|Info:    ------------------------------------------------------
766436|Info:    |               Start device detection               |
766436|Info:    ------------------------------------------------------
766438|Info:    ------------------------------------------------------
766438|Info:    |             Detecting I2C interfaces               |
766438|Info:    ------------------------------------------------------
766438|Info:    Registering I2C interface: /dev/i2c-3 Device 0000:0000 Subsystem: 0000:0000
766438|Warning: [i2c_smbus_linux] Failed to read i2c device PCI device ID
766438|Info:    Registering I2C interface: /dev/i2c-10 Device 0000:0000 Subsystem: 0000:0000
766438|Info:    Registering I2C interface: /dev/i2c-1 Device 0000:0000 Subsystem: 0000:0000
766439|Info:    Registering I2C interface: /dev/i2c-8 Device 1002:744C Subsystem: 1DA2:E475
766439|Info:    Registering I2C interface: /dev/i2c-6 Device 1002:744C Subsystem: 1DA2:E475
766439|Info:    Registering I2C interface: /dev/i2c-4 Device 1002:744C Subsystem: 1DA2:E475
766439|Warning: [i2c_smbus_linux] Failed to read i2c device PCI device ID
766439|Info:    Registering I2C interface: /dev/i2c-11 Device 0000:0000 Subsystem: 0000:0000
766439|Info:    Registering I2C interface: /dev/i2c-2 Device 0000:0000 Subsystem: 0000:0000
766439|Info:    Registering I2C interface: /dev/i2c-0 Device 8086:7A23 Subsystem: 1043:8882
766439|Info:    Registering I2C interface: /dev/i2c-9 Device 1002:744C Subsystem: 1DA2:E475
766439|Info:    Registering I2C interface: /dev/i2c-7 Device 1002:744C Subsystem: 1DA2:E475
766439|Info:    Registering I2C interface: /dev/i2c-5 Device 1002:744C Subsystem: 1DA2:E475
766470|Warning: [i2c_smbus_linux] Failed to read i2c device PCI device ID
766470|Info:    Registering I2C interface: /dev/i2c-MSFT8000:00 Device 0000:0000 Subsystem: 0000:0000
766470|Info:    ------------------------------------------------------
766470|Info:    |               Detecting I2C devices                |
766470|Info:    ------------------------------------------------------
775093|Info:    ------------------------------------------------------
775093|Info:    |               Detecting I2C PCI devices            |
775093|Info:    ------------------------------------------------------
775094|Info:    ------------------------------------------------------
775094|Info:    |               Detecting HID devices                |
775094|Info:    ------------------------------------------------------
775181|Info:    [ASUS PRIME Z790-A WIFI] Registering RGB controller
775586|Info:    [Candy companion chip] Registering RGB controller
775586|Info:    ------------------------------------------------------
775586|Info:    |            Detecting libusb HID devices            |
775586|Info:    ------------------------------------------------------
775593|Info:    ------------------------------------------------------
775593|Info:    |              Detecting other devices               |
775593|Info:    ------------------------------------------------------
775593|Info:    ------------------------------------------------------
775593|Info:    |                Detection completed                 |
775593|Info:    ------------------------------------------------------
775593|Dialog:  <h2>Some internal devices may not be detected:</h2><p>One or more I2C or SMBus interfaces failed to initialize.</p><p><b>RGB DRAM modules, some motherboards' onboard RGB lighting, and RGB Graphics Cards, will not be available in OpenRGB</b> without I2C or SMBus.</p><h4>How to fix this:</h4><p>On Linux, this is usually because the i2c-dev module is not loaded.</p><p>You must load the i2c-dev module along with the correct i2c driver for your motherboard. This is usually i2c-piix4 for AMD systems and i2c-i801 for Intel systems.</p><p>See <a href='https://help.openrgb.org/'>help.openrgb.org</a> for additional troubleshooting steps if you keep seeing this message.<br></p><h3>If you are not using internal RGB on a desktop this message is not important to you.</h3>
784943|Info:    Profile loading: Succeeded for ASUS PRIME Z790-A WIFI @ HID: /dev/hidraw0
784943|Info:    Profile loading: Succeeded for Candy companion chip @ HID: /dev/hidraw7 (Receiver) 
Wireless Index: 255
792392|Info:    Profile loading: Succeeded for ASUS PRIME Z790-A WIFI @ HID: /dev/hidraw0
792392|Info:    Profile loading: Succeeded for Candy companion chip @ HID: /dev/hidraw7 (Receiver) 
Wireless Index: 255
797760|Info:    Profile loading: Succeeded for ASUS PRIME Z790-A WIFI @ HID: /dev/hidraw0
797760|Info:    Profile loading: Succeeded for Candy companion chip @ HID: /dev/hidraw7 (Receiver) 
Wireless Index: 255
800034|Info:    Found file: Green.orp attempting to validate header
800034|Info:    Valid v4 profile found for Green
800034|Info:    Found file: Teal.orp attempting to validate header
800034|Info:    Valid v4 profile found for Teal
800034|Info:    Found file: Lavender.orp attempting to validate header
800034|Info:    Valid v4 profile found for Lavender
1083026|Info:    Profile loading: Succeeded for ASUS PRIME Z790-A WIFI @ HID: /dev/hidraw0
1083026|Info:    Profile loading: Succeeded for Candy companion chip @ HID: /dev/hidraw7 (Receiver) 
Wireless Index: 255
1083279|Info:    Profile loading: Succeeded for ASUS PRIME Z790-A WIFI @ HID: /dev/hidraw0
1083279|Info:    Profile loading: Succeeded for Candy companion chip @ HID: /dev/hidraw7 (Receiver) 
Wireless Index: 255
