    OpenRGB v0.9
    Commit:  from 
    Launched: 20240321_181157
====================================================================================================

0     |Info:    Found file: Green.orp attempting to validate header
0     |Info:    Valid v4 profile found for Green
0     |Info:    Found file: Teal.orp attempting to validate header
0     |Info:    Valid v4 profile found for Teal
0     |Info:    Found file: Lavender.orp attempting to validate header
0     |Info:    Valid v4 profile found for Lavender
1001  |Info:    ------------------------------------------------------
1001  |Info:    |               Start device detection               |
1001  |Info:    ------------------------------------------------------
1001  |Info:    Initializing HID interfaces: Success
1006  |Info:    ------------------------------------------------------
1006  |Info:    |             Detecting I2C interfaces               |
1006  |Info:    ------------------------------------------------------
1006  |Info:    Registering I2C interface: /dev/i2c-3 Device 0000:0000 Subsystem: 0000:0000
1006  |Info:    Registering I2C interface: /dev/i2c-1 Device 0000:0000 Subsystem: 0000:0000
1006  |Info:    Registering I2C interface: /dev/i2c-8 Device 10DE:2786 Subsystem: 1462:5136
1006  |Info:    Registering I2C interface: /dev/i2c-6 Device 10DE:2786 Subsystem: 1462:5136
1006  |Info:    Registering I2C interface: /dev/i2c-4 Device 10DE:2786 Subsystem: 1462:5136
1006  |Info:    Registering I2C interface: /dev/i2c-2 Device 0000:0000 Subsystem: 0000:0000
1006  |Info:    Registering I2C interface: /dev/i2c-0 Device 8086:7A23 Subsystem: 1043:8882
1006  |Info:    Registering I2C interface: /dev/i2c-9 Device 10DE:2786 Subsystem: 1462:5136
1006  |Info:    Registering I2C interface: /dev/i2c-7 Device 10DE:2786 Subsystem: 1462:5136
1006  |Info:    Registering I2C interface: /dev/i2c-5 Device 10DE:2786 Subsystem: 1462:5136
1006  |Warning: [i2c_smbus_linux] Failed to read i2c device PCI device ID
1006  |Info:    Registering I2C interface: /dev/i2c-MSFT8000:00 Device 0000:0000 Subsystem: 0000:0000
1006  |Info:    ------------------------------------------------------
1006  |Info:    |               Detecting I2C devices                |
1006  |Info:    ------------------------------------------------------
79588 |Info:    [ENE DRAM] Registering RGB controller
87713 |Info:    ------------------------------------------------------
87713 |Info:    |               Detecting I2C PCI devices            |
87713 |Info:    ------------------------------------------------------
87713 |Info:    [MSI GeForce RTX 4070 12GB Gaming X Trio] Registering RGB controller
87713 |Info:    ------------------------------------------------------
87713 |Info:    |               Detecting HID devices                |
87713 |Info:    ------------------------------------------------------
87794 |Info:    [ASUS PRIME Z790-A WIFI] Registering RGB controller
88190 |Info:    [Candy companion chip] Registering RGB controller
88544 |Info:    Unable add this Logitech device: Not Connected
88897 |Info:    Unable add this Logitech device: Not Connected
89250 |Info:    Unable add this Logitech device: Not Connected
89603 |Info:    Unable add this Logitech device: Not Connected
89956 |Info:    Unable add this Logitech device: Not Connected
90309 |Info:    Unable add this Logitech device: Not Connected
90662 |Info:    Unable add this Logitech device: Not Connected
91015 |Info:    Unable add this Logitech device: Not Connected
91368 |Info:    Unable add this Logitech device: Not Connected
91721 |Info:    Unable add this Logitech device: Not Connected
91721 |Info:    ------------------------------------------------------
91721 |Info:    |            Detecting libusb HID devices            |
91721 |Info:    ------------------------------------------------------
91735 |Info:    ------------------------------------------------------
91735 |Info:    |              Detecting other devices               |
91735 |Info:    ------------------------------------------------------
91735 |Info:    ------------------------------------------------------
91735 |Info:    |                Detection completed                 |
91735 |Info:    ------------------------------------------------------
91735 |Dialog:  <h2>WARNING:</h2><p>One or more I2C/SMBus interfaces failed to initialize.</p><p>RGB DRAM modules and some motherboards' onboard RGB lighting will not be available without I2C/SMBus.</p><p>On Linux, this is usually because the i2c-dev module is not loaded.  You must load the i2c-dev module along with the correct i2c driver for your motherboard.  This is usually i2c-piix4 for AMD systems and i2c-i801 for Intel systems.</p><p>See <a href='https://help.openrgb.org/'>help.openrgb.org</a> for additional troubleshooting steps if you keep seeing this message.<br></p>
91735 |Info:    Profile loading: FAILED! for ENE DRAM @ I2C: /dev/i2c-0, address 0x71
91735 |Info:    Profile loading: Succeeded for MSI GeForce RTX 4070 12GB Gaming X Trio @ I2C: /dev/i2c-4, address 0x68
91735 |Info:    Profile loading: Succeeded for ASUS PRIME Z790-A WIFI @ HID: /dev/hidraw0
91735 |Info:    Profile loading: Succeeded for Candy companion chip @ HID: /dev/hidraw6 (Receiver) 
Wireless Index: 255
