    OpenRGB v0.9
    Commit:  from 
    Launched: 20240325_200357
====================================================================================================

0     |Info:    Found file: Green.orp attempting to validate header
0     |Info:    Valid v4 profile found for Green
0     |Info:    Found file: Teal.orp attempting to validate header
0     |Info:    Valid v4 profile found for Teal
0     |Info:    Found file: Lavender.orp attempting to validate header
0     |Info:    Valid v4 profile found for Lavender
1001  |Info:    ------------------------------------------------------
1001  |Info:    |               Start device detection               |
1001  |Info:    ------------------------------------------------------
1001  |Info:    Initializing HID interfaces: Success
1009  |Info:    ------------------------------------------------------
1009  |Info:    |             Detecting I2C interfaces               |
1009  |Info:    ------------------------------------------------------
1009  |Info:    Registering I2C interface: /dev/i2c-3 Device 10DE:2786 Subsystem: 1462:5136
1009  |Info:    Registering I2C interface: /dev/i2c-1 Device 10DE:2786 Subsystem: 1462:5136
1009  |Info:    Registering I2C interface: /dev/i2c-8 Device 0000:0000 Subsystem: 0000:0000
1009  |Info:    Registering I2C interface: /dev/i2c-6 Device 8086:7A23 Subsystem: 1043:8882
1009  |Info:    Registering I2C interface: /dev/i2c-4 Device 10DE:2786 Subsystem: 1462:5136
1009  |Info:    Registering I2C interface: /dev/i2c-2 Device 10DE:2786 Subsystem: 1462:5136
1009  |Info:    Registering I2C interface: /dev/i2c-0 Device 10DE:2786 Subsystem: 1462:5136
1009  |Info:    Registering I2C interface: /dev/i2c-9 Device 0000:0000 Subsystem: 0000:0000
1009  |Info:    Registering I2C interface: /dev/i2c-7 Device 0000:0000 Subsystem: 0000:0000
1009  |Info:    Registering I2C interface: /dev/i2c-5 Device 10DE:2786 Subsystem: 1462:5136
1009  |Warning: [i2c_smbus_linux] Failed to read i2c device PCI device ID
1009  |Info:    Registering I2C interface: /dev/i2c-MSFT8000:00 Device 0000:0000 Subsystem: 0000:0000
1009  |Info:    ------------------------------------------------------
1009  |Info:    |               Detecting I2C devices                |
1009  |Info:    ------------------------------------------------------
17521 |Info:    ------------------------------------------------------
17522 |Info:    |               Detecting I2C PCI devices            |
17522 |Info:    ------------------------------------------------------
17522 |Info:    [MSI GeForce RTX 4070 12GB Gaming X Trio] Registering RGB controller
17523 |Info:    ------------------------------------------------------
17523 |Info:    |               Detecting HID devices                |
17523 |Info:    ------------------------------------------------------
17551 |Info:    [ASUS PRIME Z790-A WIFI] Registering RGB controller
17947 |Info:    [Candy companion chip] Registering RGB controller
18301 |Info:    Unable add this Logitech device: Not Connected
18656 |Info:    Unable add this Logitech device: Not Connected
19010 |Info:    Unable add this Logitech device: Not Connected
19364 |Info:    Unable add this Logitech device: Not Connected
19718 |Info:    Unable add this Logitech device: Not Connected
20072 |Info:    Unable add this Logitech device: Not Connected
20427 |Info:    Unable add this Logitech device: Not Connected
20781 |Info:    Unable add this Logitech device: Not Connected
21134 |Info:    Unable add this Logitech device: Not Connected
21487 |Info:    Unable add this Logitech device: Not Connected
21487 |Info:    ------------------------------------------------------
21487 |Info:    |            Detecting libusb HID devices            |
21487 |Info:    ------------------------------------------------------
21504 |Info:    ------------------------------------------------------
21504 |Info:    |              Detecting other devices               |
21504 |Info:    ------------------------------------------------------
21504 |Info:    ------------------------------------------------------
21504 |Info:    |                Detection completed                 |
21504 |Info:    ------------------------------------------------------
21504 |Dialog:  <h2>WARNING:</h2><p>One or more I2C/SMBus interfaces failed to initialize.</p><p>RGB DRAM modules and some motherboards' onboard RGB lighting will not be available without I2C/SMBus.</p><p>On Linux, this is usually because the i2c-dev module is not loaded.  You must load the i2c-dev module along with the correct i2c driver for your motherboard.  This is usually i2c-piix4 for AMD systems and i2c-i801 for Intel systems.</p><p>See <a href='https://help.openrgb.org/'>help.openrgb.org</a> for additional troubleshooting steps if you keep seeing this message.<br></p>
20836 |Info:    Profile loading: Succeeded for MSI GeForce RTX 4070 12GB Gaming X Trio @ I2C: /dev/i2c-0, address 0x68
20836 |Info:    Profile loading: Succeeded for ASUS PRIME Z790-A WIFI @ HID: /dev/hidraw0
20836 |Info:    Profile loading: Succeeded for Candy companion chip @ HID: /dev/hidraw6 (Receiver) 
Wireless Index: 255
3039895|Info:    Profile loading: Succeeded for MSI GeForce RTX 4070 12GB Gaming X Trio @ I2C: /dev/i2c-0, address 0x68
3039895|Info:    Profile loading: Succeeded for ASUS PRIME Z790-A WIFI @ HID: /dev/hidraw0
3039895|Info:    Profile loading: Succeeded for Candy companion chip @ HID: /dev/hidraw6 (Receiver) 
Wireless Index: 255
