    OpenRGB v0.9
    Commit:  from 
    Launched: 20240219_000023
====================================================================================================

0     |Info:    Found file: Green.orp attempting to validate header
1     |Info:    Valid v4 profile found for Green
1     |Info:    Found file: Teal.orp attempting to validate header
1     |Info:    Valid v4 profile found for Teal
1     |Info:    Found file: Lavender.orp attempting to validate header
1     |Info:    Valid v4 profile found for Lavender
1004  |Info:    ------------------------------------------------------
1004  |Info:    |               Start device detection               |
1004  |Info:    ------------------------------------------------------
1004  |Info:    Initializing HID interfaces: Success
1007  |Info:    ------------------------------------------------------
1007  |Info:    |             Detecting I2C interfaces               |
1007  |Info:    ------------------------------------------------------
1007  |Info:    Registering I2C interface: /dev/i2c-3 Device 0000:0000 Subsystem: 0000:0000
1007  |Info:    Registering I2C interface: /dev/i2c-1 Device 0000:0000 Subsystem: 0000:0000
1007  |Info:    Registering I2C interface: /dev/i2c-8 Device 10DE:2786 Subsystem: 1462:5136
1007  |Info:    Registering I2C interface: /dev/i2c-6 Device 10DE:2786 Subsystem: 1462:5136
1007  |Info:    Registering I2C interface: /dev/i2c-4 Device 10DE:2786 Subsystem: 1462:5136
1007  |Info:    Registering I2C interface: /dev/i2c-2 Device 0000:0000 Subsystem: 0000:0000
1007  |Info:    Registering I2C interface: /dev/i2c-0 Device 8086:7A23 Subsystem: 1043:8882
1007  |Info:    Registering I2C interface: /dev/i2c-9 Device 10DE:2786 Subsystem: 1462:5136
1008  |Info:    Registering I2C interface: /dev/i2c-7 Device 10DE:2786 Subsystem: 1462:5136
1008  |Info:    Registering I2C interface: /dev/i2c-5 Device 10DE:2786 Subsystem: 1462:5136
1008  |Warning: [i2c_smbus_linux] Failed to read i2c device PCI device ID
1008  |Info:    Registering I2C interface: /dev/i2c-MSFT8000:00 Device 0000:0000 Subsystem: 0000:0000
1008  |Info:    ------------------------------------------------------
1008  |Info:    |               Detecting I2C devices                |
1008  |Info:    ------------------------------------------------------
1183  |Info:    [ENE DRAM] Registering RGB controller
1359  |Info:    [ENE DRAM] Registering RGB controller
8012  |Info:    ------------------------------------------------------
8012  |Info:    |               Detecting I2C PCI devices            |
8012  |Info:    ------------------------------------------------------
8012  |Info:    [MSI GeForce RTX 4070 12GB Gaming X Trio] Registering RGB controller
8012  |Info:    ------------------------------------------------------
8012  |Info:    |               Detecting HID devices                |
8012  |Info:    ------------------------------------------------------
8095  |Info:    [ASUS PRIME Z790-A WIFI] Registering RGB controller
8503  |Info:    [Candy companion chip] Registering RGB controller
8856  |Info:    Unable add this Logitech device: Not Connected
9209  |Info:    Unable add this Logitech device: Not Connected
9563  |Info:    Unable add this Logitech device: Not Connected
9916  |Info:    Unable add this Logitech device: Not Connected
10269 |Info:    Unable add this Logitech device: Not Connected
10622 |Info:    Unable add this Logitech device: Not Connected
10975 |Info:    Unable add this Logitech device: Not Connected
11328 |Info:    Unable add this Logitech device: Not Connected
11681 |Info:    Unable add this Logitech device: Not Connected
12034 |Info:    Unable add this Logitech device: Not Connected
12034 |Info:    ------------------------------------------------------
12034 |Info:    |            Detecting libusb HID devices            |
12034 |Info:    ------------------------------------------------------
12049 |Info:    ------------------------------------------------------
12049 |Info:    |              Detecting other devices               |
12049 |Info:    ------------------------------------------------------
12049 |Info:    ------------------------------------------------------
12049 |Info:    |                Detection completed                 |
12049 |Info:    ------------------------------------------------------
12049 |Dialog:  <h2>WARNING:</h2><p>One or more I2C/SMBus interfaces failed to initialize.</p><p>RGB DRAM modules and some motherboards' onboard RGB lighting will not be available without I2C/SMBus.</p><p>On Linux, this is usually because the i2c-dev module is not loaded.  You must load the i2c-dev module along with the correct i2c driver for your motherboard.  This is usually i2c-piix4 for AMD systems and i2c-i801 for Intel systems.</p><p>See <a href='https://help.openrgb.org/'>help.openrgb.org</a> for additional troubleshooting steps if you keep seeing this message.<br></p>
12049 |Info:    Profile loading: FAILED! for ENE DRAM @ I2C: /dev/i2c-0, address 0x71
12049 |Info:    Profile loading: FAILED! for ENE DRAM @ I2C: /dev/i2c-0, address 0x73
12049 |Info:    Profile loading: Succeeded for MSI GeForce RTX 4070 12GB Gaming X Trio @ I2C: /dev/i2c-4, address 0x68
12049 |Info:    Profile loading: Succeeded for ASUS PRIME Z790-A WIFI @ HID: /dev/hidraw0
12049 |Info:    Profile loading: Succeeded for Candy companion chip @ HID: /dev/hidraw6 (Receiver) 
Wireless Index: 255
24573328|Info:    Profile loading: FAILED! for ENE DRAM @ I2C: /dev/i2c-0, address 0x71
24573328|Info:    Profile loading: FAILED! for ENE DRAM @ I2C: /dev/i2c-0, address 0x73
24573328|Info:    Profile loading: Succeeded for MSI GeForce RTX 4070 12GB Gaming X Trio @ I2C: /dev/i2c-4, address 0x68
24573328|Info:    Profile loading: Succeeded for ASUS PRIME Z790-A WIFI @ HID: /dev/hidraw0
24573328|Info:    Profile loading: Succeeded for Candy companion chip @ HID: /dev/hidraw6 (Receiver) 
Wireless Index: 255
