    OpenRGB v0.9
    Commit:  from 
    Launched: 20240128_141210
====================================================================================================

0     |Info:    Found file: Green.orp attempting to validate header
0     |Info:    Valid v4 profile found for Green
0     |Info:    Found file: Teal.orp attempting to validate header
0     |Info:    Valid v4 profile found for Teal
0     |Info:    Found file: Lavender.orp attempting to validate header
0     |Info:    Valid v4 profile found for Lavender
1001  |Info:    ------------------------------------------------------
1001  |Info:    |               Start device detection               |
1001  |Info:    ------------------------------------------------------
1001  |Info:    Initializing HID interfaces: Success
1004  |Info:    ------------------------------------------------------
1004  |Info:    |             Detecting I2C interfaces               |
1004  |Info:    ------------------------------------------------------
1004  |Info:    Registering I2C interface: /dev/i2c-3 Device 0000:0000 Subsystem: 0000:0000
1004  |Info:    Registering I2C interface: /dev/i2c-1 Device 0000:0000 Subsystem: 0000:0000
1004  |Info:    Registering I2C interface: /dev/i2c-8 Device 10DE:2786 Subsystem: 1462:5136
1004  |Info:    Registering I2C interface: /dev/i2c-6 Device 10DE:2786 Subsystem: 1462:5136
1004  |Info:    Registering I2C interface: /dev/i2c-4 Device 10DE:2786 Subsystem: 1462:5136
1004  |Info:    Registering I2C interface: /dev/i2c-2 Device 0000:0000 Subsystem: 0000:0000
1004  |Info:    Registering I2C interface: /dev/i2c-0 Device 8086:7A23 Subsystem: 1043:8882
1004  |Info:    Registering I2C interface: /dev/i2c-9 Device 10DE:2786 Subsystem: 1462:5136
1004  |Info:    Registering I2C interface: /dev/i2c-7 Device 10DE:2786 Subsystem: 1462:5136
1004  |Info:    Registering I2C interface: /dev/i2c-5 Device 10DE:2786 Subsystem: 1462:5136
1004  |Warning: [i2c_smbus_linux] Failed to read i2c device PCI device ID
1004  |Info:    Registering I2C interface: /dev/i2c-MSFT8000:00 Device 0000:0000 Subsystem: 0000:0000
1004  |Info:    ------------------------------------------------------
1004  |Info:    |               Detecting I2C devices                |
1004  |Info:    ------------------------------------------------------
9586  |Info:    ------------------------------------------------------
9586  |Info:    |               Detecting I2C PCI devices            |
9586  |Info:    ------------------------------------------------------
9586  |Info:    [MSI GeForce RTX 4070 12GB Gaming X Trio] Registering RGB controller
9586  |Info:    ------------------------------------------------------
9586  |Info:    |               Detecting HID devices                |
9586  |Info:    ------------------------------------------------------
9609  |Info:    [ASUS PRIME Z790-A WIFI] Registering RGB controller
10005 |Info:    [Candy companion chip] Registering RGB controller
10358 |Info:    Unable add this Logitech device: Not Connected
10711 |Info:    Unable add this Logitech device: Not Connected
11065 |Info:    Unable add this Logitech device: Not Connected
11418 |Info:    Unable add this Logitech device: Not Connected
11771 |Info:    Unable add this Logitech device: Not Connected
12125 |Info:    Unable add this Logitech device: Not Connected
12478 |Info:    Unable add this Logitech device: Not Connected
12831 |Info:    Unable add this Logitech device: Not Connected
13184 |Info:    Unable add this Logitech device: Not Connected
13537 |Info:    Unable add this Logitech device: Not Connected
13537 |Info:    ------------------------------------------------------
13537 |Info:    |            Detecting libusb HID devices            |
13537 |Info:    ------------------------------------------------------
13555 |Info:    ------------------------------------------------------
13555 |Info:    |              Detecting other devices               |
13555 |Info:    ------------------------------------------------------
13555 |Info:    ------------------------------------------------------
13555 |Info:    |                Detection completed                 |
13555 |Info:    ------------------------------------------------------
13555 |Dialog:  <h2>WARNING:</h2><p>One or more I2C/SMBus interfaces failed to initialize.</p><p>RGB DRAM modules and some motherboards' onboard RGB lighting will not be available without I2C/SMBus.</p><p>On Linux, this is usually because the i2c-dev module is not loaded.  You must load the i2c-dev module along with the correct i2c driver for your motherboard.  This is usually i2c-piix4 for AMD systems and i2c-i801 for Intel systems.</p><p>See <a href='https://help.openrgb.org/'>help.openrgb.org</a> for additional troubleshooting steps if you keep seeing this message.<br></p>
