    OpenRGB v0.9
    Commit: 11a4eac71fdeb90356b4e68249723fc97af3d110 from 2023-07-10 05:52:54 -0500
    Launched: 20231204_212525
====================================================================================================

0     |Info:    Found file: Green.orp attempting to validate header
0     |Info:    Valid v4 profile found for Green
0     |Info:    Found file: Teal.orp attempting to validate header
0     |Info:    Valid v4 profile found for Teal
0     |Info:    Found file: Lavender.orp attempting to validate header
0     |Info:    Valid v4 profile found for Lavender
1001  |Info:    ------------------------------------------------------
1001  |Info:    |               Start device detection               |
1001  |Info:    ------------------------------------------------------
1001  |Info:    Initializing HID interfaces: Success
1005  |Info:    ------------------------------------------------------
1005  |Info:    |             Detecting I2C interfaces               |
1005  |Info:    ------------------------------------------------------
1005  |Info:    Registering I2C interface: /dev/i2c-3 Device 0000:0000 Subsystem: 0000:0000
1005  |Info:    Registering I2C interface: /dev/i2c-1 Device 0000:0000 Subsystem: 0000:0000
1005  |Info:    Registering I2C interface: /dev/i2c-8 Device 10DE:2786 Subsystem: 1462:5136
1005  |Info:    Registering I2C interface: /dev/i2c-6 Device 10DE:2786 Subsystem: 1462:5136
1005  |Info:    Registering I2C interface: /dev/i2c-4 Device 10DE:2786 Subsystem: 1462:5136
1005  |Info:    Registering I2C interface: /dev/i2c-2 Device 0000:0000 Subsystem: 0000:0000
1005  |Info:    Registering I2C interface: /dev/i2c-0 Device 8086:7A23 Subsystem: 1043:8882
1006  |Info:    Registering I2C interface: /dev/i2c-9 Device 10DE:2786 Subsystem: 1462:5136
1006  |Info:    Registering I2C interface: /dev/i2c-7 Device 10DE:2786 Subsystem: 1462:5136
1006  |Info:    Registering I2C interface: /dev/i2c-5 Device 10DE:2786 Subsystem: 1462:5136
1006  |Warning: [i2c_smbus_linux] Failed to read i2c device PCI device ID
1006  |Info:    Registering I2C interface: /dev/i2c-MSFT8000:00 Device 0000:0000 Subsystem: 0000:0000
1006  |Info:    ------------------------------------------------------
1006  |Info:    |               Detecting I2C devices                |
1006  |Info:    ------------------------------------------------------
7156  |Info:    ------------------------------------------------------
7156  |Info:    |               Detecting I2C PCI devices            |
7156  |Info:    ------------------------------------------------------
7156  |Info:    [MSI GeForce RTX 4070 12GB Gaming X Trio] Registering RGB controller
7157  |Info:    ------------------------------------------------------
7157  |Info:    |               Detecting HID devices                |
7157  |Info:    ------------------------------------------------------
7180  |Info:    [ASUS PRIME Z790-A WIFI] Registering RGB controller
7575  |Info:    [Candy companion chip] Registering RGB controller
7929  |Info:    Unable add this Logitech device: Not Connected
8282  |Info:    Unable add this Logitech device: Not Connected
8635  |Info:    Unable add this Logitech device: Not Connected
8988  |Info:    Unable add this Logitech device: Not Connected
9340  |Info:    Unable add this Logitech device: Not Connected
9693  |Info:    Unable add this Logitech device: Not Connected
10046 |Info:    Unable add this Logitech device: Not Connected
10399 |Info:    Unable add this Logitech device: Not Connected
10752 |Info:    Unable add this Logitech device: Not Connected
11105 |Info:    Unable add this Logitech device: Not Connected
11105 |Info:    ------------------------------------------------------
11105 |Info:    |            Detecting libusb HID devices            |
11105 |Info:    ------------------------------------------------------
11122 |Info:    ------------------------------------------------------
11123 |Info:    |              Detecting other devices               |
11123 |Info:    ------------------------------------------------------
11123 |Info:    ------------------------------------------------------
11123 |Info:    |                Detection completed                 |
11123 |Info:    ------------------------------------------------------
11123 |Dialog:  <h2>WARNING:</h2><p>One or more I2C/SMBus interfaces failed to initialize.</p><p>RGB DRAM modules and some motherboards' onboard RGB lighting will not be available without I2C/SMBus.</p><p>On Linux, this is usually because the i2c-dev module is not loaded.  You must load the i2c-dev module along with the correct i2c driver for your motherboard.  This is usually i2c-piix4 for AMD systems and i2c-i801 for Intel systems.</p><p>See <a href='https://help.openrgb.org/'>help.openrgb.org</a> for additional troubleshooting steps if you keep seeing this message.<br></p>
