    OpenRGB v0.9
    Commit:  from 
    Launched: 20240305_174637
====================================================================================================

1     |Info:    Found file: Green.orp attempting to validate header
1     |Info:    Valid v4 profile found for Green
1     |Info:    Found file: Teal.orp attempting to validate header
1     |Info:    Valid v4 profile found for Teal
1     |Info:    Found file: Lavender.orp attempting to validate header
1     |Info:    Valid v4 profile found for Lavender
1003  |Info:    ------------------------------------------------------
1003  |Info:    |               Start device detection               |
1003  |Info:    ------------------------------------------------------
1003  |Info:    Initializing HID interfaces: Success
1006  |Info:    ------------------------------------------------------
1006  |Info:    |             Detecting I2C interfaces               |
1006  |Info:    ------------------------------------------------------
1006  |Info:    Registering I2C interface: /dev/i2c-3 Device 0000:0000 Subsystem: 0000:0000
1006  |Info:    Registering I2C interface: /dev/i2c-1 Device 0000:0000 Subsystem: 0000:0000
1006  |Info:    Registering I2C interface: /dev/i2c-8 Device 10DE:2786 Subsystem: 1462:5136
1006  |Info:    Registering I2C interface: /dev/i2c-6 Device 10DE:2786 Subsystem: 1462:5136
1006  |Info:    Registering I2C interface: /dev/i2c-4 Device 10DE:2786 Subsystem: 1462:5136
1006  |Info:    Registering I2C interface: /dev/i2c-2 Device 0000:0000 Subsystem: 0000:0000
1006  |Info:    Registering I2C interface: /dev/i2c-0 Device 8086:7A23 Subsystem: 1043:8882
1006  |Info:    Registering I2C interface: /dev/i2c-9 Device 10DE:2786 Subsystem: 1462:5136
1006  |Info:    Registering I2C interface: /dev/i2c-7 Device 10DE:2786 Subsystem: 1462:5136
1006  |Info:    Registering I2C interface: /dev/i2c-5 Device 10DE:2786 Subsystem: 1462:5136
1006  |Warning: [i2c_smbus_linux] Failed to read i2c device PCI device ID
1006  |Info:    Registering I2C interface: /dev/i2c-MSFT8000:00 Device 0000:0000 Subsystem: 0000:0000
1006  |Info:    ------------------------------------------------------
1006  |Info:    |               Detecting I2C devices                |
1006  |Info:    ------------------------------------------------------
1182  |Info:    [ENE DRAM] Registering RGB controller
1357  |Info:    [ENE DRAM] Registering RGB controller
7529  |Info:    ------------------------------------------------------
7529  |Info:    |               Detecting I2C PCI devices            |
7529  |Info:    ------------------------------------------------------
7530  |Info:    [MSI GeForce RTX 4070 12GB Gaming X Trio] Registering RGB controller
7530  |Info:    ------------------------------------------------------
7530  |Info:    |               Detecting HID devices                |
7530  |Info:    ------------------------------------------------------
7607  |Info:    [ASUS PRIME Z790-A WIFI] Registering RGB controller
8010  |Info:    [Candy companion chip] Registering RGB controller
9602  |Info:    [G502 LIGHTSPEED Wireless Gaming Mouse] Registering RGB controller
9602  |Info:    ------------------------------------------------------
9602  |Info:    |            Detecting libusb HID devices            |
9602  |Info:    ------------------------------------------------------
9618  |Info:    ------------------------------------------------------
9618  |Info:    |              Detecting other devices               |
9618  |Info:    ------------------------------------------------------
9618  |Info:    ------------------------------------------------------
9618  |Info:    |                Detection completed                 |
9618  |Info:    ------------------------------------------------------
9618  |Dialog:  <h2>WARNING:</h2><p>One or more I2C/SMBus interfaces failed to initialize.</p><p>RGB DRAM modules and some motherboards' onboard RGB lighting will not be available without I2C/SMBus.</p><p>On Linux, this is usually because the i2c-dev module is not loaded.  You must load the i2c-dev module along with the correct i2c driver for your motherboard.  This is usually i2c-piix4 for AMD systems and i2c-i801 for Intel systems.</p><p>See <a href='https://help.openrgb.org/'>help.openrgb.org</a> for additional troubleshooting steps if you keep seeing this message.<br></p>
9618  |Info:    Profile loading: FAILED! for ENE DRAM @ I2C: /dev/i2c-0, address 0x71
9618  |Info:    Profile loading: FAILED! for ENE DRAM @ I2C: /dev/i2c-0, address 0x73
9618  |Info:    Profile loading: Succeeded for MSI GeForce RTX 4070 12GB Gaming X Trio @ I2C: /dev/i2c-4, address 0x68
9618  |Info:    Profile loading: Succeeded for ASUS PRIME Z790-A WIFI @ HID: /dev/hidraw0
9618  |Info:    Profile loading: Succeeded for Candy companion chip @ HID: /dev/hidraw6 (Receiver) 
Wireless Index: 255
9618  |Info:    Profile loading: Succeeded for G502 LIGHTSPEED Wireless Gaming Mouse @ HID: /dev/hidraw5 (Receiver) 
Wireless Index: 255
27256803|Info:    Profile loading: FAILED! for ENE DRAM @ I2C: /dev/i2c-0, address 0x71
27256803|Info:    Profile loading: FAILED! for ENE DRAM @ I2C: /dev/i2c-0, address 0x73
27256803|Info:    Profile loading: Succeeded for MSI GeForce RTX 4070 12GB Gaming X Trio @ I2C: /dev/i2c-4, address 0x68
27256803|Info:    Profile loading: Succeeded for ASUS PRIME Z790-A WIFI @ HID: /dev/hidraw0
27256803|Info:    Profile loading: Succeeded for Candy companion chip @ HID: /dev/hidraw6 (Receiver) 
Wireless Index: 255
27256803|Info:    Profile loading: Succeeded for G502 LIGHTSPEED Wireless Gaming Mouse @ HID: /dev/hidraw5 (Receiver) 
Wireless Index: 255
