    OpenRGB v0.9
    Commit:  from 
    Launched: 20240318_171336
====================================================================================================

0     |Info:    Found file: Green.orp attempting to validate header
0     |Info:    Valid v4 profile found for Green
0     |Info:    Found file: Teal.orp attempting to validate header
0     |Info:    Valid v4 profile found for Teal
0     |Info:    Found file: Lavender.orp attempting to validate header
0     |Info:    Valid v4 profile found for Lavender
1001  |Info:    ------------------------------------------------------
1001  |Info:    |               Start device detection               |
1001  |Info:    ------------------------------------------------------
1001  |Info:    Initializing HID interfaces: Success
1004  |Info:    ------------------------------------------------------
1004  |Info:    |             Detecting I2C interfaces               |
1004  |Info:    ------------------------------------------------------
1004  |Info:    Registering I2C interface: /dev/i2c-3 Device 0000:0000 Subsystem: 0000:0000
1004  |Info:    Registering I2C interface: /dev/i2c-1 Device 0000:0000 Subsystem: 0000:0000
1004  |Info:    Registering I2C interface: /dev/i2c-8 Device 10DE:2786 Subsystem: 1462:5136
1004  |Info:    Registering I2C interface: /dev/i2c-6 Device 10DE:2786 Subsystem: 1462:5136
1004  |Info:    Registering I2C interface: /dev/i2c-4 Device 10DE:2786 Subsystem: 1462:5136
1004  |Info:    Registering I2C interface: /dev/i2c-2 Device 0000:0000 Subsystem: 0000:0000
1004  |Info:    Registering I2C interface: /dev/i2c-0 Device 8086:7A23 Subsystem: 1043:8882
1004  |Info:    Registering I2C interface: /dev/i2c-9 Device 10DE:2786 Subsystem: 1462:5136
1004  |Info:    Registering I2C interface: /dev/i2c-7 Device 10DE:2786 Subsystem: 1462:5136
1004  |Info:    Registering I2C interface: /dev/i2c-5 Device 10DE:2786 Subsystem: 1462:5136
1004  |Warning: [i2c_smbus_linux] Failed to read i2c device PCI device ID
1004  |Info:    Registering I2C interface: /dev/i2c-MSFT8000:00 Device 0000:0000 Subsystem: 0000:0000
1004  |Info:    ------------------------------------------------------
1004  |Info:    |               Detecting I2C devices                |
1004  |Info:    ------------------------------------------------------
1345  |Info:    [ASUS Aura Motherboard] Registering RG187353|Info:    [ENE DRAM] Registering RGB controller
195305|Info:    ------------------------------------------------------
195305|Info:    |               Detecting I2C PCI devices            |
195305|Info:    ------------------------------------------------------
195306|Info:    [MSI GeForce RTX 4070 12GB Gaming X Trio] Registering RGB controller
195306|Info:    ------------------------------------------------------
195306|Info:    |               Detecting HID devices                |
195306|Info:    ------------------------------------------------------
195389|Info:    [ASUS PRIME Z790-A WIFI] Registering RGB controller
195791|Info:    [Candy companion chip] Registering RGB controller
196145|Info:    Unable add this Logitech device: Not Connected
196499|Info:    Unable add this Logitech device: Not Connected
196854|Info:    Unable add this Logitech device: Not Connected
197207|Info:    Unable add this Logitech device: Not Connected
197559|Info:    Unable add this Logitech device: Not Connected
197912|Info:    Unable add this Logitech device: Not Connected
198265|Info:    Unable add this Logitech device: Not Connected
198618|Info:    Unable add this Logitech device: Not Connected
198971|Info:    Unable add this Logitech device: Not Connected
199324|Info:    Unable add this Logitech device: Not Connected
199325|Info:    ------------------------------------------------------
199325|Info:    |            Detecting libusb HID devices            |
199325|Info:    ------------------------------------------------------
199345|Info:    ------------------------------------------------------
199345|Info:    |              Detecting other devices               |
199345|Info:    ------------------------------------------------------
199345|Info:    ------------------------------------------------------
199345|Info:    |                Detection completed                 |
199345|Info:    ------------------------------------------------------
199345|Dialog:  <h2>WARNING:</h2><p>One or more I2C/SMBus interfaces failed to initialize.</p><p>RGB DRAM modules and some motherboards' onboard RGB lighting will not be available without I2C/SMBus.</p><p>On Linux, this is usually because the i2c-dev module is not loaded.  You must load the i2c-dev module along with the correct i2c driver for your motherboard.  This is usually i2c-piix4 for AMD systems and i2c-i801 for Intel systems.</p><p>See <a href='https://help.openrgb.org/'>help.openrgb.org</a> for additional troubleshooting steps if you keep seeing this message.<br></p>
199345|Info:    Profile loading: FAILED! for ENE DRAM @ I2C: /dev/i2c-0, address 0x71
199345|Info:    Profile loading: FAILED! for ENE DRAM @ I2C: /dev/i2c-0, address 0x73
199345|Info:    Profile loading: Succeeded for MSI GeForce RTX 4070 12GB Gaming X Trio @ I2C: /dev/i2c-4, address 0x68
199345|Info:    Profile loading: Succeeded for ASUS PRIME Z790-A WIFI @ HID: /dev/hidraw0
199345|Info:    Profile loading: Succeeded for Candy companion chip @ HID: /dev/hidraw6 (Receiver) 
Wireless Index: 255
25012130|Info:    Profile loading: FAILED! for ENE DRAM @ I2C: /dev/i2c-0, address 0x71
25012130|Info:    Profile loading: FAILED! for ENE DRAM @ I2C: /dev/i2c-0, address 0x73
25012130|Info:    Profile loading: Succeeded for MSI GeForce RTX 4070 12GB Gaming X Trio @ I2C: /dev/i2c-4, address 0x68
25012130|Info:    Profile loading: Succeeded for ASUS PRIME Z790-A WIFI @ HID: /dev/hidraw0
25012130|Info:    Profile loading: Succeeded for Candy companion chip @ HID: /dev/hidraw6 (Receiver) 
Wireless Index: 255
