    OpenRGB v0.9
    Commit:  from 
    Launched: 20240515_205925
====================================================================================================

1     |Info:    Found file: Green.orp attempting to validate header
1     |Info:    Valid v4 profile found for Green
1     |Info:    Found file: Teal.orp attempting to validate header
1     |Info:    Valid v4 profile found for Teal
1     |Info:    Found file: Lavender.orp attempting to validate header
1     |Info:    Valid v4 profile found for Lavender
1003  |Info:    ------------------------------------------------------
1003  |Info:    |               Start device detection               |
1003  |Info:    ------------------------------------------------------
1003  |Info:    Initializing HID interfaces: Success
1005  |Info:    ------------------------------------------------------
1005  |Info:    |             Detecting I2C interfaces               |
1005  |Info:    ------------------------------------------------------
1006  |Info:    Registering I2C interface: /dev/i2c-3 Device 0000:0000 Subsystem: 0000:0000
1006  |Warning: [i2c_smbus_linux] Failed to read i2c device PCI device ID
1006  |Info:    Registering I2C interface: /dev/i2c-10 Device 0000:0000 Subsystem: 0000:0000
1006  |Info:    Registering I2C interface: /dev/i2c-1 Device 0000:0000 Subsystem: 0000:0000
1006  |Info:    Registering I2C interface: /dev/i2c-8 Device 1002:744C Subsystem: 1DA2:E475
1006  |Info:    Registering I2C interface: /dev/i2c-6 Device 1002:744C Subsystem: 1DA2:E475
1006  |Info:    Registering I2C interface: /dev/i2c-4 Device 1002:744C Subsystem: 1DA2:E475
1006  |Warning: [i2c_smbus_linux] Failed to read i2c device PCI device ID
1006  |Info:    Registering I2C interface: /dev/i2c-11 Device 0000:0000 Subsystem: 0000:0000
1006  |Info:    Registering I2C interface: /dev/i2c-2 Device 0000:0000 Subsystem: 0000:0000
1006  |Info:    Registering I2C interface: /dev/i2c-0 Device 8086:7A23 Subsystem: 1043:8882
1006  |Info:    Registering I2C interface: /dev/i2c-9 Device 1002:744C Subsystem: 1DA2:E475
1006  |Info:    Registering I2C interface: /dev/i2c-7 Device 1002:744C Subsystem: 1DA2:E475
1006  |Info:    Registering I2C interface: /dev/i2c-5 Device 1002:744C Subsystem: 1DA2:E475
1006  |Warning: [i2c_smbus_linux] Failed to read i2c device PCI device ID
1007  |Info:    Registering I2C interface: /dev/i2c-MSFT8000:00 Device 0000:0000 Subsystem: 0000:0000
1007  |Info:    ------------------------------------------------------
1007  |Info:    |               Detecting I2C devices                |
1007  |Info:    ------------------------------------------------------
1180  |Info:    [ENE DRAM] Registering RGB controller
1353  |Info:    [ENE DRAM] Registering RGB controller
7560  |Info:    ------------------------------------------------------
7560  |Info:    |               Detecting I2C PCI devices            |
7560  |Info:    ------------------------------------------------------
7561  |Info:    ------------------------------------------------------
7561  |Info:    |               Detecting HID devices                |
7561  |Info:    ------------------------------------------------------
7640  |Info:    [ASUS PRIME Z790-A WIFI] Registering RGB controller
8036  |Info:    [Candy companion chip] Registering RGB controller
8036  |Info:    ------------------------------------------------------
8036  |Info:    |            Detecting libusb HID devices            |
8036  |Info:    ------------------------------------------------------
8047  |Info:    ------------------------------------------------------
8047  |Info:    |              Detecting other devices               |
8047  |Info:    ------------------------------------------------------
8047  |Info:    ------------------------------------------------------
8047  |Info:    |                Detection completed                 |
8047  |Info:    ------------------------------------------------------
8047  |Dialog:  <h2>WARNING:</h2><p>One or more I2C/SMBus interfaces failed to initialize.</p><p>RGB DRAM modules and some motherboards' onboard RGB lighting will not be available without I2C/SMBus.</p><p>On Linux, this is usually because the i2c-dev module is not loaded.  You must load the i2c-dev module along with the correct i2c driver for your motherboard.  This is usually i2c-piix4 for AMD systems and i2c-i801 for Intel systems.</p><p>See <a href='https://help.openrgb.org/'>help.openrgb.org</a> for additional troubleshooting steps if you keep seeing this message.<br></p>
2570156|Info:    Profile loading: FAILED! for ENE DRAM @ I2C: /dev/i2c-0, address 0x71
2570156|Info:    Profile loading: FAILED! for ENE DRAM @ I2C: /dev/i2c-0, address 0x73
2570156|Info:    Profile loading: Succeeded for ASUS PRIME Z790-A WIFI @ HID: /dev/hidraw0
2570156|Info:    Profile loading: Succeeded for Candy companion chip @ HID: /dev/hidraw7 (Receiver) 
Wireless Index: 255
2572357|Info:    ------------------------------------------------------
2572357|Info:    |               Start device detection               |
2572357|Info:    ------------------------------------------------------
2572357|Info:    Initializing HID interfaces: Success
2572359|Info:    ------------------------------------------------------
2572359|Info:    |             Detecting I2C interfaces               |
2572359|Info:    ------------------------------------------------------
2572359|Info:    Registering I2C interface: /dev/i2c-3 Device 0000:0000 Subsystem: 0000:0000
2572359|Warning: [i2c_smbus_linux] Failed to read i2c device PCI device ID
2572359|Info:    Registering I2C interface: /dev/i2c-10 Device 0000:0000 Subsystem: 0000:0000
2572359|Info:    Registering I2C interface: /dev/i2c-1 Device 0000:0000 Subsystem: 0000:0000
2572359|Info:    Registering I2C interface: /dev/i2c-8 Device 1002:744C Subsystem: 1DA2:E475
2572359|Info:    Registering I2C interface: /dev/i2c-6 Device 1002:744C Subsystem: 1DA2:E475
2572359|Info:    Registering I2C interface: /dev/i2c-4 Device 1002:744C Subsystem: 1DA2:E475
2572359|Warning: [i2c_smbus_linux] Failed to read i2c device PCI device ID
2572359|Info:    Registering I2C interface: /dev/i2c-11 Device 0000:0000 Subsystem: 0000:0000
2572359|Info:    Registering I2C interface: /dev/i2c-2 Device 0000:0000 Subsystem: 0000:0000
2572359|Info:    Registering I2C interface: /dev/i2c-0 Device 8086:7A23 Subsystem: 1043:8882
2572359|Info:    Registering I2C interface: /dev/i2c-9 Device 1002:744C Subsystem: 1DA2:E475
2572359|Info:    Registering I2C interface: /dev/i2c-7 Device 1002:744C Subsystem: 1DA2:E475
2572359|Info:    Registering I2C interface: /dev/i2c-5 Device 1002:744C Subsystem: 1DA2:E475
2572359|Warning: [i2c_smbus_linux] Failed to read i2c device PCI device ID
2572359|Info:    Registering I2C interface: /dev/i2c-MSFT8000:00 Device 0000:0000 Subsystem: 0000:0000
2572359|Info:    ------------------------------------------------------
2572359|Info:    |               Detecting I2C devices                |
2572359|Info:    ------------------------------------------------------
2580206|Info:    ------------------------------------------------------
2580206|Info:    |               Detecting I2C PCI devices            |
2580206|Info:    ------------------------------------------------------
2580207|Info:    ------------------------------------------------------
2580207|Info:    |               Detecting HID devices                |
2580207|Info:    ------------------------------------------------------
2580289|Info:    [ASUS PRIME Z790-A WIFI] Registering RGB controller
2580699|Info:    [Candy companion chip] Registering RGB controller
2580699|Info:    ------------------------------------------------------
2580699|Info:    |            Detecting libusb HID devices            |
2580699|Info:    ------------------------------------------------------
2580707|Info:    ------------------------------------------------------
2580707|Info:    |              Detecting other devices               |
2580707|Info:    ------------------------------------------------------
2580707|Info:    ------------------------------------------------------
2580707|Info:    |                Detection completed                 |
2580707|Info:    ------------------------------------------------------
2580707|Dialog:  <h2>WARNING:</h2><p>One or more I2C/SMBus interfaces failed to initialize.</p><p>RGB DRAM modules and some motherboards' onboard RGB lighting will not be available without I2C/SMBus.</p><p>On Linux, this is usually because the i2c-dev module is not loaded.  You must load the i2c-dev module along with the correct i2c driver for your motherboard.  This is usually i2c-piix4 for AMD systems and i2c-i801 for Intel systems.</p><p>See <a href='https://help.openrgb.org/'>help.openrgb.org</a> for additional troubleshooting steps if you keep seeing this message.<br></p>
