    OpenRGB v0.9
    Commit:  from 
    Launched: 20240210_194006
====================================================================================================

0     |Info:    Found file: Green.orp attempting to validate header
0     |Info:    Valid v4 profile found for Green
0     |Info:    Found file: Teal.orp attempting to validate header
1     |Info:    Valid v4 profile found for Teal
1     |Info:    Found file: Lavender.orp attempting to validate header
1     |Info:    Valid v4 profile found for Lavender
1004  |Info:    ------------------------------------------------------
1004  |Info:    |               Start device detection               |
1004  |Info:    ------------------------------------------------------
1004  |Info:    Initializing HID interfaces: Success
1006  |Info:    ------------------------------------------------------
1006  |Info:    |             Detecting I2C interfaces               |
1006  |Info:    ------------------------------------------------------
1006  |Info:    Registering I2C interface: /dev/i2c-3 Device 0000:0000 Subsystem: 0000:0000
1006  |Info:    Registering I2C interface: /dev/i2c-1 Device 0000:0000 Subsystem: 0000:0000
1006  |Info:    Registering I2C interface: /dev/i2c-8 Device 10DE:2786 Subsystem: 1462:5136
1007  |Info:    Registering I2C interface: /dev/i2c-6 Device 10DE:2786 Subsystem: 1462:5136
1007  |Info:    Registering I2C interface: /dev/i2c-4 Device 10DE:2786 Subsystem: 1462:5136
1007  |Info:    Registering I2C interface: /dev/i2c-2 Device 0000:0000 Subsystem: 0000:0000
1007  |Info:    Registering I2C interface: /dev/i2c-0 Device 8086:7A23 Subsystem: 1043:8882
1007  |Info:    Registering I2C interface: /dev/i2c-9 Device 10DE:2786 Subsystem: 1462:5136
1007  |Info:    Registering I2C interface: /dev/i2c-7 Device 10DE:2786 Subsystem: 1462:5136
1007  |Info:    Registering I2C interface: /dev/i2c-5 Device 10DE:2786 Subsystem: 1462:5136
1007  |Warning: [i2c_smbus_linux] Failed to read i2c device PCI device ID
1007  |Info:    Registering I2C interface: /dev/i2c-MSFT8000:00 Device 0000:0000 Subsystem: 0000:0000
1007  |Info:    ------------------------------------------------------
1007  |Info:    |               Detecting I2C devices                |
1007  |Info:    ------------------------------------------------------
1181  |Info:    [ENE DRAM] Registering RGB controller
1354  |Info:    [ENE DRAM] Registering RGB controller
7542  |Info:    ------------------------------------------------------
7542  |Info:    |               Detecting I2C PCI devices            |
7542  |Info:    ------------------------------------------------------
7542  |Info:    [MSI GeForce RTX 4070 12GB Gaming X Trio] Registering RGB controller
7542  |Info:    ------------------------------------------------------
7542  |Info:    |               Detecting HID devices                |
7542  |Info:    ------------------------------------------------------
7620  |Info:    [ASUS PRIME Z790-A WIFI] Registering RGB controller
8014  |Info:    [Candy companion chip] Registering RGB controller
8366  |Info:    Unable add this Logitech device: Not Connected
8719  |Info:    Unable add this Logitech device: Not Connected
9073  |Info:    Unable add this Logitech device: Not Connected
9424  |Info:    Unable add this Logitech device: Not Connected
9777  |Info:    Unable add this Logitech device: Not Connected
10131 |Info:    Unable add this Logitech device: Not Connected
10483 |Info:    Unable add this Logitech device: Not Connected
10837 |Info:    Unable add this Logitech device: Not Connected
11190 |Info:    Unable add this Logitech device: Not Connected
11543 |Info:    Unable add this Logitech device: Not Connected
11543 |Info:    ------------------------------------------------------
11543 |Info:    |            Detecting libusb HID devices            |
11543 |Info:    ------------------------------------------------------
11560 |Info:    ------------------------------------------------------
11560 |Info:    |              Detecting other devices               |
11560 |Info:    ------------------------------------------------------
11560 |Info:    ------------------------------------------------------
11560 |Info:    |                Detection completed                 |
11560 |Info:    ------------------------------------------------------
11560 |Dialog:  <h2>WARNING:</h2><p>One or more I2C/SMBus interfaces failed to initialize.</p><p>RGB DRAM modules and some motherboards' onboard RGB lighting will not be available without I2C/SMBus.</p><p>On Linux, this is usually because the i2c-dev module is not loaded.  You must load the i2c-dev module along with the correct i2c driver for your motherboard.  This is usually i2c-piix4 for AMD systems and i2c-i801 for Intel systems.</p><p>See <a href='https://help.openrgb.org/'>help.openrgb.org</a> for additional troubleshooting steps if you keep seeing this message.<br></p>
11560 |Info:    Profile loading: FAILED! for ENE DRAM @ I2C: /dev/i2c-0, address 0x71
11560 |Info:    Profile loading: FAILED! for ENE DRAM @ I2C: /dev/i2c-0, address 0x73
11560 |Info:    Profile loading: Succeeded for MSI GeForce RTX 4070 12GB Gaming X Trio @ I2C: /dev/i2c-4, address 0x68
11560 |Info:    Profile loading: Succeeded for ASUS PRIME Z790-A WIFI @ HID: /dev/hidraw0
11560 |Info:    Profile loading: Succeeded for Candy companion chip @ HID: /dev/hidraw7 (Receiver) 
Wireless Index: 255
27130184|Info:    Profile loading: FAILED! for ENE DRAM @ I2C: /dev/i2c-0, address 0x71
27130184|Info:    Profile loading: FAILED! for ENE DRAM @ I2C: /dev/i2c-0, address 0x73
27130185|Info:    Profile loading: Succeeded for MSI GeForce RTX 4070 12GB Gaming X Trio @ I2C: /dev/i2c-4, address 0x68
27130185|Info:    Profile loading: Succeeded for ASUS PRIME Z790-A WIFI @ HID: /dev/hidraw0
27130185|Info:    Profile loading: Succeeded for Candy companion chip @ HID: /dev/hidraw7 (Receiver) 
Wireless Index: 255
