    OpenRGB v0.9
    Commit:  from 
    Launched: 20240312_213648
====================================================================================================

0     |Info:    Found file: Green.orp attempting to validate header
0     |Info:    Valid v4 profile found for Green
0     |Info:    Found file: Teal.orp attempting to validate header
0     |Info:    Valid v4 profile found for Teal
0     |Info:    Found file: Lavender.orp attempting to validate header
0     |Info:    Valid v4 profile found for Lavender
1001  |Info:    ------------------------------------------------------
1001  |Info:    |               Start device detection               |
1001  |Info:    ------------------------------------------------------
1001  |Info:    Initializing HID interfaces: Success
1005  |Info:    ------------------------------------------------------
1005  |Info:    |             Detecting I2C interfaces               |
1005  |Info:    ------------------------------------------------------
1005  |Info:    Registering I2C interface: /dev/i2c-3 Device 0000:0000 Subsystem: 0000:0000
1005  |Info:    Registering I2C interface: /dev/i2c-1 Device 0000:0000 Subsystem: 0000:0000
1005  |Info:    Registering I2C interface: /dev/i2c-8 Device 10DE:2786 Subsystem: 1462:5136
1005  |Info:    Registering I2C interface: /dev/i2c-6 Device 10DE:2786 Subsystem: 1462:5136
1005  |Info:    Registering I2C interface: /dev/i2c-4 Device 10DE:2786 Subsystem: 1462:5136
1005  |Info:    Registering I2C interface: /dev/i2c-2 Device 0000:0000 Subsystem: 0000:0000
1005  |Info:    Registering I2C interface: /dev/i2c-0 Device 8086:7A23 Subsystem: 1043:8882
1005  |Info:    Registering I2C interface: /dev/i2c-9 Device 10DE:2786 Subsystem: 1462:5136
1005  |Info:    Registering I2C interface: /dev/i2c-7 Device 10DE:2786 Subsystem: 1462:5136
1005  |Info:    Registering I2C interface: /dev/i2c-5 Device 10DE:2786 Subsystem: 1462:5136
1005  |Warning: [i2c_smbus_linux] Failed to read i2c device PCI device ID
1006  |Info:    Registering I2C interface: /dev/i2c-MSFT8000:00 Device 0000:0000 Subsystem: 0000:0000
1006  |Info:    ------------------------------------------------------
1006  |Info:    |               Detecting I2C devices                |
1006  |Info:    ------------------------------------------------------
17220 |Info:    ------------------------------------------------------
17220 |Info:    |               Detecting I2C PCI devices            |
17220 |Info:    ------------------------------------------------------
17220 |Info:    [MSI GeForce RTX 4070 12GB Gaming X Trio] Registering RGB controller
17220 |Info:    ------------------------------------------------------
17220 |Info:    |               Detecting HID devices                |
17220 |Info:    ------------------------------------------------------
17248 |Info:    [ASUS PRIME Z790-A WIFI] Registering RGB controller
17651 |Info:    [Candy companion chip] Registering RGB controller
18004 |Info:    Unable add this Logitech device: Not Connected
18359 |Info:    Unable add this Logitech device: Not Connected
18713 |Info:    Unable add this Logitech device: Not Connected
19068 |Info:    Unable add this Logitech device: Not Connected
19422 |Info:    Unable add this Logitech device: Not Connected
19776 |Info:    Unable add this Logitech device: Not Connected
20130 |Info:    Unable add this Logitech device: Not Connected
20484 |Info:    Unable add this Logitech device: Not Connected
20837 |Info:    Unable add this Logitech device: Not Connected
21190 |Info:    Unable add this Logitech device: Not Connected
21190 |Info:    ------------------------------------------------------
21190 |Info:    |            Detecting libusb HID devices            |
21190 |Info:    ------------------------------------------------------
21204 |Info:    ------------------------------------------------------
21204 |Info:    |              Detecting other devices               |
21204 |Info:    ------------------------------------------------------
21204 |Info:    ------------------------------------------------------
21204 |Info:    |                Detection completed                 |
21204 |Info:    ------------------------------------------------------
21204 |Dialog:  <h2>WARNING:</h2><p>One or more I2C/SMBus interfaces failed to initialize.</p><p>RGB DRAM modules and some motherboards' onboard RGB lighting will not be available without I2C/SMBus.</p><p>On Linux, this is usually because the i2c-dev module is not loaded.  You must load the i2c-dev module along with the correct i2c driver for your motherboard.  This is usually i2c-piix4 for AMD systems and i2c-i801 for Intel systems.</p><p>See <a href='https://help.openrgb.org/'>help.openrgb.org</a> for additional troubleshooting steps if you keep seeing this message.<br></p>
20584 |Info:    Profile loading: Succeeded for MSI GeForce RTX 4070 12GB Gaming X Trio @ I2C: /dev/i2c-4, address 0x68
20584 |Info:    Profile loading: Succeeded for ASUS PRIME Z790-A WIFI @ HID: /dev/hidraw0
20584 |Info:    Profile loading: Succeeded for Candy companion chip @ HID: /dev/hidraw15 (Receiver) 
Wireless Index: 255
37520 |Info:    Profile loading: Succeeded for MSI GeForce RTX 4070 12GB Gaming X Trio @ I2C: /dev/i2c-4, address 0x68
37520 |Info:    Profile loading: Succeeded for ASUS PRIME Z790-A WIFI @ HID: /dev/hidraw0
37520 |Info:    Profile loading: Succeeded for Candy companion chip @ HID: /dev/hidraw15 (Receiver) 
Wireless Index: 255
