    OpenRGB v0.9
    Commit:  from 
    Launched: 20240210_194013
====================================================================================================

0     |Info:    Found file: Green.orp attempting to validate header
0     |Info:    Valid v4 profile found for Green
0     |Info:    Found file: Teal.orp attempting to validate header
0     |Info:    Valid v4 profile found for Teal
0     |Info:    Found file: Lavender.orp attempting to validate header
0     |Info:    Valid v4 profile found for Lavender
1001  |Info:    ------------------------------------------------------
1001  |Info:    |               Start device detection               |
1001  |Info:    ------------------------------------------------------
1001  |Info:    Initializing HID interfaces: Success
1005  |Info:    ------------------------------------------------------
1005  |Info:    |             Detecting I2C interfaces               |
1005  |Info:    ------------------------------------------------------
1005  |Info:    Registering I2C interface: /dev/i2c-3 Device 0000:0000 Subsystem: 0000:0000
1005  |Info:    Registering I2C interface: /dev/i2c-1 Device 0000:0000 Subsystem: 0000:0000
1005  |Info:    Registering I2C interface: /dev/i2c-8 Device 10DE:2786 Subsystem: 1462:5136
1005  |Info:    Registering I2C interface: /dev/i2c-6 Device 10DE:2786 Subsystem: 1462:5136
1005  |Info:    Registering I2C interface: /dev/i2c-4 Device 10DE:2786 Subsystem: 1462:5136
1005  |Info:    Registering I2C interface: /dev/i2c-2 Device 0000:0000 Subsystem: 0000:0000
1005  |Info:    Registering I2C interface: /dev/i2c-0 Device 8086:7A23 Subsystem: 1043:8882
1005  |Info:    Registering I2C interface: /dev/i2c-9 Device 10DE:2786 Subsystem: 1462:5136
1005  |Info:    Registering I2C interface: /dev/i2c-7 Device 10DE:2786 Subsystem: 1462:5136
1005  |Info:    Registering I2C interface: /dev/i2c-5 Device 10DE:2786 Subsystem: 1462:5136
1005  |Warning: [i2c_smbus_linux] Failed to read i2c device PCI device ID
1006  |Info:    Registering I2C interface: /dev/i2c-MSFT8000:00 Device 0000:0000 Subsystem: 0000:0000
1006  |Info:    ------------------------------------------------------
1006  |Info:    |               Detecting I2C devices                |
1006  |Info:    ------------------------------------------------------
8830  |Info:    ------------------------------------------------------
8830  |Info:    |               Detecting I2C PCI devices            |
8830  |Info:    ------------------------------------------------------
8830  |Info:    [MSI GeForce RTX 4070 12GB Gaming X Trio] Registering RGB controller
8831  |Info:    ------------------------------------------------------
8831  |Info:    |               Detecting HID devices                |
8831  |Info:    ------------------------------------------------------
8852  |Info:    [ASUS PRIME Z790-A WIFI] Registering RGB controller
9259  |Info:    [Candy companion chip] Registering RGB controller
9612  |Info:    Unable add this Logitech device: Not Connected
9965  |Info:    Unable add this Logitech device: Not Connected
10318 |Info:    Unable add this Logitech device: Not Connected
10671 |Info:    Unable add this Logitech device: Not Connected
11024 |Info:    Unable add this Logitech device: Not Connected
11377 |Info:    Unable add this Logitech device: Not Connected
11731 |Info:    Unable add this Logitech device: Not Connected
12084 |Info:    Unable add this Logitech device: Not Connected
12437 |Info:    Unable add this Logitech device: Not Connected
12790 |Info:    Unable add this Logitech device: Not Connected
12790 |Info:    ------------------------------------------------------
12790 |Info:    |            Detecting libusb HID devices            |
12790 |Info:    ------------------------------------------------------
12804 |Info:    ------------------------------------------------------
12804 |Info:    |              Detecting other devices               |
12804 |Info:    ------------------------------------------------------
12804 |Info:    ------------------------------------------------------
12804 |Info:    |                Detection completed                 |
12804 |Info:    ------------------------------------------------------
12804 |Dialog:  <h2>WARNING:</h2><p>One or more I2C/SMBus interfaces failed to initialize.</p><p>RGB DRAM modules and some motherboards' onboard RGB lighting will not be available without I2C/SMBus.</p><p>On Linux, this is usually because the i2c-dev module is not loaded.  You must load the i2c-dev module along with the correct i2c driver for your motherboard.  This is usually i2c-piix4 for AMD systems and i2c-i801 for Intel systems.</p><p>See <a href='https://help.openrgb.org/'>help.openrgb.org</a> for additional troubleshooting steps if you keep seeing this message.<br></p>
